2023-03-23 17:12:06,646 INFO:main.py:240:print_splash_screen:PDB2PQR v3.6.1: biomolecular structure conversion software.
2023-03-23 17:12:06,646 INFO:main.py:242:print_splash_screen:Please cite:  Jurrus E, et al.  Improvements to the APBS biomolecular solvation software suite.  Protein Sci 27 112-128 (2018).
2023-03-23 17:12:06,646 INFO:main.py:242:print_splash_screen:Please cite:  Dolinsky TJ, et al.  PDB2PQR: expanding and upgrading automated preparation of biomolecular structures for molecular simulations. Nucleic Acids Res 35 W522-W525 (2007).
2023-03-23 17:12:06,646 INFO:main.py:759:main_driver:Checking and transforming input arguments.
2023-03-23 17:12:06,647 INFO:main.py:763:main_driver:Loading topology files.
2023-03-23 17:12:06,686 INFO:main.py:765:main_driver:Loading molecule: 3RFM.pdb
2023-03-23 17:12:06,686 ERROR:pdb.py:2584:read_pdb:Error parsing line: invalid literal for int() with base 10: ''
2023-03-23 17:12:06,686 ERROR:pdb.py:2585:read_pdb:<SHEET    1       CYS A  71  ALA A  72                  Generated by MOE>
2023-03-23 17:12:06,686 ERROR:pdb.py:2586:read_pdb:Truncating remaining errors for record type:SHEET
2023-03-23 17:12:06,708 WARNING:io.py:467:get_molecule:Warning: 3RFM.pdb is a non-standard PDB file.

2023-03-23 17:12:06,708 ERROR:io.py:468:get_molecule:['SHEET']
2023-03-23 17:12:06,708 INFO:main.py:770:main_driver:Setting up molecule.
2023-03-23 17:12:06,730 INFO:main.py:408:setup_molecule:Created biomolecule object with 299 residues and 4693 atoms.
2023-03-23 17:12:06,730 INFO:main.py:774:main_driver:Setting termini states for biomolecule chains.
2023-03-23 17:12:06,737 INFO:main.py:604:non_trivial:Loading forcefield.
2023-03-23 17:12:06,742 INFO:main.py:608:non_trivial:Loading hydrogen topology definitions.
2023-03-23 17:12:06,745 WARNING:biomolecule.py:157:num_missing_heavy:Missing atom OXT in residue SER A 305
2023-03-23 17:12:06,745 WARNING:biomolecule.py:157:num_missing_heavy:Missing atom OXT in residue SER A 305
2023-03-23 17:12:06,745 INFO:main.py:618:non_trivial:Attempting to repair 1 missing atoms in biomolecule.
2023-03-23 17:12:06,746 WARNING:biomolecule.py:157:num_missing_heavy:Missing atom OXT in residue SER A 305
2023-03-23 17:12:06,747 WARNING:biomolecule.py:1024:repair_heavy:Extra atom HC in SER A 305! - 
2023-03-23 17:12:06,748 WARNING:biomolecule.py:1026:repair_heavy:Deleted this atom.
2023-03-23 17:12:06,748 INFO:biomolecule.py:1077:repair_heavy:Added atom OXT to residue SER A 305 at coordinates 42.188, -39.241, -49.057
2023-03-23 17:12:06,748 INFO:main.py:623:non_trivial:Updating disulfide bridges.
2023-03-23 17:12:06,749 INFO:main.py:626:non_trivial:Debumping biomolecule.
2023-03-23 17:12:06,817 INFO:main.py:633:non_trivial:Assigning titration states with PROPKA.
2023-03-23 17:12:06,830 INFO:output.py:61:print_header:
propka3.5.0                                                                                  2023-03-23

-------------------------------------------------------------------------------
--                                                                           --
--  PROPKA: A PROTEIN PKA PREDICTOR                                          --
--                                                                           --
--  VERSION 1.0,  04/25/2004,  IOWA CITY                                     --
--  BY HUI LI                                                                --
--                                                                           --
--  VERSION 2.0,  11/05/2007, IOWA CITY/COPENHAGEN                           --
--  BY DELPHINE C. BAS AND DAVID M. ROGERS                                   --
--                                                                           --
--  VERSION 3.0,  01/06/2011, COPENHAGEN                                     --
--  BY MATS H.M. OLSSON AND CHRESTEN R. SONDERGARD                           --
--                                                                           --
--  VERSION 3.1,  07/01/2011, COPENHAGEN                                     --
--  BY CHRESTEN R. SONDERGARD AND MATS H.M. OLSSON                           --
--                                                                           --
--  VERSION 3.2,  06/17/2020, PLANET EARTH                                   --
--  SEE ABOVE FOR AUTHORS                                                    --
--                                                                           --
-------------------------------------------------------------------------------


-------------------------------------------------------------------------------
References:

Very Fast Empirical Prediction and Rationalization of Protein pKa Values.
Hui Li, Andrew D. Robertson and Jan H. Jensen. PROTEINS: Structure, Function,
and Bioinformatics. 61:704-721 (2005)

Very Fast Prediction and Rationalization of pKa Values for Protein-Ligand
Complexes.  Delphine C. Bas, David M. Rogers and Jan H. Jensen.  PROTEINS:
Structure, Function, and Bioinformatics 73:765-783 (2008)

PROPKA3: Consistent Treatment of Internal and Surface Residues in Empirical
pKa predictions.  Mats H.M. Olsson, Chresten R. Sondergard, Michal Rostkowski,
and Jan H. Jensen.  Journal of Chemical Theory and Computation, 7(2):525-537
(2011)

Improved Treatment of Ligands and Coupling Effects in Empirical Calculation
and Rationalization of pKa Values.  Chresten R. Sondergaard, Mats H.M. Olsson,
Michal Rostkowski, and Jan H. Jensen.  Journal of Chemical Theory and
Computation, (2011)
-------------------------------------------------------------------------------



2023-03-23 17:12:06,903 INFO:conformation_container.py:109:find_covalently_coupled_groups:Coupling map:

2023-03-23 17:12:06,903 INFO:conformation_container.py:195:calculate_pka:Calculating pKas for Conformation container 1A with 2740 atoms and 702 groups
2023-03-23 17:12:07,064 INFO:output.py:208:print_pka_section:pKa determinants:

---------  -----   ------   ---------------------    --------------    --------------    --------------
                            DESOLVATION  EFFECTS       SIDECHAIN          BACKBONE        COULOMBIC
 RESIDUE    pKa    BURIED     REGULAR      RE        HYDROGEN BOND     HYDROGEN BOND      INTERACTION
---------  -----   ------   ---------   ---------    --------------    --------------    --------------

ASP  52 A   7.90   100 %    3.11  601   1.15    0   -0.12 SER  91 A    0.00 XXX   0 X    0.00 XXX   0 X
ASP  52 A                                           -0.05 ASN 284 A    0.00 XXX   0 X    0.00 XXX   0 X

ASP 101 A   4.68    73 %    2.53  485   0.35    0   -0.77 THR  41 A    0.00 XXX   0 X   -0.91 ARG 102 A
ASP 101 A                                           -0.32 TYR 112 A    0.00 XXX   0 X    0.00 XXX   0 X

ASP 170 A   4.29    13 %    0.46  319   0.03    0    0.00 XXX   0 X    0.00 XXX   0 X    0.00 XXX   0 X

ASP 261 A   3.89     0 %    0.11   84   0.00    0    0.00 XXX   0 X    0.00 XXX   0 X   -0.02 HIS 264 A

GLU  13 A   6.72    55 %    2.09  434   0.25    0   -0.12 TYR   9 A    0.00 XXX   0 X    0.00 XXX   0 X

GLU 151 A   4.23     0 %    0.07   66   0.00    0    0.00 XXX   0 X   -0.33 GLY 152 A    0.00 XXX   0 X

GLU 161 A   4.55     0 %    0.05  119   0.00    0    0.00 XXX   0 X    0.00 XXX   0 X    0.00 XXX   0 X

GLU 169 A   5.10    42 %    0.99  398   0.00    0    0.00 XXX   0 X   -0.73 GLU 169 A    0.35 ASP 170 A

GLU 212 A   4.57     0 %    0.15  155   0.00    0    0.00 XXX   0 X    0.00 XXX   0 X   -0.08 ARG 222 A

GLU 219 A   4.54     0 %    0.31  165   0.00    0    0.00 XXX   0 X    0.00 XXX   0 X   -0.28 ARG 222 A

GLU 228 A   5.12    61 %    1.22  452   0.16    0   -0.04 ARG 102 A    0.00 XXX   0 X    0.17 ASP 101 A
GLU 228 A                                            0.00 XXX   0 X    0.00 XXX   0 X   -0.89 ARG 102 A

GLU 294 A   4.32     0 %    0.35  282   0.00    0   -0.48 ASN  34 A    0.00 XXX   0 X   -0.01 ARG 293 A
GLU 294 A                                            0.00 XXX   0 X    0.00 XXX   0 X   -0.05 LYS 301 A

C-  305 A   3.45     0 %    0.26  148   0.00    0    0.00 XXX   0 X    0.00 XXX   0 X   -0.01 LYS 301 A

HIS  75 A   6.32     0 %   -0.18  218   0.00    0    0.00 XXX   0 X    0.00 XXX   0 X    0.00 XXX   0 X

HIS 230 A   6.16    16 %   -0.58  326   0.00    0    0.00 XXX   0 X    0.84 ARG 291 A   -0.08 LYS 233 A
HIS 230 A                                            0.00 XXX   0 X    0.00 XXX   0 X   -0.40 ARG 291 A
HIS 230 A                                            0.00 XXX   0 X    0.00 XXX   0 X   -0.12 ARG 293 A

HIS 250 A   4.08    87 %   -2.54  526   0.00    0    0.00 XXX   0 X    0.12 TRP 246 A    0.00 XXX   0 X

HIS 264 A   6.28     0 %   -0.23  212   0.00    0    0.00 XXX   0 X    0.00 XXX   0 X    0.02 ASP 261 A

HIS 278 A   3.97    97 %   -2.53  552   0.00    0    0.00 XXX   0 X    0.00 XXX   0 X    0.00 XXX   0 X

CYS  28 A  10.72    60 %    1.76  449   0.00    0    0.00 XXX   0 X   -0.05 CYS  28 A    0.00 XXX   0 X

CYS  71 A   9.54     0 %    0.42  237   0.00    0    0.00 XXX   0 X    0.00 XXX   0 X    0.13 CYS 159 A

CYS  74 A  99.99     0 %    0.00    0   0.00    0    0.00 XXX   0 X    0.00 XXX   0 X    0.00 XXX   0 X

CYS  77 A  99.99     0 %    0.00    0   0.00    0    0.00 XXX   0 X    0.00 XXX   0 X    0.00 XXX   0 X

CYS  82 A  11.74    75 %    2.74  490   0.00    0    0.00 XXX   0 X    0.00 XXX   0 X    0.00 XXX   0 X

CYS 128 A  10.74    45 %    1.83  408   0.00    0    0.00 XXX   0 X   -0.10 CYS 128 A    0.00 XXX   0 X

CYS 146 A  99.99     0 %    0.00    0   0.00    0    0.00 XXX   0 X    0.00 XXX   0 X    0.00 XXX   0 X

CYS 159 A   9.20     0 %    0.20  134   0.00    0    0.00 XXX   0 X    0.00 XXX   0 X    0.00 XXX   0 X

CYS 166 A  99.99     0 %    0.00    0   0.00    0    0.00 XXX   0 X    0.00 XXX   0 X    0.00 XXX   0 X

CYS 185 A  10.93    53 %    1.93  430   0.00    0    0.00 XXX   0 X    0.00 XXX   0 X    0.00 XXX   0 X

CYS 245 A  10.46    39 %    1.46  390   0.00    0    0.00 XXX   0 X    0.00 XXX   0 X    0.00 XXX   0 X

CYS 254 A  10.32    29 %    1.32  362   0.00    0    0.00 XXX   0 X    0.00 XXX   0 X    0.00 XXX   0 X

CYS 259 A  99.99     0 %    0.00    0   0.00    0    0.00 XXX   0 X    0.00 XXX   0 X    0.00 XXX   0 X

CYS 262 A  99.99     0 %    0.00    0   0.00    0    0.00 XXX   0 X    0.00 XXX   0 X    0.00 XXX   0 X

TYR   9 A  12.44    52 %    1.63  428   0.00    0    0.12 GLU  13 A    0.00 XXX   0 X    0.03 TYR 271 A
TYR   9 A                                            0.00 XXX   0 X    0.00 XXX   0 X    0.66 GLU  13 A

TYR  43 A  10.22     0 %    0.22  262   0.00    0    0.00 XXX   0 X    0.00 XXX   0 X    0.00 XXX   0 X

TYR 103 A  10.18     4 %    0.31  293   0.00    0    0.00 XXX   0 X    0.00 XXX   0 X   -0.07 ARG 199 A
TYR 103 A                                            0.00 XXX   0 X    0.00 XXX   0 X   -0.06 ARG 206 A

TYR 112 A  11.16    50 %    1.52  420   0.00    0   -0.85 THR  41 A    0.00 XXX   0 X   -0.66 ARG 102 A
TYR 112 A                                           -0.23 ARG 102 A    0.00 XXX   0 X    0.30 GLU 228 A
TYR 112 A                                            0.32 ASP 101 A    0.00 XXX   0 X    0.76 ASP 101 A

TYR 176 A  13.20    70 %    2.82  477   0.00    0   -0.24 THR 138 A    0.00 XXX   0 X    0.33 CYS  82 A
TYR 176 A                                            0.00 XXX   0 X    0.00 XXX   0 X    0.28 CYS 185 A

TYR 179 A  10.36     0 %    0.36  205   0.00    0    0.00 XXX   0 X    0.00 XXX   0 X    0.00 CYS 254 A

TYR 197 A  12.81    81 %    2.85  508   0.00    0    0.00 XXX   0 X    0.00 XXX   0 X    0.02 ASP 101 A
TYR 197 A                                            0.00 XXX   0 X    0.00 XXX   0 X   -0.06 ARG 102 A

TYR 271 A  10.26     0 %    0.25  224   0.00    0    0.00 XXX   0 X    0.00 XXX   0 X    0.01 GLU  13 A

TYR 288 A  13.55   100 %    3.20  592   0.00    0    0.00 XXX   0 X    0.00 XXX   0 X    0.03 CYS  28 A
TYR 288 A                                            0.00 XXX   0 X    0.00 XXX   0 X    0.32 ASP  52 A

TYR 290 A   9.95     0 %    0.09  163   0.00    0    0.00 XXX   0 X    0.00 XXX   0 X   -0.10 ARG 291 A
TYR 290 A                                            0.00 XXX   0 X    0.00 XXX   0 X   -0.02 ARG 296 A
TYR 290 A                                            0.00 XXX   0 X    0.00 XXX   0 X   -0.02 LYS 233 A

LYS 150 A  10.33     0 %   -0.17  130   0.00    0    0.00 XXX   0 X    0.00 XXX   0 X    0.00 XXX   0 X

LYS 153 A  10.42     0 %   -0.08  108   0.00    0    0.00 XXX   0 X    0.00 XXX   0 X    0.00 XXX   0 X

LYS 209 A  10.43     0 %   -0.07  107   0.00    0    0.00 XXX   0 X    0.00 XXX   0 X   -0.01 ARG 206 A

LYS 227 A  10.16     0 %   -0.16  202   0.00    0    0.00 XXX   0 X    0.00 XXX   0 X   -0.07 ARG 220 A
LYS 227 A                                            0.00 XXX   0 X    0.00 XXX   0 X   -0.11 ARG 293 A

LYS 233 A  10.05     0 %   -0.17  244   0.00    0    0.00 XXX   0 X    0.00 XXX   0 X   -0.07 ARG 205 A
LYS 233 A                                            0.00 XXX   0 X    0.00 XXX   0 X   -0.23 ARG 291 A
LYS 233 A                                            0.00 XXX   0 X    0.00 XXX   0 X    0.02 TYR 290 A

LYS 301 A  10.02     0 %   -0.54  253   0.00    0    0.00 XXX   0 X    0.00 XXX   0 X    0.05 GLU 294 A
LYS 301 A                                            0.00 XXX   0 X    0.00 XXX   0 X    0.01 C-  305 A

ARG 102 A  13.22    85 %   -2.08  520   0.00    0    0.23 TYR 112 A    0.00 XXX   0 X    0.66 TYR 112 A
ARG 102 A                                            0.04 GLU 228 A    0.00 XXX   0 X    0.06 TYR 197 A
ARG 102 A                                            0.00 XXX   0 X    0.00 XXX   0 X    0.91 ASP 101 A
ARG 102 A                                            0.00 XXX   0 X    0.00 XXX   0 X    0.89 GLU 228 A

ARG 111 A  12.34     0 %   -0.16  122   0.00    0    0.00 XXX   0 X    0.00 XXX   0 X    0.00 XXX   0 X

ARG 120 A  12.26     0 %   -0.20  181   0.00    0    0.00 XXX   0 X    0.00 XXX   0 X   -0.04 ARG 111 A

ARG 199 A  12.38     0 %   -0.20  188   0.00    0    0.00 XXX   0 X    0.00 XXX   0 X    0.07 TYR 103 A

ARG 205 A  12.16     3 %   -0.34  289   0.00    0    0.00 XXX   0 X    0.00 XXX   0 X    0.00 XXX   0 X

ARG 206 A  12.24     0 %   -0.30  200   0.00    0    0.00 XXX   0 X    0.00 XXX   0 X    0.06 TYR 103 A
ARG 206 A                                            0.00 XXX   0 X    0.00 XXX   0 X   -0.02 ARG 199 A

ARG 220 A  12.43     0 %   -0.07   97   0.00    0    0.00 XXX   0 X    0.00 XXX   0 X    0.00 XXX   0 X

ARG 222 A  12.50     0 %   -0.36  199   0.00    0    0.00 XXX   0 X    0.00 XXX   0 X    0.08 GLU 212 A
ARG 222 A                                            0.00 XXX   0 X    0.00 XXX   0 X    0.28 GLU 219 A

ARG 291 A  11.86    12 %   -0.74  314   0.00    0    0.00 XXX   0 X    0.00 XXX   0 X    0.10 TYR 290 A

ARG 293 A  12.37     0 %   -0.13  225   0.00    0    0.00 XXX   0 X    0.00 XXX   0 X    0.01 GLU 294 A

ARG 296 A  12.12     0 %   -0.26  194   0.00    0    0.00 XXX   0 X    0.00 XXX   0 X    0.02 TYR 290 A
ARG 296 A                                            0.00 XXX   0 X    0.00 XXX   0 X   -0.10 ARG 293 A
ARG 296 A                                            0.00 XXX   0 X    0.00 XXX   0 X   -0.04 ARG 300 A

ARG 300 A  12.34     0 %   -0.16  139   0.00    0    0.00 XXX   0 X    0.00 XXX   0 X    0.00 XXX   0 X

ARG 304 A  12.29     0 %   -0.21  105   0.00    0    0.00 XXX   0 X    0.00 XXX   0 X    0.00 XXX   0 X

N+    7 A   7.75     0 %   -0.25  132   0.00    0    0.00 XXX   0 X    0.00 XXX   0 X    0.00 XXX   0 X


2023-03-23 17:12:07,064 INFO:output.py:210:print_pka_section:pKa summary:
--------------------------------------------------------------------------------------------------------
SUMMARY OF THIS PREDICTION
       Group      pKa  model-pKa   ligand atom-type
   ASP  52 A     7.90       3.80                      
   ASP 101 A     4.68       3.80                      
   ASP 170 A     4.29       3.80                      
   ASP 261 A     3.89       3.80                      
   GLU  13 A     6.72       4.50                      
   GLU 151 A     4.23       4.50                      
   GLU 161 A     4.55       4.50                      
   GLU 169 A     5.10       4.50                      
   GLU 212 A     4.57       4.50                      
   GLU 219 A     4.54       4.50                      
   GLU 228 A     5.12       4.50                      
   GLU 294 A     4.32       4.50                      
   C-  305 A     3.45       3.20                      
   HIS  75 A     6.32       6.50                      
   HIS 230 A     6.16       6.50                      
   HIS 250 A     4.08       6.50                      
   HIS 264 A     6.28       6.50                      
   HIS 278 A     3.97       6.50                      
   CYS  28 A    10.72       9.00                      
   CYS  71 A     9.54       9.00                      
   CYS  74 A    99.99       9.00                      
   CYS  77 A    99.99       9.00                      
   CYS  82 A    11.74       9.00                      
   CYS 128 A    10.74       9.00                      
   CYS 146 A    99.99       9.00                      
   CYS 159 A     9.20       9.00                      
   CYS 166 A    99.99       9.00                      
   CYS 185 A    10.93       9.00                      
   CYS 245 A    10.46       9.00                      
   CYS 254 A    10.32       9.00                      
   CYS 259 A    99.99       9.00                      
   CYS 262 A    99.99       9.00                      
   TYR   9 A    12.44      10.00                      
   TYR  43 A    10.22      10.00                      
   TYR 103 A    10.18      10.00                      
   TYR 112 A    11.16      10.00                      
   TYR 176 A    13.20      10.00                      
   TYR 179 A    10.36      10.00                      
   TYR 197 A    12.81      10.00                      
   TYR 271 A    10.26      10.00                      
   TYR 288 A    13.55      10.00                      
   TYR 290 A     9.95      10.00                      
   LYS 150 A    10.33      10.50                      
   LYS 153 A    10.42      10.50                      
   LYS 209 A    10.43      10.50                      
   LYS 227 A    10.16      10.50                      
   LYS 233 A    10.05      10.50                      
   LYS 301 A    10.02      10.50                      
   ARG 102 A    13.22      12.50                      
   ARG 111 A    12.34      12.50                      
   ARG 120 A    12.26      12.50                      
   ARG 199 A    12.38      12.50                      
   ARG 205 A    12.16      12.50                      
   ARG 206 A    12.24      12.50                      
   ARG 220 A    12.43      12.50                      
   ARG 222 A    12.50      12.50                      
   ARG 291 A    11.86      12.50                      
   ARG 293 A    12.37      12.50                      
   ARG 296 A    12.12      12.50                      
   ARG 300 A    12.34      12.50                      
   ARG 304 A    12.29      12.50                      
   N+    7 A     7.75       8.00                      

2023-03-23 17:12:07,077 INFO:main.py:636:non_trivial:PROPKA information:
--------------------------------------------------------------------------------------------------------
Free energy of   folding (kcal/mol) as a function of pH (using neutral reference)
  0.00     17.37
  1.00     17.37
  2.00     17.40
  3.00     17.63
  4.00     18.53
  5.00     19.82
  6.00     20.42
  7.00     20.80
  8.00     21.74
  9.00     24.50
 10.00     31.99
 11.00     41.07
 12.00     47.16
 13.00     50.00
 14.00     51.37

The pH of optimum stability is  0.0 for which the free energy is   17.4 kcal/mol at 298K
Could not determine pH values where the free energy is within 80 % of minimum
Could not determine the pH-range where the free energy is negative


Protein charge of folded and unfolded state as a function of pH
    pH  unfolded  folded
  0.00     25.00   25.00
  0.10     25.00   25.00
  0.20     25.00   25.00
  0.30     25.00   25.00
  0.40     25.00   25.00
  0.50     25.00   25.00
  0.60     24.99   25.00
  0.70     24.99   25.00
  0.80     24.99   24.99
  0.90     24.99   24.99
  1.00     24.98   24.99
  1.10     24.98   24.99
  1.20     24.98   24.98
  1.30     24.97   24.98
  1.40     24.96   24.98
  1.50     24.95   24.97
  1.60     24.94   24.96
  1.70     24.93   24.95
  1.80     24.91   24.94
  1.90     24.88   24.93
  2.00     24.85   24.91
  2.10     24.82   24.88
  2.20     24.77   24.85
  2.30     24.72   24.82
  2.40     24.65   24.77
  2.50     24.56   24.71
  2.60     24.46   24.65
  2.70     24.34   24.56
  2.80     24.19   24.46
  2.90     24.02   24.33
  3.00     23.82   24.18
  3.10     23.58   24.00
  3.20     23.31   23.79
  3.30     23.00   23.55
  3.40     22.66   23.26
  3.50     22.27   22.93
  3.60     21.84   22.57
  3.70     21.37   22.15
  3.80     20.86   21.70
  3.90     20.32   21.20
  4.00     19.75   20.66
  4.10     19.15   20.10
  4.20     18.53   19.50
  4.30     17.91   18.89
  4.40     17.28   18.27
  4.50     16.66   17.66
  4.60     16.06   17.05
  4.70     15.49   16.45
  4.80     14.96   15.88
  4.90     14.47   15.34
  5.00     14.02   14.84
  5.10     13.62   14.36
  5.20     13.25   13.92
  5.30     12.92   13.51
  5.40     12.63   13.13
  5.50     12.35   12.77
  5.60     12.09   12.43
  5.70     11.83   12.11
  5.80     11.58   11.80
  5.90     11.32   11.50
  6.00     11.05   11.20
  6.10     10.77   10.91
  6.20     10.47   10.61
  6.30     10.17   10.33
  6.40      9.85   10.05
  6.50      9.53    9.77
  6.60      9.21    9.51
  6.70      8.90    9.26
  6.80      8.60    9.02
  6.90      8.31    8.79
  7.00      8.05    8.57
  7.10      7.80    8.37
  7.20      7.57    8.17
  7.30      7.35    7.98
  7.40      7.14    7.80
  7.50      6.94    7.62
  7.60      6.74    7.44
  7.70      6.53    7.26
  7.80      6.31    7.09
  7.90      6.07    6.91
  8.00      5.81    6.74
  8.10      5.52    6.57
  8.20      5.21    6.39
  8.30      4.85    6.22
  8.40      4.45    6.05
  8.50      4.00    5.87
  8.60      3.50    5.68
  8.70      2.95    5.48
  8.80      2.35    5.25
  8.90      1.70    5.00
  9.00      1.01    4.72
  9.10      0.27    4.40
  9.20     -0.50    4.04
  9.30     -1.30    3.63
  9.40     -2.14    3.17
  9.50     -3.00    2.64
  9.60     -3.90    2.05
  9.70     -4.83    1.40
  9.80     -5.78    0.68
  9.90     -6.76   -0.10
 10.00     -7.74   -0.94
 10.10     -8.74   -1.83
 10.20     -9.72   -2.76
 10.30    -10.68   -3.71
 10.40    -11.60   -4.68
 10.50    -12.48   -5.64
 10.60    -13.30   -6.58
 10.70    -14.06   -7.50
 10.80    -14.76   -8.39
 10.90    -15.39   -9.24
 11.00    -15.97  -10.05
 11.10    -16.49  -10.84
 11.20    -16.98  -11.60
 11.30    -17.43  -12.34
 11.40    -17.87  -13.07
 11.50    -18.30  -13.81
 11.60    -18.75  -14.57
 11.70    -19.21  -15.34
 11.80    -19.71  -16.15
 11.90    -20.25  -16.98
 12.00    -20.83  -17.85
 12.10    -21.47  -18.75
 12.20    -22.15  -19.66
 12.30    -22.88  -20.59
 12.40    -23.64  -21.51
 12.50    -24.41  -22.41
 12.60    -25.17  -23.29
 12.70    -25.91  -24.12
 12.80    -26.61  -24.90
 12.90    -27.26  -25.63
 13.00    -27.85  -26.30
 13.10    -28.37  -26.91
 13.20    -28.82  -27.46
 13.30    -29.21  -27.96
 13.40    -29.53  -28.41
 13.50    -29.81  -28.80
 13.60    -30.04  -29.15
 13.70    -30.22  -29.45
 13.80    -30.37  -29.71
 13.90    -30.50  -29.94
 14.00    -30.60  -30.13
The pI is  9.89 (folded) and  9.14 (unfolded)

--------------------------------------------------------------------------------------------------------
2023-03-23 17:12:07,077 INFO:biomolecule.py:794:apply_pka_values:Applying pKa values at a pH of 7.40:
2023-03-23 17:12:07,078 INFO:main.py:649:non_trivial:Adding hydrogens to biomolecule.
2023-03-23 17:12:07,330 INFO:main.py:652:non_trivial:Debumping biomolecule (again).
2023-03-23 17:12:07,592 INFO:main.py:654:non_trivial:Optimizing hydrogen bonds
2023-03-23 17:12:08,159 INFO:main.py:666:non_trivial:Applying force field to biomolecule states.
2023-03-23 17:12:08,163 INFO:main.py:707:non_trivial:Applying custom naming scheme (amber).
2023-03-23 17:12:08,166 INFO:main.py:713:non_trivial:Regenerating headers.
2023-03-23 17:12:08,166 INFO:main.py:738:non_trivial:Regenerating PDB lines.
2023-03-23 17:12:08,185 WARNING:main.py:311:print_pqr:Ignoring 539 header lines in output.
