                   :-) GROMACS - gmx mdrun, 2023-Homebrew (-:

Copyright 1991-2023 The GROMACS Authors.
GROMACS is free software; you can redistribute it and/or modify it
under the terms of the GNU Lesser General Public License
as published by the Free Software Foundation; either version 2.1
of the License, or (at your option) any later version.

                         Current GROMACS contributors:
       Mark Abraham           Andrey Alekseenko           Cathrine Bergh      
      Christian Blau            Eliane Briand             Mahesh Doijade      
    Stefan Fleischmann           Vytas Gapsys              Gaurav Garg        
      Sergey Gorelov         Gilles Gouaillardet            Alan Gray         
     M. Eric Irrgang         Farzaneh Jalalypour            Joe Jordan        
    Christoph Junghans        Prashanth Kanduri          Sebastian Keller     
     Carsten Kutzner           Justin A. Lemkul          Magnus Lundborg      
       Pascal Merz              Vedran Miletic            Dmitry Morozov      
       Szilard Pall             Roland Schulz             Michael Shirts      
     Alexey Shvetsov            Balint Soproni         David van der Spoel    
      Philip Turner             Carsten Uphoff           Alessandra Villa     
 Sebastian Wingbermuehle        Artem Zhmurov       

                         Previous GROMACS contributors:
        Emile Apol             Rossen Apostolov           James Barnett       
  Herman J.C. Berendsen          Par Bjelkmar           Viacheslav Bolnykh    
        Kevin Boyd            Aldert van Buuren          Carlo Camilloni      
     Rudi van Drunen            Anton Feenstra           Oliver Fleetwood     
     Gerrit Groenhof            Bert de Groot             Anca Hamuraru       
    Vincent Hindriksen          Victor Holanda           Aleksei Iupinov      
   Dimitrios Karkoulis           Peter Kasson             Sebastian Kehl      
        Jiri Kraus               Per Larsson              Viveca Lindahl      
      Erik Marklund           Pieter Meulenhoff           Teemu Murtola       
       Sander Pronk             Alfons Sijbers            Peter Tieleman      
       Jon Vincent             Teemu Virolainen         Christian Wennberg    
       Maarten Wolf       

                  Coordinated by the GROMACS project leaders:
                    Paul Bauer, Berk Hess, and Erik Lindahl

GROMACS:      gmx mdrun, version 2023-Homebrew
Executable:   /usr/local/bin/../Cellar/gromacs/2023/bin/gmx
Data prefix:  /usr/local/bin/../Cellar/gromacs/2023
Working dir:  /Users/giovanni_buonfrate/Documents/GitHub/RDD-SuMD
Process ID:   3133
Command line:
  gmx mdrun -s PDB/3RFM_LIG_NOWATER/05-md/md.tpr -o PDB/3RFM_LIG_NOWATER/05-md/md.trr -c PDB/3RFM_LIG_NOWATER/05-md/md_nowat.gro -x PDB/3RFM_LIG_NOWATER/05-md/md.xtc -g PDB/3RFM_LIG_NOWATER/05-md/md.log -e PDB/3RFM_LIG_NOWATER/05-md/md.edr -cpo PDB/3RFM_LIG_NOWATER/05-md/md.cpt -nb cpu

GROMACS version:    2023-Homebrew
Precision:          mixed
Memory model:       64 bit
MPI library:        thread_mpi
OpenMP support:     enabled (GMX_OPENMP_MAX_THREADS = 128)
GPU support:        disabled
SIMD instructions:  SSE4.1
CPU FFT library:    fftw-3.3.10-sse2-avx-avx2-avx2_128
GPU FFT library:    none
Multi-GPU FFT:      none
RDTSCP usage:       enabled
TNG support:        enabled
Hwloc support:      disabled
Tracing support:    disabled
C compiler:         /usr/local/opt/gcc/bin/gcc-12
C compiler flags:   -fexcess-precision=fast -funroll-all-loops -Wa,-q -msse4.1 -Wno-missing-field-initializers -O3 -DNDEBUG
C++ compiler:       /usr/local/opt/gcc/bin/g++-12
C++ compiler flags: -fexcess-precision=fast -funroll-all-loops -Wa,-q -msse4.1 -Wno-missing-field-initializers -Weverything -Wno-c++98-compat -Wno-c++98-compat-pedantic -Wno-return-std-move-in-c++11 -Wno-source-uses-openmp -Wno-c++17-extensions -Wno-documentation-unknown-command -Wno-covered-switch-default -Wno-switch-enum -Wno-extra-semi-stmt -Wno-weak-vtables -Wno-shadow -Wno-padded -Wno-reserved-id-macro -Wno-double-promotion -Wno-exit-time-destructors -Wno-global-constructors -Wno-documentation -Wno-format-nonliteral -Wno-used-but-marked-unused -Wno-float-equal -Wno-conditional-uninitialized -Wno-conversion -Wno-disabled-macro-expansion -Wno-unused-macros -Wno-unsafe-buffer-usage -Wno-cast-function-type-strict -fopenmp -O3 -DNDEBUG
BLAS library:       External - detected on the system
LAPACK library:     External - detected on the system


Running on 1 node with total 0 processing units
Hardware detected on host 192.168.1.16:
  CPU info:
    Vendor: Intel
    Brand:  Intel(R) Core(TM) i7-7700HQ CPU @ 2.80GHz
    Family: 6   Model: 158   Stepping: 9
    Features: aes apic avx avx2 clfsh cmov cx8 cx16 f16c fma htt intel lahf mmx msr nonstop_tsc pcid pclmuldq pdcm pdpe1gb popcnt pse rdrnd rdtscp sse2 sse3 sse4.1 sse4.2 ssse3 tdt x2apic
  Hardware topology: Only logical processor count
    CPU limit set by OS: -1   Recommended max number of threads: 8

Highest SIMD level supported by all nodes in run: AVX2_256
SIMD instructions selected at compile time:       SSE4.1
This program was compiled for different hardware than you are running on,
which could influence performance.

++++ PLEASE READ AND CITE THE FOLLOWING REFERENCE ++++
M. J. Abraham, T. Murtola, R. Schulz, S. Páll, J. C. Smith, B. Hess, E.
Lindahl
GROMACS: High performance molecular simulations through multi-level
parallelism from laptops to supercomputers
SoftwareX 1 (2015) pp. 19-25
-------- -------- --- Thank You --- -------- --------


++++ PLEASE READ AND CITE THE FOLLOWING REFERENCE ++++
S. Páll, M. J. Abraham, C. Kutzner, B. Hess, E. Lindahl
Tackling Exascale Software Challenges in Molecular Dynamics Simulations with
GROMACS
In S. Markidis & E. Laure (Eds.), Solving Software Challenges for Exascale 8759 (2015) pp. 3-27
-------- -------- --- Thank You --- -------- --------


++++ PLEASE READ AND CITE THE FOLLOWING REFERENCE ++++
S. Pronk, S. Páll, R. Schulz, P. Larsson, P. Bjelkmar, R. Apostolov, M. R.
Shirts, J. C. Smith, P. M. Kasson, D. van der Spoel, B. Hess, and E. Lindahl
GROMACS 4.5: a high-throughput and highly parallel open source molecular
simulation toolkit
Bioinformatics 29 (2013) pp. 845-54
-------- -------- --- Thank You --- -------- --------


++++ PLEASE READ AND CITE THE FOLLOWING REFERENCE ++++
B. Hess and C. Kutzner and D. van der Spoel and E. Lindahl
GROMACS 4: Algorithms for highly efficient, load-balanced, and scalable
molecular simulation
J. Chem. Theory Comput. 4 (2008) pp. 435-447
-------- -------- --- Thank You --- -------- --------


++++ PLEASE READ AND CITE THE FOLLOWING REFERENCE ++++
D. van der Spoel, E. Lindahl, B. Hess, G. Groenhof, A. E. Mark and H. J. C.
Berendsen
GROMACS: Fast, Flexible and Free
J. Comp. Chem. 26 (2005) pp. 1701-1719
-------- -------- --- Thank You --- -------- --------


++++ PLEASE READ AND CITE THE FOLLOWING REFERENCE ++++
E. Lindahl and B. Hess and D. van der Spoel
GROMACS 3.0: A package for molecular simulation and trajectory analysis
J. Mol. Mod. 7 (2001) pp. 306-317
-------- -------- --- Thank You --- -------- --------


++++ PLEASE READ AND CITE THE FOLLOWING REFERENCE ++++
H. J. C. Berendsen, D. van der Spoel and R. van Drunen
GROMACS: A message-passing parallel molecular dynamics implementation
Comp. Phys. Comm. 91 (1995) pp. 43-56
-------- -------- --- Thank You --- -------- --------

Input Parameters:
   integrator                     = md
   tinit                          = 0
   dt                             = 0.001
   nsteps                         = 30000
   init-step                      = 0
   simulation-part                = 1
   mts                            = false
   comm-mode                      = Linear
   nstcomm                        = 100
   bd-fric                        = 0
   ld-seed                        = 1993
   emtol                          = 10
   emstep                         = 0.01
   niter                          = 20
   fcstep                         = 0
   nstcgsteep                     = 1000
   nbfgscorr                      = 10
   rtpi                           = 0.05
   nstxout                        = 50000
   nstvout                        = 50000
   nstfout                        = 50000
   nstlog                         = 500
   nstcalcenergy                  = 100
   nstenergy                      = 500
   nstxout-compressed             = 500
   compressed-x-precision         = 1000
   cutoff-scheme                  = Verlet
   nstlist                        = 20
   pbc                            = xyz
   periodic-molecules             = false
   verlet-buffer-tolerance        = -1
   rlist                          = 1.1
   coulombtype                    = Cut-off
   coulomb-modifier               = Potential-shift
   rcoulomb-switch                = 0.9
   rcoulomb                       = 1
   epsilon-r                      = 1
   epsilon-rf                     = 1
   vdw-type                       = Cut-off
   vdw-modifier                   = Potential-shift
   rvdw-switch                    = 0.9
   rvdw                           = 1
   DispCorr                       = EnerPres
   table-extension                = 1
   fourierspacing                 = 0.12
   fourier-nx                     = 0
   fourier-ny                     = 0
   fourier-nz                     = 0
   pme-order                      = 4
   ewald-rtol                     = 1e-05
   ewald-rtol-lj                  = 0.001
   lj-pme-comb-rule               = Geometric
   ewald-geometry                 = 3d
   epsilon-surface                = 0
   ensemble-temperature-setting   = constant
   ensemble-temperature           = 300
   tcoupl                         = V-rescale
   nsttcouple                     = 20
   nh-chain-length                = 0
   print-nose-hoover-chain-variables = false
   pcoupl                         = No
   pcoupltype                     = Isotropic
   nstpcouple                     = -1
   tau-p                          = 5
   compressibility (3x3):
      compressibility[    0]={ 0.00000e+00,  0.00000e+00,  0.00000e+00}
      compressibility[    1]={ 0.00000e+00,  0.00000e+00,  0.00000e+00}
      compressibility[    2]={ 0.00000e+00,  0.00000e+00,  0.00000e+00}
   ref-p (3x3):
      ref-p[    0]={ 0.00000e+00,  0.00000e+00,  0.00000e+00}
      ref-p[    1]={ 0.00000e+00,  0.00000e+00,  0.00000e+00}
      ref-p[    2]={ 0.00000e+00,  0.00000e+00,  0.00000e+00}
   refcoord-scaling               = COM
   posres-com (3):
      posres-com[0]= 0.00000e+00
      posres-com[1]= 0.00000e+00
      posres-com[2]= 0.00000e+00
   posres-comB (3):
      posres-comB[0]= 0.00000e+00
      posres-comB[1]= 0.00000e+00
      posres-comB[2]= 0.00000e+00
   QMMM                           = false
qm-opts:
   ngQM                           = 0
   constraint-algorithm           = Lincs
   continuation                   = true
   Shake-SOR                      = false
   shake-tol                      = 0.0001
   lincs-order                    = 4
   lincs-iter                     = 1
   lincs-warnangle                = 30
   nwall                          = 0
   wall-type                      = 9-3
   wall-r-linpot                  = -1
   wall-atomtype[0]               = -1
   wall-atomtype[1]               = -1
   wall-density[0]                = 0
   wall-density[1]                = 0
   wall-ewald-zfac                = 3
   pull                           = false
   awh                            = false
   rotation                       = false
   interactiveMD                  = false
   disre                          = No
   disre-weighting                = Conservative
   disre-mixed                    = false
   dr-fc                          = 1000
   dr-tau                         = 0
   nstdisreout                    = 100
   orire-fc                       = 0
   orire-tau                      = 0
   nstorireout                    = 100
   free-energy                    = no
   cos-acceleration               = 0
   deform (3x3):
      deform[    0]={ 0.00000e+00,  0.00000e+00,  0.00000e+00}
      deform[    1]={ 0.00000e+00,  0.00000e+00,  0.00000e+00}
      deform[    2]={ 0.00000e+00,  0.00000e+00,  0.00000e+00}
   simulated-tempering            = false
   swapcoords                     = no
   userint1                       = 0
   userint2                       = 0
   userint3                       = 0
   userint4                       = 0
   userreal1                      = 0
   userreal2                      = 0
   userreal3                      = 0
   userreal4                      = 0
   applied-forces:
     electric-field:
       x:
         E0                       = 0
         omega                    = 0
         t0                       = 0
         sigma                    = 0
       y:
         E0                       = 0
         omega                    = 0
         t0                       = 0
         sigma                    = 0
       z:
         E0                       = 0
         omega                    = 0
         t0                       = 0
         sigma                    = 0
     density-guided-simulation:
       active                     = false
       group                      = protein
       similarity-measure         = inner-product
       atom-spreading-weight      = unity
       force-constant             = 1e+09
       gaussian-transform-spreading-width = 0.2
       gaussian-transform-spreading-range-in-multiples-of-width = 4
       reference-density-filename = reference.mrc
       nst                        = 1
       normalize-densities        = true
       adaptive-force-scaling     = false
       adaptive-force-scaling-time-constant = 4
       shift-vector               = 
       transformation-matrix      = 
     qmmm-cp2k:
       active                     = false
       qmgroup                    = System
       qmmethod                   = PBE
       qmfilenames                = 
       qmcharge                   = 0
       qmmultiplicity             = 1
grpopts:
   nrdf:       11764
   ref-t:         300
   tau-t:         0.1
annealing:          No
annealing-npoints:           0
   acc:	           0           0           0
   nfreeze:           N           N           N
   energygrp-flags[  0]: 0

Can not increase nstlist because verlet-buffer-tolerance is not set or used
When checking whether update groups are usable:
  Domain decomposition is not active, so there is no need for update groups

Update task can not run on the GPU, because the following condition(s) were not satisfied:

Either PME or short-ranged non-bonded interaction tasks must run on the GPU.
Compatible GPUs must have been found.
Only CUDA and SYCL builds are supported.
The number of coupled constraints is higher than supported in the GPU LINCS code.
Chosen GPU implementation does not support constraints.

Using 1 MPI thread
Using 8 OpenMP threads 

System total charge: 8.000
Potential shift: LJ r^-12: -1.000e+00 r^-6: -1.000e+00, Coulomb -1e+00
Generated table with 1050 data points for 1-4 COUL.
Tabscale = 500 points/nm
Generated table with 1050 data points for 1-4 LJ6.
Tabscale = 500 points/nm
Generated table with 1050 data points for 1-4 LJ12.
Tabscale = 500 points/nm
Long Range LJ corr.: <C6> 8.7960e-04


Using SIMD 4x4 nonbonded short-range kernels

Using a 4x4 pair-list setup:
  updated every 20 steps, buffer 0.100 nm, rlist 1.100 nm

Using Lorentz-Berthelot Lennard-Jones combination rule

Initializing LINear Constraint Solver

++++ PLEASE READ AND CITE THE FOLLOWING REFERENCE ++++
B. Hess and H. Bekker and H. J. C. Berendsen and J. G. E. M. Fraaije
LINCS: A Linear Constraint Solver for molecular simulations
J. Comp. Chem. 18 (1997) pp. 1463-1472
-------- -------- --- Thank You --- -------- --------

The number of constraints is 2390

++++ PLEASE READ AND CITE THE FOLLOWING REFERENCE ++++
G. Bussi, D. Donadio and M. Parrinello
Canonical sampling through velocity rescaling
J. Chem. Phys. 126 (2007) pp. 014101
-------- -------- --- Thank You --- -------- --------

There are: 4719 Atoms
Center of mass motion removal mode is Linear
We have the following groups for center of mass motion removal:
  0:  System

Started mdrun on rank 0 Sat Apr 22 17:35:43 2023

           Step           Time
              0        0.00000

   Energies (kJ/mol)
           Bond          Angle    Proper Dih. Per. Imp. Dih.          LJ-14
    3.86712e+03    9.19254e+03    1.30909e+04    6.70826e+02    4.79224e+03
     Coulomb-14        LJ (SR)  Disper. corr.   Coulomb (SR)      Potential
    4.92872e+04   -8.81173e+03   -9.63435e-01   -8.34433e+04   -1.13552e+04
    Kinetic En.   Total Energy  Conserved En.    Temperature Pres. DC (bar)
    1.44922e+04    3.13707e+03    3.13707e+03    2.96330e+02   -1.86893e-03
 Pressure (bar)   Constr. rmsd
   -1.71825e+00    5.59395e-06

           Step           Time
            500        0.50000

   Energies (kJ/mol)
           Bond          Angle    Proper Dih. Per. Imp. Dih.          LJ-14
    3.52671e+03    9.57661e+03    1.32200e+04    5.90882e+02    4.82408e+03
     Coulomb-14        LJ (SR)  Disper. corr.   Coulomb (SR)      Potential
    4.92741e+04   -8.41742e+03   -9.63435e-01   -8.66431e+04   -1.40491e+04
    Kinetic En.   Total Energy  Conserved En.    Temperature Pres. DC (bar)
    1.49729e+04    9.23864e+02    3.03069e+03    3.06160e+02   -1.86893e-03
 Pressure (bar)   Constr. rmsd
    7.30437e-02    5.49175e-06

           Step           Time
           1000        1.00000

   Energies (kJ/mol)
           Bond          Angle    Proper Dih. Per. Imp. Dih.          LJ-14
    3.48321e+03    9.32729e+03    1.32937e+04    6.28271e+02    4.93013e+03
     Coulomb-14        LJ (SR)  Disper. corr.   Coulomb (SR)      Potential
    4.93156e+04   -8.41761e+03   -9.63435e-01   -8.72620e+04   -1.47024e+04
    Kinetic En.   Total Energy  Conserved En.    Temperature Pres. DC (bar)
    1.48167e+04    1.14282e+02    3.03079e+03    3.02964e+02   -1.86893e-03
 Pressure (bar)   Constr. rmsd
    1.61954e+00    5.57339e-06

           Step           Time
           1500        1.50000

   Energies (kJ/mol)
           Bond          Angle    Proper Dih. Per. Imp. Dih.          LJ-14
    3.18825e+03    9.47582e+03    1.31953e+04    6.38314e+02    4.90261e+03
     Coulomb-14        LJ (SR)  Disper. corr.   Coulomb (SR)      Potential
    4.92756e+04   -8.44963e+03   -9.63435e-01   -8.79297e+04   -1.57044e+04
    Kinetic En.   Total Energy  Conserved En.    Temperature Pres. DC (bar)
    1.48193e+04   -8.85164e+02    3.03393e+03    3.03017e+02   -1.86893e-03
 Pressure (bar)   Constr. rmsd
    2.52275e+00    5.37861e-06

           Step           Time
           2000        2.00000

   Energies (kJ/mol)
           Bond          Angle    Proper Dih. Per. Imp. Dih.          LJ-14
    3.51589e+03    9.60904e+03    1.34256e+04    6.48633e+02    4.89652e+03
     Coulomb-14        LJ (SR)  Disper. corr.   Coulomb (SR)      Potential
    4.92657e+04   -8.19698e+03   -9.63435e-01   -8.87718e+04   -1.56083e+04
    Kinetic En.   Total Energy  Conserved En.    Temperature Pres. DC (bar)
    1.50187e+04   -5.89569e+02    3.03973e+03    3.07096e+02   -1.86893e-03
 Pressure (bar)   Constr. rmsd
   -9.94013e-02    5.50570e-06

           Step           Time
           2500        2.50000

   Energies (kJ/mol)
           Bond          Angle    Proper Dih. Per. Imp. Dih.          LJ-14
    3.48774e+03    9.64164e+03    1.33103e+04    6.54873e+02    4.76685e+03
     Coulomb-14        LJ (SR)  Disper. corr.   Coulomb (SR)      Potential
    4.90404e+04   -8.29872e+03   -9.63435e-01   -8.84878e+04   -1.58857e+04
    Kinetic En.   Total Energy  Conserved En.    Temperature Pres. DC (bar)
    1.48710e+04   -1.01468e+03    3.03997e+03    3.04076e+02   -1.86893e-03
 Pressure (bar)   Constr. rmsd
   -2.19093e+00    5.51152e-06

           Step           Time
           3000        3.00000

   Energies (kJ/mol)
           Bond          Angle    Proper Dih. Per. Imp. Dih.          LJ-14
    3.51555e+03    9.38275e+03    1.32491e+04    6.11059e+02    4.79729e+03
     Coulomb-14        LJ (SR)  Disper. corr.   Coulomb (SR)      Potential
    4.91090e+04   -8.47726e+03   -9.63435e-01   -8.85942e+04   -1.64077e+04
    Kinetic En.   Total Energy  Conserved En.    Temperature Pres. DC (bar)
    1.50822e+04   -1.32546e+03    3.03686e+03    3.08394e+02   -1.86893e-03
 Pressure (bar)   Constr. rmsd
   -9.99233e-01    5.57953e-06

           Step           Time
           3500        3.50000

   Energies (kJ/mol)
           Bond          Angle    Proper Dih. Per. Imp. Dih.          LJ-14
    3.53671e+03    9.48096e+03    1.33231e+04    6.33739e+02    4.84352e+03
     Coulomb-14        LJ (SR)  Disper. corr.   Coulomb (SR)      Potential
    4.94742e+04   -8.53334e+03   -9.63435e-01   -8.92987e+04   -1.65408e+04
    Kinetic En.   Total Energy  Conserved En.    Temperature Pres. DC (bar)
    1.46380e+04   -1.90289e+03    3.03858e+03    2.99310e+02   -1.86893e-03
 Pressure (bar)   Constr. rmsd
   -1.40249e+00    5.62485e-06

           Step           Time
           4000        4.00000

   Energies (kJ/mol)
           Bond          Angle    Proper Dih. Per. Imp. Dih.          LJ-14
    3.54679e+03    9.42960e+03    1.32179e+04    5.76375e+02    4.86147e+03
     Coulomb-14        LJ (SR)  Disper. corr.   Coulomb (SR)      Potential
    4.92395e+04   -8.49576e+03   -9.63435e-01   -8.91464e+04   -1.67715e+04
    Kinetic En.   Total Energy  Conserved En.    Temperature Pres. DC (bar)
    1.47597e+04   -2.01180e+03    3.04471e+03    3.01800e+02   -1.86893e-03
 Pressure (bar)   Constr. rmsd
   -2.10174e+00    5.51584e-06

           Step           Time
           4500        4.50000

   Energies (kJ/mol)
           Bond          Angle    Proper Dih. Per. Imp. Dih.          LJ-14
    3.44885e+03    9.30558e+03    1.35042e+04    6.02829e+02    4.76404e+03
     Coulomb-14        LJ (SR)  Disper. corr.   Coulomb (SR)      Potential
    4.94213e+04   -8.31267e+03   -9.63435e-01   -8.98170e+04   -1.70839e+04
    Kinetic En.   Total Energy  Conserved En.    Temperature Pres. DC (bar)
    1.46457e+04   -2.43819e+03    3.05507e+03    2.99469e+02   -1.86893e-03
 Pressure (bar)   Constr. rmsd
   -1.10503e+00    5.56721e-06

           Step           Time
           5000        5.00000

   Energies (kJ/mol)
           Bond          Angle    Proper Dih. Per. Imp. Dih.          LJ-14
    3.39938e+03    9.46546e+03    1.34635e+04    6.60075e+02    4.86290e+03
     Coulomb-14        LJ (SR)  Disper. corr.   Coulomb (SR)      Potential
    4.95197e+04   -8.55111e+03   -9.63435e-01   -8.97248e+04   -1.69058e+04
    Kinetic En.   Total Energy  Conserved En.    Temperature Pres. DC (bar)
    1.47500e+04   -2.15580e+03    3.05995e+03    3.01602e+02   -1.86893e-03
 Pressure (bar)   Constr. rmsd
   -1.56909e-01    5.54117e-06

           Step           Time
           5500        5.50000

   Energies (kJ/mol)
           Bond          Angle    Proper Dih. Per. Imp. Dih.          LJ-14
    3.49687e+03    9.46468e+03    1.34978e+04    6.09052e+02    4.85613e+03
     Coulomb-14        LJ (SR)  Disper. corr.   Coulomb (SR)      Potential
    4.91122e+04   -8.52792e+03   -9.63435e-01   -8.96463e+04   -1.71384e+04
    Kinetic En.   Total Energy  Conserved En.    Temperature Pres. DC (bar)
    1.47182e+04   -2.42018e+03    3.07267e+03    3.00952e+02   -1.86893e-03
 Pressure (bar)   Constr. rmsd
    5.64259e-01    5.32959e-06

           Step           Time
           6000        6.00000

   Energies (kJ/mol)
           Bond          Angle    Proper Dih. Per. Imp. Dih.          LJ-14
    3.46488e+03    9.59855e+03    1.34929e+04    6.23047e+02    4.84647e+03
     Coulomb-14        LJ (SR)  Disper. corr.   Coulomb (SR)      Potential
    4.90839e+04   -8.53540e+03   -9.63435e-01   -8.97372e+04   -1.71639e+04
    Kinetic En.   Total Energy  Conserved En.    Temperature Pres. DC (bar)
    1.48013e+04   -2.36260e+03    3.07331e+03    3.02649e+02   -1.86893e-03
 Pressure (bar)   Constr. rmsd
    8.88674e-02    5.56464e-06

           Step           Time
           6500        6.50000

   Energies (kJ/mol)
           Bond          Angle    Proper Dih. Per. Imp. Dih.          LJ-14
    3.34299e+03    9.65247e+03    1.33222e+04    6.67069e+02    4.81322e+03
     Coulomb-14        LJ (SR)  Disper. corr.   Coulomb (SR)      Potential
    4.93202e+04   -8.26924e+03   -9.63435e-01   -9.00411e+04   -1.71931e+04
    Kinetic En.   Total Energy  Conserved En.    Temperature Pres. DC (bar)
    1.46265e+04   -2.56659e+03    3.08901e+03    2.99076e+02   -1.86893e-03
 Pressure (bar)   Constr. rmsd
    2.40086e+00    5.49665e-06

           Step           Time
           7000        7.00000

   Energies (kJ/mol)
           Bond          Angle    Proper Dih. Per. Imp. Dih.          LJ-14
    3.48283e+03    9.47603e+03    1.32243e+04    6.47290e+02    4.79563e+03
     Coulomb-14        LJ (SR)  Disper. corr.   Coulomb (SR)      Potential
    4.89254e+04   -8.55894e+03   -9.63435e-01   -8.96470e+04   -1.76555e+04
    Kinetic En.   Total Energy  Conserved En.    Temperature Pres. DC (bar)
    1.47939e+04   -2.86151e+03    3.09125e+03    3.02500e+02   -1.86893e-03
 Pressure (bar)   Constr. rmsd
    4.22061e-01    5.42167e-06

           Step           Time
           7500        7.50000

   Energies (kJ/mol)
           Bond          Angle    Proper Dih. Per. Imp. Dih.          LJ-14
    3.49701e+03    9.35204e+03    1.33405e+04    6.27799e+02    4.78747e+03
     Coulomb-14        LJ (SR)  Disper. corr.   Coulomb (SR)      Potential
    4.92760e+04   -8.51319e+03   -9.63435e-01   -8.98208e+04   -1.74541e+04
    Kinetic En.   Total Energy  Conserved En.    Temperature Pres. DC (bar)
    1.44930e+04   -2.96111e+03    3.09373e+03    2.96347e+02   -1.86893e-03
 Pressure (bar)   Constr. rmsd
   -1.20593e+00    5.32865e-06

           Step           Time
           8000        8.00000

   Energies (kJ/mol)
           Bond          Angle    Proper Dih. Per. Imp. Dih.          LJ-14
    3.53808e+03    9.70394e+03    1.32065e+04    5.86849e+02    4.80730e+03
     Coulomb-14        LJ (SR)  Disper. corr.   Coulomb (SR)      Potential
    4.88985e+04   -8.49823e+03   -9.63435e-01   -8.96715e+04   -1.74296e+04
    Kinetic En.   Total Energy  Conserved En.    Temperature Pres. DC (bar)
    1.48168e+04   -2.61282e+03    3.08819e+03    3.02966e+02   -1.86893e-03
 Pressure (bar)   Constr. rmsd
    9.49176e-01    5.54761e-06

           Step           Time
           8500        8.50000

   Energies (kJ/mol)
           Bond          Angle    Proper Dih. Per. Imp. Dih.          LJ-14
    3.45767e+03    9.58938e+03    1.31990e+04    6.80482e+02    4.86616e+03
     Coulomb-14        LJ (SR)  Disper. corr.   Coulomb (SR)      Potential
    4.90924e+04   -8.55504e+03   -9.63435e-01   -8.97653e+04   -1.74363e+04
    Kinetic En.   Total Energy  Conserved En.    Temperature Pres. DC (bar)
    1.44911e+04   -2.94519e+03    3.09578e+03    2.96306e+02   -1.86893e-03
 Pressure (bar)   Constr. rmsd
    8.05239e-01    5.54170e-06

           Step           Time
           9000        9.00000

   Energies (kJ/mol)
           Bond          Angle    Proper Dih. Per. Imp. Dih.          LJ-14
    3.66846e+03    9.86665e+03    1.31639e+04    6.69077e+02    4.79866e+03
     Coulomb-14        LJ (SR)  Disper. corr.   Coulomb (SR)      Potential
    4.87938e+04   -8.65842e+03   -9.63435e-01   -8.95424e+04   -1.72412e+04
    Kinetic En.   Total Energy  Conserved En.    Temperature Pres. DC (bar)
    1.44612e+04   -2.77997e+03    3.10941e+03    2.95697e+02   -1.86893e-03
 Pressure (bar)   Constr. rmsd
    4.50476e-01    5.62277e-06

           Step           Time
           9500        9.50000

   Energies (kJ/mol)
           Bond          Angle    Proper Dih. Per. Imp. Dih.          LJ-14
    3.40912e+03    9.78204e+03    1.32052e+04    6.42241e+02    4.85347e+03
     Coulomb-14        LJ (SR)  Disper. corr.   Coulomb (SR)      Potential
    4.90416e+04   -8.64440e+03   -9.63435e-01   -8.96421e+04   -1.73538e+04
    Kinetic En.   Total Energy  Conserved En.    Temperature Pres. DC (bar)
    1.46814e+04   -2.67237e+03    3.10422e+03    3.00198e+02   -1.86893e-03
 Pressure (bar)   Constr. rmsd
    9.00502e-01    5.43160e-06

           Step           Time
          10000       10.00000

   Energies (kJ/mol)
           Bond          Angle    Proper Dih. Per. Imp. Dih.          LJ-14
    3.46734e+03    9.80254e+03    1.33387e+04    6.73482e+02    4.91676e+03
     Coulomb-14        LJ (SR)  Disper. corr.   Coulomb (SR)      Potential
    4.91331e+04   -8.63367e+03   -9.63435e-01   -8.97779e+04   -1.70806e+04
    Kinetic En.   Total Energy  Conserved En.    Temperature Pres. DC (bar)
    1.45208e+04   -2.55982e+03    3.10989e+03    2.96915e+02   -1.86893e-03
 Pressure (bar)   Constr. rmsd
    2.21065e+00    5.68991e-06

           Step           Time
          10500       10.50000

   Energies (kJ/mol)
           Bond          Angle    Proper Dih. Per. Imp. Dih.          LJ-14
    3.59720e+03    9.67694e+03    1.32766e+04    6.24255e+02    4.86350e+03
     Coulomb-14        LJ (SR)  Disper. corr.   Coulomb (SR)      Potential
    4.91581e+04   -8.60423e+03   -9.63435e-01   -8.99097e+04   -1.73182e+04
    Kinetic En.   Total Energy  Conserved En.    Temperature Pres. DC (bar)
    1.46746e+04   -2.64369e+03    3.10497e+03    3.00058e+02   -1.86893e-03
 Pressure (bar)   Constr. rmsd
   -1.93307e+00    5.46949e-06

           Step           Time
          11000       11.00000

   Energies (kJ/mol)
           Bond          Angle    Proper Dih. Per. Imp. Dih.          LJ-14
    3.60471e+03    9.69975e+03    1.33005e+04    7.11741e+02    4.79487e+03
     Coulomb-14        LJ (SR)  Disper. corr.   Coulomb (SR)      Potential
    4.89817e+04   -8.65142e+03   -9.63435e-01   -8.97226e+04   -1.72817e+04
    Kinetic En.   Total Energy  Conserved En.    Temperature Pres. DC (bar)
    1.45972e+04   -2.68452e+03    3.11766e+03    2.98476e+02   -1.86893e-03
 Pressure (bar)   Constr. rmsd
    1.44115e+00    5.45117e-06

           Step           Time
          11500       11.50000

   Energies (kJ/mol)
           Bond          Angle    Proper Dih. Per. Imp. Dih.          LJ-14
    3.46004e+03    9.80699e+03    1.33349e+04    5.90037e+02    4.84051e+03
     Coulomb-14        LJ (SR)  Disper. corr.   Coulomb (SR)      Potential
    4.92532e+04   -8.69347e+03   -9.63435e-01   -8.99406e+04   -1.73493e+04
    Kinetic En.   Total Energy  Conserved En.    Temperature Pres. DC (bar)
    1.47284e+04   -2.62095e+03    3.11118e+03    3.01159e+02   -1.86893e-03
 Pressure (bar)   Constr. rmsd
    9.71450e-01    5.58127e-06

           Step           Time
          12000       12.00000

   Energies (kJ/mol)
           Bond          Angle    Proper Dih. Per. Imp. Dih.          LJ-14
    3.53192e+03    9.67738e+03    1.33198e+04    6.36420e+02    4.86940e+03
     Coulomb-14        LJ (SR)  Disper. corr.   Coulomb (SR)      Potential
    4.94598e+04   -8.71080e+03   -9.63435e-01   -9.02203e+04   -1.74374e+04
    Kinetic En.   Total Energy  Conserved En.    Temperature Pres. DC (bar)
    1.44921e+04   -2.94530e+03    3.10399e+03    2.96327e+02   -1.86893e-03
 Pressure (bar)   Constr. rmsd
   -8.31000e-01    5.46854e-06

           Step           Time
          12500       12.50000

   Energies (kJ/mol)
           Bond          Angle    Proper Dih. Per. Imp. Dih.          LJ-14
    3.58989e+03    9.55448e+03    1.31169e+04    5.90106e+02    4.82570e+03
     Coulomb-14        LJ (SR)  Disper. corr.   Coulomb (SR)      Potential
    4.91257e+04   -8.77051e+03   -9.63435e-01   -8.96945e+04   -1.76632e+04
    Kinetic En.   Total Energy  Conserved En.    Temperature Pres. DC (bar)
    1.48058e+04   -2.85741e+03    3.11127e+03    3.02742e+02   -1.86893e-03
 Pressure (bar)   Constr. rmsd
   -7.12396e-01    5.37999e-06

           Step           Time
          13000       13.00000

   Energies (kJ/mol)
           Bond          Angle    Proper Dih. Per. Imp. Dih.          LJ-14
    3.69105e+03    9.78727e+03    1.31397e+04    6.56642e+02    4.87639e+03
     Coulomb-14        LJ (SR)  Disper. corr.   Coulomb (SR)      Potential
    4.90738e+04   -8.44019e+03   -9.63435e-01   -8.99533e+04   -1.71696e+04
    Kinetic En.   Total Energy  Conserved En.    Temperature Pres. DC (bar)
    1.44137e+04   -2.75584e+03    3.12853e+03    2.94725e+02   -1.86893e-03
 Pressure (bar)   Constr. rmsd
   -1.39138e+00    5.49014e-06

           Step           Time
          13500       13.50000

   Energies (kJ/mol)
           Bond          Angle    Proper Dih. Per. Imp. Dih.          LJ-14
    3.60916e+03    9.92639e+03    1.32223e+04    6.29932e+02    4.81565e+03
     Coulomb-14        LJ (SR)  Disper. corr.   Coulomb (SR)      Potential
    4.90816e+04   -8.73437e+03   -9.63435e-01   -8.99097e+04   -1.73600e+04
    Kinetic En.   Total Energy  Conserved En.    Temperature Pres. DC (bar)
    1.47511e+04   -2.60896e+03    3.12878e+03    3.01623e+02   -1.86893e-03
 Pressure (bar)   Constr. rmsd
   -6.12159e-01    5.54188e-06

           Step           Time
          14000       14.00000

   Energies (kJ/mol)
           Bond          Angle    Proper Dih. Per. Imp. Dih.          LJ-14
    3.64853e+03    9.56882e+03    1.32478e+04    6.57563e+02    4.84924e+03
     Coulomb-14        LJ (SR)  Disper. corr.   Coulomb (SR)      Potential
    4.91510e+04   -8.75108e+03   -9.63435e-01   -8.98267e+04   -1.74558e+04
    Kinetic En.   Total Energy  Conserved En.    Temperature Pres. DC (bar)
    1.48083e+04   -2.64747e+03    3.13119e+03    3.02794e+02   -1.86893e-03
 Pressure (bar)   Constr. rmsd
    7.42349e-01    5.33359e-06

           Step           Time
          14500       14.50000

   Energies (kJ/mol)
           Bond          Angle    Proper Dih. Per. Imp. Dih.          LJ-14
    3.71088e+03    9.63471e+03    1.32355e+04    6.41485e+02    4.93081e+03
     Coulomb-14        LJ (SR)  Disper. corr.   Coulomb (SR)      Potential
    4.93826e+04   -8.67450e+03   -9.63435e-01   -9.01264e+04   -1.72659e+04
    Kinetic En.   Total Energy  Conserved En.    Temperature Pres. DC (bar)
    1.46504e+04   -2.61555e+03    3.13628e+03    2.99564e+02   -1.86893e-03
 Pressure (bar)   Constr. rmsd
    8.92040e-01    5.47164e-06

           Step           Time
          15000       15.00000

   Energies (kJ/mol)
           Bond          Angle    Proper Dih. Per. Imp. Dih.          LJ-14
    3.60400e+03    9.96386e+03    1.32855e+04    6.05812e+02    4.88479e+03
     Coulomb-14        LJ (SR)  Disper. corr.   Coulomb (SR)      Potential
    4.91600e+04   -8.76453e+03   -9.63435e-01   -9.00366e+04   -1.72982e+04
    Kinetic En.   Total Energy  Conserved En.    Temperature Pres. DC (bar)
    1.44584e+04   -2.83976e+03    3.14069e+03    2.95639e+02   -1.86893e-03
 Pressure (bar)   Constr. rmsd
    2.56709e-01    5.44781e-06

           Step           Time
          15500       15.50000

   Energies (kJ/mol)
           Bond          Angle    Proper Dih. Per. Imp. Dih.          LJ-14
    3.45840e+03    9.66084e+03    1.32555e+04    6.98903e+02    4.80342e+03
     Coulomb-14        LJ (SR)  Disper. corr.   Coulomb (SR)      Potential
    4.91839e+04   -8.59892e+03   -9.63435e-01   -9.01472e+04   -1.76861e+04
    Kinetic En.   Total Energy  Conserved En.    Temperature Pres. DC (bar)
    1.44651e+04   -3.22095e+03    3.14008e+03    2.95776e+02   -1.86893e-03
 Pressure (bar)   Constr. rmsd
   -3.84039e-01    5.39676e-06

           Step           Time
          16000       16.00000

   Energies (kJ/mol)
           Bond          Angle    Proper Dih. Per. Imp. Dih.          LJ-14
    3.59442e+03    9.56786e+03    1.33555e+04    6.44335e+02    4.80443e+03
     Coulomb-14        LJ (SR)  Disper. corr.   Coulomb (SR)      Potential
    4.93956e+04   -8.78257e+03   -9.63435e-01   -9.02374e+04   -1.76588e+04
    Kinetic En.   Total Energy  Conserved En.    Temperature Pres. DC (bar)
    1.47892e+04   -2.86963e+03    3.14819e+03    3.02402e+02   -1.86893e-03
 Pressure (bar)   Constr. rmsd
   -4.96680e-01    5.64880e-06

           Step           Time
          16500       16.50000

   Energies (kJ/mol)
           Bond          Angle    Proper Dih. Per. Imp. Dih.          LJ-14
    3.78243e+03    9.61046e+03    1.33193e+04    6.10528e+02    4.90821e+03
     Coulomb-14        LJ (SR)  Disper. corr.   Coulomb (SR)      Potential
    4.93351e+04   -8.67985e+03   -9.63435e-01   -9.02298e+04   -1.73446e+04
    Kinetic En.   Total Energy  Conserved En.    Temperature Pres. DC (bar)
    1.46074e+04   -2.73715e+03    3.14690e+03    2.98685e+02   -1.86893e-03
 Pressure (bar)   Constr. rmsd
   -2.01434e+00    5.63906e-06

           Step           Time
          17000       17.00000

   Energies (kJ/mol)
           Bond          Angle    Proper Dih. Per. Imp. Dih.          LJ-14
    3.66998e+03    9.89347e+03    1.32663e+04    6.71291e+02    4.82296e+03
     Coulomb-14        LJ (SR)  Disper. corr.   Coulomb (SR)      Potential
    4.89544e+04   -8.70747e+03   -9.63435e-01   -8.99060e+04   -1.73361e+04
    Kinetic En.   Total Energy  Conserved En.    Temperature Pres. DC (bar)
    1.46763e+04   -2.65976e+03    3.15552e+03    3.00095e+02   -1.86893e-03
 Pressure (bar)   Constr. rmsd
    1.60644e+00    5.63262e-06

           Step           Time
          17500       17.50000

   Energies (kJ/mol)
           Bond          Angle    Proper Dih. Per. Imp. Dih.          LJ-14
    3.70180e+03    9.61063e+03    1.32266e+04    5.84870e+02    4.82626e+03
     Coulomb-14        LJ (SR)  Disper. corr.   Coulomb (SR)      Potential
    4.90474e+04   -8.83258e+03   -9.63435e-01   -9.00911e+04   -1.79272e+04
    Kinetic En.   Total Energy  Conserved En.    Temperature Pres. DC (bar)
    1.46260e+04   -3.30117e+03    3.14837e+03    2.99065e+02   -1.86893e-03
 Pressure (bar)   Constr. rmsd
   -2.63394e-01    5.53769e-06

           Step           Time
          18000       18.00000

   Energies (kJ/mol)
           Bond          Angle    Proper Dih. Per. Imp. Dih.          LJ-14
    3.77472e+03    9.47927e+03    1.30744e+04    6.13957e+02    4.83650e+03
     Coulomb-14        LJ (SR)  Disper. corr.   Coulomb (SR)      Potential
    4.92555e+04   -8.56664e+03   -9.63435e-01   -9.02272e+04   -1.77604e+04
    Kinetic En.   Total Energy  Conserved En.    Temperature Pres. DC (bar)
    1.47380e+04   -3.02241e+03    3.14759e+03    3.01356e+02   -1.86893e-03
 Pressure (bar)   Constr. rmsd
   -1.43707e+00    5.54413e-06

           Step           Time
          18500       18.50000

   Energies (kJ/mol)
           Bond          Angle    Proper Dih. Per. Imp. Dih.          LJ-14
    3.48193e+03    9.66469e+03    1.33149e+04    6.27448e+02    4.87134e+03
     Coulomb-14        LJ (SR)  Disper. corr.   Coulomb (SR)      Potential
    4.91166e+04   -8.77683e+03   -9.63435e-01   -9.00913e+04   -1.77923e+04
    Kinetic En.   Total Energy  Conserved En.    Temperature Pres. DC (bar)
    1.45773e+04   -3.21492e+03    3.15209e+03    2.98071e+02   -1.86893e-03
 Pressure (bar)   Constr. rmsd
    2.16183e+00    5.35408e-06

           Step           Time
          19000       19.00000

   Energies (kJ/mol)
           Bond          Angle    Proper Dih. Per. Imp. Dih.          LJ-14
    3.56727e+03    9.72552e+03    1.33054e+04    6.34407e+02    4.87877e+03
     Coulomb-14        LJ (SR)  Disper. corr.   Coulomb (SR)      Potential
    4.92549e+04   -8.66464e+03   -9.63435e-01   -9.02298e+04   -1.75291e+04
    Kinetic En.   Total Energy  Conserved En.    Temperature Pres. DC (bar)
    1.48613e+04   -2.66780e+03    3.15113e+03    3.03878e+02   -1.86893e-03
 Pressure (bar)   Constr. rmsd
    2.25866e+00    5.52338e-06

           Step           Time
          19500       19.50000

   Energies (kJ/mol)
           Bond          Angle    Proper Dih. Per. Imp. Dih.          LJ-14
    3.68132e+03    9.73867e+03    1.34000e+04    5.42777e+02    4.77620e+03
     Coulomb-14        LJ (SR)  Disper. corr.   Coulomb (SR)      Potential
    4.91602e+04   -8.76135e+03   -9.63435e-01   -9.00622e+04   -1.75253e+04
    Kinetic En.   Total Energy  Conserved En.    Temperature Pres. DC (bar)
    1.49545e+04   -2.57083e+03    3.15450e+03    3.05782e+02   -1.86893e-03
 Pressure (bar)   Constr. rmsd
   -1.15044e+00    5.53217e-06

           Step           Time
          20000       20.00000

   Energies (kJ/mol)
           Bond          Angle    Proper Dih. Per. Imp. Dih.          LJ-14
    3.65430e+03    9.80239e+03    1.32881e+04    6.05694e+02    4.69642e+03
     Coulomb-14        LJ (SR)  Disper. corr.   Coulomb (SR)      Potential
    4.90732e+04   -8.75262e+03   -9.63435e-01   -8.99729e+04   -1.76063e+04
    Kinetic En.   Total Energy  Conserved En.    Temperature Pres. DC (bar)
    1.47107e+04   -2.89554e+03    3.16073e+03    3.00798e+02   -1.86893e-03
 Pressure (bar)   Constr. rmsd
   -2.41663e+00    5.47203e-06

           Step           Time
          20500       20.50000

   Energies (kJ/mol)
           Bond          Angle    Proper Dih. Per. Imp. Dih.          LJ-14
    3.46351e+03    9.89103e+03    1.31616e+04    6.64566e+02    4.79687e+03
     Coulomb-14        LJ (SR)  Disper. corr.   Coulomb (SR)      Potential
    4.90727e+04   -8.79909e+03   -9.63435e-01   -8.99750e+04   -1.77248e+04
    Kinetic En.   Total Energy  Conserved En.    Temperature Pres. DC (bar)
    1.45692e+04   -3.15559e+03    3.16325e+03    2.97904e+02   -1.86893e-03
 Pressure (bar)   Constr. rmsd
   -1.44557e-03    5.70163e-06

           Step           Time
          21000       21.00000

   Energies (kJ/mol)
           Bond          Angle    Proper Dih. Per. Imp. Dih.          LJ-14
    3.54134e+03    9.79766e+03    1.32549e+04    6.46122e+02    4.84831e+03
     Coulomb-14        LJ (SR)  Disper. corr.   Coulomb (SR)      Potential
    4.91222e+04   -8.65260e+03   -9.63435e-01   -9.02840e+04   -1.77271e+04
    Kinetic En.   Total Energy  Conserved En.    Temperature Pres. DC (bar)
    1.47505e+04   -2.97664e+03    3.17839e+03    3.01610e+02   -1.86893e-03
 Pressure (bar)   Constr. rmsd
    1.89241e+00    5.46149e-06

           Step           Time
          21500       21.50000

   Energies (kJ/mol)
           Bond          Angle    Proper Dih. Per. Imp. Dih.          LJ-14
    3.83409e+03    9.87444e+03    1.33377e+04    6.31731e+02    4.75912e+03
     Coulomb-14        LJ (SR)  Disper. corr.   Coulomb (SR)      Potential
    4.90683e+04   -8.75745e+03   -9.63435e-01   -9.01934e+04   -1.74464e+04
    Kinetic En.   Total Energy  Conserved En.    Temperature Pres. DC (bar)
    1.47342e+04   -2.71228e+03    3.18164e+03    3.01277e+02   -1.86893e-03
 Pressure (bar)   Constr. rmsd
   -1.49041e+00    5.42203e-06

           Step           Time
          22000       22.00000

   Energies (kJ/mol)
           Bond          Angle    Proper Dih. Per. Imp. Dih.          LJ-14
    3.48438e+03    9.90298e+03    1.33589e+04    6.80441e+02    4.84446e+03
     Coulomb-14        LJ (SR)  Disper. corr.   Coulomb (SR)      Potential
    4.94676e+04   -8.85580e+03   -9.63435e-01   -9.04054e+04   -1.75234e+04
    Kinetic En.   Total Energy  Conserved En.    Temperature Pres. DC (bar)
    1.50378e+04   -2.48560e+03    3.18176e+03    3.07486e+02   -1.86893e-03
 Pressure (bar)   Constr. rmsd
   -4.56837e-01    5.41686e-06

           Step           Time
          22500       22.50000

   Energies (kJ/mol)
           Bond          Angle    Proper Dih. Per. Imp. Dih.          LJ-14
    3.56522e+03    1.01286e+04    1.34044e+04    6.30362e+02    4.87405e+03
     Coulomb-14        LJ (SR)  Disper. corr.   Coulomb (SR)      Potential
    4.91697e+04   -8.65985e+03   -9.63435e-01   -9.04826e+04   -1.73712e+04
    Kinetic En.   Total Energy  Conserved En.    Temperature Pres. DC (bar)
    1.47703e+04   -2.60086e+03    3.19533e+03    3.02016e+02   -1.86893e-03
 Pressure (bar)   Constr. rmsd
    9.66585e-01    5.46861e-06

           Step           Time
          23000       23.00000

   Energies (kJ/mol)
           Bond          Angle    Proper Dih. Per. Imp. Dih.          LJ-14
    3.76703e+03    9.87310e+03    1.33141e+04    6.37996e+02    4.80141e+03
     Coulomb-14        LJ (SR)  Disper. corr.   Coulomb (SR)      Potential
    4.91783e+04   -8.60737e+03   -9.63435e-01   -9.05944e+04   -1.76308e+04
    Kinetic En.   Total Energy  Conserved En.    Temperature Pres. DC (bar)
    1.47102e+04   -2.92062e+03    3.19825e+03    3.00787e+02   -1.86893e-03
 Pressure (bar)   Constr. rmsd
   -2.37751e+00    5.36407e-06

           Step           Time
          23500       23.50000

   Energies (kJ/mol)
           Bond          Angle    Proper Dih. Per. Imp. Dih.          LJ-14
    3.61392e+03    9.67708e+03    1.33030e+04    6.76683e+02    4.80013e+03
     Coulomb-14        LJ (SR)  Disper. corr.   Coulomb (SR)      Potential
    4.93877e+04   -8.86354e+03   -9.63435e-01   -9.03977e+04   -1.78037e+04
    Kinetic En.   Total Energy  Conserved En.    Temperature Pres. DC (bar)
    1.48055e+04   -2.99817e+03    3.19780e+03    3.02736e+02   -1.86893e-03
 Pressure (bar)   Constr. rmsd
   -8.94110e-01    5.49954e-06

           Step           Time
          24000       24.00000

   Energies (kJ/mol)
           Bond          Angle    Proper Dih. Per. Imp. Dih.          LJ-14
    3.73228e+03    9.98990e+03    1.31542e+04    6.06511e+02    4.87164e+03
     Coulomb-14        LJ (SR)  Disper. corr.   Coulomb (SR)      Potential
    4.91832e+04   -8.63627e+03   -9.63435e-01   -9.02618e+04   -1.73612e+04
    Kinetic En.   Total Energy  Conserved En.    Temperature Pres. DC (bar)
    1.45636e+04   -2.79759e+03    3.20680e+03    2.97789e+02   -1.86893e-03
 Pressure (bar)   Constr. rmsd
   -6.91176e-01    5.52582e-06

           Step           Time
          24500       24.50000

   Energies (kJ/mol)
           Bond          Angle    Proper Dih. Per. Imp. Dih.          LJ-14
    3.49398e+03    9.75113e+03    1.31989e+04    5.89361e+02    4.85217e+03
     Coulomb-14        LJ (SR)  Disper. corr.   Coulomb (SR)      Potential
    4.91787e+04   -8.83284e+03   -9.63435e-01   -9.01107e+04   -1.78802e+04
    Kinetic En.   Total Energy  Conserved En.    Temperature Pres. DC (bar)
    1.45275e+04   -3.35270e+03    3.20204e+03    2.97051e+02   -1.86893e-03
 Pressure (bar)   Constr. rmsd
    1.13571e+00    5.62588e-06

           Step           Time
          25000       25.00000

   Energies (kJ/mol)
           Bond          Angle    Proper Dih. Per. Imp. Dih.          LJ-14
    3.56408e+03    9.78398e+03    1.32574e+04    6.37510e+02    4.79217e+03
     Coulomb-14        LJ (SR)  Disper. corr.   Coulomb (SR)      Potential
    4.91086e+04   -8.72731e+03   -9.63435e-01   -9.02027e+04   -1.77872e+04
    Kinetic En.   Total Energy  Conserved En.    Temperature Pres. DC (bar)
    1.47743e+04   -3.01292e+03    3.20717e+03    3.02098e+02   -1.86893e-03
 Pressure (bar)   Constr. rmsd
   -1.37729e+00    5.60207e-06

           Step           Time
          25500       25.50000

   Energies (kJ/mol)
           Bond          Angle    Proper Dih. Per. Imp. Dih.          LJ-14
    3.63043e+03    9.78771e+03    1.31388e+04    6.35710e+02    4.78670e+03
     Coulomb-14        LJ (SR)  Disper. corr.   Coulomb (SR)      Potential
    4.90409e+04   -8.62014e+03   -9.63435e-01   -9.02163e+04   -1.78171e+04
    Kinetic En.   Total Energy  Conserved En.    Temperature Pres. DC (bar)
    1.47632e+04   -3.05398e+03    3.21106e+03    3.01870e+02   -1.86893e-03
 Pressure (bar)   Constr. rmsd
   -1.49267e+00    5.43650e-06

           Step           Time
          26000       26.00000

   Energies (kJ/mol)
           Bond          Angle    Proper Dih. Per. Imp. Dih.          LJ-14
    3.71664e+03    9.60027e+03    1.32549e+04    6.51491e+02    4.83613e+03
     Coulomb-14        LJ (SR)  Disper. corr.   Coulomb (SR)      Potential
    4.91005e+04   -8.78228e+03   -9.63435e-01   -9.02461e+04   -1.78694e+04
    Kinetic En.   Total Energy  Conserved En.    Temperature Pres. DC (bar)
    1.45290e+04   -3.34040e+03    3.22200e+03    2.97083e+02   -1.86893e-03
 Pressure (bar)   Constr. rmsd
    1.07078e-01    5.52747e-06

           Step           Time
          26500       26.50000

   Energies (kJ/mol)
           Bond          Angle    Proper Dih. Per. Imp. Dih.          LJ-14
    3.48661e+03    9.85896e+03    1.32383e+04    6.54632e+02    4.79418e+03
     Coulomb-14        LJ (SR)  Disper. corr.   Coulomb (SR)      Potential
    4.94864e+04   -8.74191e+03   -9.63435e-01   -9.03764e+04   -1.76002e+04
    Kinetic En.   Total Energy  Conserved En.    Temperature Pres. DC (bar)
    1.46218e+04   -2.97838e+03    3.22791e+03    2.98980e+02   -1.86893e-03
 Pressure (bar)   Constr. rmsd
   -1.77377e+00    5.43091e-06

           Step           Time
          27000       27.00000

   Energies (kJ/mol)
           Bond          Angle    Proper Dih. Per. Imp. Dih.          LJ-14
    3.57355e+03    9.62063e+03    1.32147e+04    6.40140e+02    4.77610e+03
     Coulomb-14        LJ (SR)  Disper. corr.   Coulomb (SR)      Potential
    4.92171e+04   -8.76003e+03   -9.63435e-01   -9.05120e+04   -1.82308e+04
    Kinetic En.   Total Energy  Conserved En.    Temperature Pres. DC (bar)
    1.43423e+04   -3.88850e+03    3.22661e+03    2.93265e+02   -1.86893e-03
 Pressure (bar)   Constr. rmsd
    1.01639e-01    5.60996e-06

           Step           Time
          27500       27.50000

   Energies (kJ/mol)
           Bond          Angle    Proper Dih. Per. Imp. Dih.          LJ-14
    3.62204e+03    9.53301e+03    1.31863e+04    6.17546e+02    4.86248e+03
     Coulomb-14        LJ (SR)  Disper. corr.   Coulomb (SR)      Potential
    4.93618e+04   -8.71530e+03   -9.63435e-01   -9.05658e+04   -1.80989e+04
    Kinetic En.   Total Energy  Conserved En.    Temperature Pres. DC (bar)
    1.46316e+04   -3.46725e+03    3.23321e+03    2.99181e+02   -1.86893e-03
 Pressure (bar)   Constr. rmsd
    1.83648e+00    5.49585e-06

           Step           Time
          28000       28.00000

   Energies (kJ/mol)
           Bond          Angle    Proper Dih. Per. Imp. Dih.          LJ-14
    3.63984e+03    9.94456e+03    1.32794e+04    6.55504e+02    4.85530e+03
     Coulomb-14        LJ (SR)  Disper. corr.   Coulomb (SR)      Potential
    4.89798e+04   -8.80383e+03   -9.63435e-01   -8.99092e+04   -1.73596e+04
    Kinetic En.   Total Energy  Conserved En.    Temperature Pres. DC (bar)
    1.45112e+04   -2.84848e+03    3.23262e+03    2.96717e+02   -1.86893e-03
 Pressure (bar)   Constr. rmsd
    1.58166e+00    5.52375e-06

           Step           Time
          28500       28.50000

   Energies (kJ/mol)
           Bond          Angle    Proper Dih. Per. Imp. Dih.          LJ-14
    3.57336e+03    9.56198e+03    1.31509e+04    6.68928e+02    4.87665e+03
     Coulomb-14        LJ (SR)  Disper. corr.   Coulomb (SR)      Potential
    4.93258e+04   -8.53849e+03   -9.63435e-01   -9.05121e+04   -1.78940e+04
    Kinetic En.   Total Energy  Conserved En.    Temperature Pres. DC (bar)
    1.46407e+04   -3.25323e+03    3.22824e+03    2.99367e+02   -1.86893e-03
 Pressure (bar)   Constr. rmsd
    9.99795e-01    5.43286e-06

           Step           Time
          29000       29.00000

   Energies (kJ/mol)
           Bond          Angle    Proper Dih. Per. Imp. Dih.          LJ-14
    3.76265e+03    9.87914e+03    1.31368e+04    6.68040e+02    4.87705e+03
     Coulomb-14        LJ (SR)  Disper. corr.   Coulomb (SR)      Potential
    4.92432e+04   -8.69824e+03   -9.63435e-01   -9.02953e+04   -1.74276e+04
    Kinetic En.   Total Energy  Conserved En.    Temperature Pres. DC (bar)
    1.48790e+04   -2.54862e+03    3.24133e+03    3.04238e+02   -1.86893e-03
 Pressure (bar)   Constr. rmsd
   -1.11360e+00    5.37892e-06

           Step           Time
          29500       29.50000

   Energies (kJ/mol)
           Bond          Angle    Proper Dih. Per. Imp. Dih.          LJ-14
    3.55591e+03    9.83173e+03    1.31820e+04    6.50133e+02    4.77219e+03
     Coulomb-14        LJ (SR)  Disper. corr.   Coulomb (SR)      Potential
    4.93658e+04   -8.66461e+03   -9.63435e-01   -9.03732e+04   -1.76810e+04
    Kinetic En.   Total Energy  Conserved En.    Temperature Pres. DC (bar)
    1.43197e+04   -3.36131e+03    3.24672e+03    2.92803e+02   -1.86893e-03
 Pressure (bar)   Constr. rmsd
   -7.30071e-01    5.47294e-06

           Step           Time
          30000       30.00000

Writing checkpoint, step 30000 at Sat Apr 22 17:38:59 2023


   Energies (kJ/mol)
           Bond          Angle    Proper Dih. Per. Imp. Dih.          LJ-14
    3.50945e+03    9.85176e+03    1.32834e+04    7.00753e+02    4.75763e+03
     Coulomb-14        LJ (SR)  Disper. corr.   Coulomb (SR)      Potential
    4.92762e+04   -8.76302e+03   -9.63435e-01   -9.03985e+04   -1.77833e+04
    Kinetic En.   Total Energy  Conserved En.    Temperature Pres. DC (bar)
    1.45176e+04   -3.26569e+03    3.25546e+03    2.96849e+02   -1.86893e-03
 Pressure (bar)   Constr. rmsd
   -2.56603e+00    5.48199e-06


Energy conservation over simulation part #1 of length 30 ps, time 0 to 30 ps
  Conserved energy drift: 8.36e-04 kJ/mol/ps per atom


	<======  ###############  ==>
	<====  A V E R A G E S  ====>
	<==  ###############  ======>

	Statistics over 30001 steps using 301 frames

   Energies (kJ/mol)
           Bond          Angle    Proper Dih. Per. Imp. Dih.          LJ-14
    3.57800e+03    9.68859e+03    1.32784e+04    6.37842e+02    4.83537e+03
     Coulomb-14        LJ (SR)  Disper. corr.   Coulomb (SR)      Potential
    4.91986e+04   -8.62810e+03   -9.63435e-01   -8.97815e+04   -1.71937e+04
    Kinetic En.   Total Energy  Conserved En.    Temperature Pres. DC (bar)
    1.46714e+04   -2.52232e+03    3.13728e+03    2.99995e+02   -1.86893e-03
 Pressure (bar)   Constr. rmsd
    2.61131e-02    0.00000e+00

   Total Virial (kJ/mol)
    4.69633e+03    8.13716e+00    2.08018e+01
    8.13174e+00    4.91793e+03    5.92532e+00
    2.07914e+01    5.91912e+00    4.99348e+03

   Pressure (bar)
    7.90374e-02   -5.64797e-02   -4.26208e-02
   -5.64731e-02    3.92137e-02   -2.26302e-02
   -4.26080e-02   -2.26226e-02   -3.99118e-02


	M E G A - F L O P S   A C C O U N T I N G

 NB=Group-cutoff nonbonded kernels    NxN=N-by-N cluster Verlet kernels
 RF=Reaction-Field  VdW=Van der Waals  QSTab=quadratic-spline table
 W3=SPC/TIP3p  W4=TIP4p (single or pairs)
 V&F=Potential and force  V=Potential only  F=Force only

 Computing:                               M-Number         M-Flops  % Flops
-----------------------------------------------------------------------------
 Pair Search distance check             870.351670        7833.165     0.2
 NxN RF Elec. + LJ [F]               119618.679336     4545509.815    94.5
 NxN RF Elec. + LJ [V&F]               1212.219848       65459.872     1.4
 NxN RF Electrostatics [F]               93.074616        2885.313     0.1
 NxN RF Electrostatics [V&F]              1.006312          36.227     0.0
 1,4 nonbonded interactions             372.072402       33486.516     0.7
 Shift-X                                  7.083219          42.499     0.0
 Bonds                                   71.642388        4226.901     0.1
 Angles                                 259.418647       43582.333     0.9
 Propers                                401.563385       91958.015     1.9
 Impropers                               28.710957        5971.879     0.1
 Virial                                   1.433964          25.811     0.0
 Stop-CM                                  1.420419          14.204     0.0
 Calc-Ekin                               14.166438         382.494     0.0
 Lincs                                   71.702390        4302.143     0.1
 Lincs-Mat                              397.813260        1591.253     0.0
 Constraint-V                           143.404780        1290.643     0.0
 Constraint-Vir                           0.719390          17.265     0.0
-----------------------------------------------------------------------------
 Total                                                 4808616.349   100.0
-----------------------------------------------------------------------------


      R E A L   C Y C L E   A N D   T I M E   A C C O U N T I N G

On 1 MPI rank, each using 8 OpenMP threads

 Activity:              Num   Num      Call    Wall time         Giga-Cycles
                        Ranks Threads  Count      (s)         total sum    %
--------------------------------------------------------------------------------
 Neighbor search           1    8       1501       4.019         90.291   2.1
 Force                     1    8      30001     174.722       3925.512  89.4
 NB X/F buffer ops.        1    8      58501       7.331        164.702   3.7
 Write traj.               1    8         61       0.046          1.028   0.0
 Update                    1    8      30001       4.569        102.645   2.3
 Constraints               1    8      30001       3.887         87.340   2.0
 Rest                                              0.925         20.789   0.5
--------------------------------------------------------------------------------
 Total                                           195.499       4392.306 100.0
--------------------------------------------------------------------------------

               Core t (s)   Wall t (s)        (%)
       Time:     1563.982      195.499      800.0
                 (ns/day)    (hour/ns)
Performance:       13.259        1.810
Finished mdrun on rank 0 Sat Apr 22 17:38:59 2023

