                   :-) GROMACS - gmx mdrun, 2023-Homebrew (-:

Copyright 1991-2023 The GROMACS Authors.
GROMACS is free software; you can redistribute it and/or modify it
under the terms of the GNU Lesser General Public License
as published by the Free Software Foundation; either version 2.1
of the License, or (at your option) any later version.

                         Current GROMACS contributors:
       Mark Abraham           Andrey Alekseenko           Cathrine Bergh      
      Christian Blau            Eliane Briand             Mahesh Doijade      
    Stefan Fleischmann           Vytas Gapsys              Gaurav Garg        
      Sergey Gorelov         Gilles Gouaillardet            Alan Gray         
     M. Eric Irrgang         Farzaneh Jalalypour            Joe Jordan        
    Christoph Junghans        Prashanth Kanduri          Sebastian Keller     
     Carsten Kutzner           Justin A. Lemkul          Magnus Lundborg      
       Pascal Merz              Vedran Miletic            Dmitry Morozov      
       Szilard Pall             Roland Schulz             Michael Shirts      
     Alexey Shvetsov            Balint Soproni         David van der Spoel    
      Philip Turner             Carsten Uphoff           Alessandra Villa     
 Sebastian Wingbermuehle        Artem Zhmurov       

                         Previous GROMACS contributors:
        Emile Apol             Rossen Apostolov           James Barnett       
  Herman J.C. Berendsen          Par Bjelkmar           Viacheslav Bolnykh    
        Kevin Boyd            Aldert van Buuren          Carlo Camilloni      
     Rudi van Drunen            Anton Feenstra           Oliver Fleetwood     
     Gerrit Groenhof            Bert de Groot             Anca Hamuraru       
    Vincent Hindriksen          Victor Holanda           Aleksei Iupinov      
   Dimitrios Karkoulis           Peter Kasson             Sebastian Kehl      
        Jiri Kraus               Per Larsson              Viveca Lindahl      
      Erik Marklund           Pieter Meulenhoff           Teemu Murtola       
       Sander Pronk             Alfons Sijbers            Peter Tieleman      
       Jon Vincent             Teemu Virolainen         Christian Wennberg    
       Maarten Wolf       

                  Coordinated by the GROMACS project leaders:
                    Paul Bauer, Berk Hess, and Erik Lindahl

GROMACS:      gmx mdrun, version 2023-Homebrew
Executable:   /usr/local/bin/../Cellar/gromacs/2023/bin/gmx
Data prefix:  /usr/local/bin/../Cellar/gromacs/2023
Working dir:  /Users/giovanni_buonfrate/Documents/GitHub/RDD-SuMD
Process ID:   8689
Command line:
  gmx mdrun -s sumd/undefined_simulation/md.tpr -o sumd/undefined_simulation/md.trr -c sumd/undefined_simulation/md.gro -x sumd/undefined_simulation/md.xtc -g sumd/undefined_simulation/md.log -e sumd/undefined_simulation/md.edr -nb cpu -append

GROMACS version:    2023-Homebrew
Precision:          mixed
Memory model:       64 bit
MPI library:        thread_mpi
OpenMP support:     enabled (GMX_OPENMP_MAX_THREADS = 128)
GPU support:        disabled
SIMD instructions:  SSE4.1
CPU FFT library:    fftw-3.3.10-sse2-avx-avx2-avx2_128
GPU FFT library:    none
Multi-GPU FFT:      none
RDTSCP usage:       enabled
TNG support:        enabled
Hwloc support:      disabled
Tracing support:    disabled
C compiler:         /usr/local/opt/gcc/bin/gcc-12
C compiler flags:   -fexcess-precision=fast -funroll-all-loops -Wa,-q -msse4.1 -Wno-missing-field-initializers -O3 -DNDEBUG
C++ compiler:       /usr/local/opt/gcc/bin/g++-12
C++ compiler flags: -fexcess-precision=fast -funroll-all-loops -Wa,-q -msse4.1 -Wno-missing-field-initializers -Weverything -Wno-c++98-compat -Wno-c++98-compat-pedantic -Wno-return-std-move-in-c++11 -Wno-source-uses-openmp -Wno-c++17-extensions -Wno-documentation-unknown-command -Wno-covered-switch-default -Wno-switch-enum -Wno-extra-semi-stmt -Wno-weak-vtables -Wno-shadow -Wno-padded -Wno-reserved-id-macro -Wno-double-promotion -Wno-exit-time-destructors -Wno-global-constructors -Wno-documentation -Wno-format-nonliteral -Wno-used-but-marked-unused -Wno-float-equal -Wno-conditional-uninitialized -Wno-conversion -Wno-disabled-macro-expansion -Wno-unused-macros -Wno-unsafe-buffer-usage -Wno-cast-function-type-strict -fopenmp -O3 -DNDEBUG
BLAS library:       External - detected on the system
LAPACK library:     External - detected on the system


Running on 1 node with total 0 processing units
Hardware detected on host mac-giovanni.homenet.telecomitalia.it:
  CPU info:
    Vendor: Intel
    Brand:  Intel(R) Core(TM) i7-7700HQ CPU @ 2.80GHz
    Family: 6   Model: 158   Stepping: 9
    Features: aes apic avx avx2 clfsh cmov cx8 cx16 f16c fma htt intel lahf mmx msr nonstop_tsc pcid pclmuldq pdcm pdpe1gb popcnt pse rdrnd rdtscp sse2 sse3 sse4.1 sse4.2 ssse3 tdt x2apic
  Hardware topology: Only logical processor count
    CPU limit set by OS: -1   Recommended max number of threads: 8

Highest SIMD level supported by all nodes in run: AVX2_256
SIMD instructions selected at compile time:       SSE4.1
This program was compiled for different hardware than you are running on,
which could influence performance.

++++ PLEASE READ AND CITE THE FOLLOWING REFERENCE ++++
M. J. Abraham, T. Murtola, R. Schulz, S. Páll, J. C. Smith, B. Hess, E.
Lindahl
GROMACS: High performance molecular simulations through multi-level
parallelism from laptops to supercomputers
SoftwareX 1 (2015) pp. 19-25
-------- -------- --- Thank You --- -------- --------


++++ PLEASE READ AND CITE THE FOLLOWING REFERENCE ++++
S. Páll, M. J. Abraham, C. Kutzner, B. Hess, E. Lindahl
Tackling Exascale Software Challenges in Molecular Dynamics Simulations with
GROMACS
In S. Markidis & E. Laure (Eds.), Solving Software Challenges for Exascale 8759 (2015) pp. 3-27
-------- -------- --- Thank You --- -------- --------


++++ PLEASE READ AND CITE THE FOLLOWING REFERENCE ++++
S. Pronk, S. Páll, R. Schulz, P. Larsson, P. Bjelkmar, R. Apostolov, M. R.
Shirts, J. C. Smith, P. M. Kasson, D. van der Spoel, B. Hess, and E. Lindahl
GROMACS 4.5: a high-throughput and highly parallel open source molecular
simulation toolkit
Bioinformatics 29 (2013) pp. 845-54
-------- -------- --- Thank You --- -------- --------


++++ PLEASE READ AND CITE THE FOLLOWING REFERENCE ++++
B. Hess and C. Kutzner and D. van der Spoel and E. Lindahl
GROMACS 4: Algorithms for highly efficient, load-balanced, and scalable
molecular simulation
J. Chem. Theory Comput. 4 (2008) pp. 435-447
-------- -------- --- Thank You --- -------- --------


++++ PLEASE READ AND CITE THE FOLLOWING REFERENCE ++++
D. van der Spoel, E. Lindahl, B. Hess, G. Groenhof, A. E. Mark and H. J. C.
Berendsen
GROMACS: Fast, Flexible and Free
J. Comp. Chem. 26 (2005) pp. 1701-1719
-------- -------- --- Thank You --- -------- --------


++++ PLEASE READ AND CITE THE FOLLOWING REFERENCE ++++
E. Lindahl and B. Hess and D. van der Spoel
GROMACS 3.0: A package for molecular simulation and trajectory analysis
J. Mol. Mod. 7 (2001) pp. 306-317
-------- -------- --- Thank You --- -------- --------


++++ PLEASE READ AND CITE THE FOLLOWING REFERENCE ++++
H. J. C. Berendsen, D. van der Spoel and R. van Drunen
GROMACS: A message-passing parallel molecular dynamics implementation
Comp. Phys. Comm. 91 (1995) pp. 43-56
-------- -------- --- Thank You --- -------- --------

Input Parameters:
   integrator                     = md
   tinit                          = 0
   dt                             = 0.002
   nsteps                         = 9000
   init-step                      = 0
   simulation-part                = 1
   mts                            = false
   comm-mode                      = Linear
   nstcomm                        = 100
   bd-fric                        = 0
   ld-seed                        = 1993
   emtol                          = 10
   emstep                         = 0.01
   niter                          = 20
   fcstep                         = 0
   nstcgsteep                     = 1000
   nbfgscorr                      = 10
   rtpi                           = 0.05
   nstxout                        = 50000
   nstvout                        = 50000
   nstfout                        = 50000
   nstlog                         = 500
   nstcalcenergy                  = 100
   nstenergy                      = 500
   nstxout-compressed             = 500
   compressed-x-precision         = 1000
   cutoff-scheme                  = Verlet
   nstlist                        = 20
   pbc                            = xyz
   periodic-molecules             = false
   verlet-buffer-tolerance        = -1
   rlist                          = 1.1
   coulombtype                    = Cut-off
   coulomb-modifier               = Potential-shift
   rcoulomb-switch                = 0.9
   rcoulomb                       = 1
   epsilon-r                      = 1
   epsilon-rf                     = 1
   vdw-type                       = Cut-off
   vdw-modifier                   = Potential-shift
   rvdw-switch                    = 0.9
   rvdw                           = 1
   DispCorr                       = EnerPres
   table-extension                = 1
   fourierspacing                 = 0.12
   fourier-nx                     = 0
   fourier-ny                     = 0
   fourier-nz                     = 0
   pme-order                      = 4
   ewald-rtol                     = 1e-05
   ewald-rtol-lj                  = 0.001
   lj-pme-comb-rule               = Geometric
   ewald-geometry                 = 3d
   epsilon-surface                = 0
   ensemble-temperature-setting   = constant
   ensemble-temperature           = 300
   tcoupl                         = V-rescale
   nsttcouple                     = 10
   nh-chain-length                = 0
   print-nose-hoover-chain-variables = false
   pcoupl                         = No
   pcoupltype                     = Isotropic
   nstpcouple                     = -1
   tau-p                          = 5
   compressibility (3x3):
      compressibility[    0]={ 0.00000e+00,  0.00000e+00,  0.00000e+00}
      compressibility[    1]={ 0.00000e+00,  0.00000e+00,  0.00000e+00}
      compressibility[    2]={ 0.00000e+00,  0.00000e+00,  0.00000e+00}
   ref-p (3x3):
      ref-p[    0]={ 0.00000e+00,  0.00000e+00,  0.00000e+00}
      ref-p[    1]={ 0.00000e+00,  0.00000e+00,  0.00000e+00}
      ref-p[    2]={ 0.00000e+00,  0.00000e+00,  0.00000e+00}
   refcoord-scaling               = COM
   posres-com (3):
      posres-com[0]= 0.00000e+00
      posres-com[1]= 0.00000e+00
      posres-com[2]= 0.00000e+00
   posres-comB (3):
      posres-comB[0]= 0.00000e+00
      posres-comB[1]= 0.00000e+00
      posres-comB[2]= 0.00000e+00
   QMMM                           = false
qm-opts:
   ngQM                           = 0
   constraint-algorithm           = Lincs
   continuation                   = false
   Shake-SOR                      = false
   shake-tol                      = 0.0001
   lincs-order                    = 4
   lincs-iter                     = 1
   lincs-warnangle                = 30
   nwall                          = 0
   wall-type                      = 9-3
   wall-r-linpot                  = -1
   wall-atomtype[0]               = -1
   wall-atomtype[1]               = -1
   wall-density[0]                = 0
   wall-density[1]                = 0
   wall-ewald-zfac                = 3
   pull                           = false
   awh                            = false
   rotation                       = false
   interactiveMD                  = false
   disre                          = No
   disre-weighting                = Conservative
   disre-mixed                    = false
   dr-fc                          = 1000
   dr-tau                         = 0
   nstdisreout                    = 100
   orire-fc                       = 0
   orire-tau                      = 0
   nstorireout                    = 100
   free-energy                    = no
   cos-acceleration               = 0
   deform (3x3):
      deform[    0]={ 0.00000e+00,  0.00000e+00,  0.00000e+00}
      deform[    1]={ 0.00000e+00,  0.00000e+00,  0.00000e+00}
      deform[    2]={ 0.00000e+00,  0.00000e+00,  0.00000e+00}
   simulated-tempering            = false
   swapcoords                     = no
   userint1                       = 0
   userint2                       = 0
   userint3                       = 0
   userint4                       = 0
   userreal1                      = 0
   userreal2                      = 0
   userreal3                      = 0
   userreal4                      = 0
   applied-forces:
     electric-field:
       x:
         E0                       = 0
         omega                    = 0
         t0                       = 0
         sigma                    = 0
       y:
         E0                       = 0
         omega                    = 0
         t0                       = 0
         sigma                    = 0
       z:
         E0                       = 0
         omega                    = 0
         t0                       = 0
         sigma                    = 0
     density-guided-simulation:
       active                     = false
       group                      = protein
       similarity-measure         = inner-product
       atom-spreading-weight      = unity
       force-constant             = 1e+09
       gaussian-transform-spreading-width = 0.2
       gaussian-transform-spreading-range-in-multiples-of-width = 4
       reference-density-filename = reference.mrc
       nst                        = 1
       normalize-densities        = true
       adaptive-force-scaling     = false
       adaptive-force-scaling-time-constant = 4
       shift-vector               = 
       transformation-matrix      = 
     qmmm-cp2k:
       active                     = false
       qmgroup                    = System
       qmmethod                   = PBE
       qmfilenames                = 
       qmcharge                   = 0
       qmmultiplicity             = 1
grpopts:
   nrdf:       11764
   ref-t:         300
   tau-t:         0.1
annealing:          No
annealing-npoints:           0
   acc:	           0           0           0
   nfreeze:           N           N           N
   energygrp-flags[  0]: 0

Can not increase nstlist because verlet-buffer-tolerance is not set or used
When checking whether update groups are usable:
  Domain decomposition is not active, so there is no need for update groups

Update task can not run on the GPU, because the following condition(s) were not satisfied:

Either PME or short-ranged non-bonded interaction tasks must run on the GPU.
Compatible GPUs must have been found.
Only CUDA and SYCL builds are supported.
The number of coupled constraints is higher than supported in the GPU LINCS code.
Chosen GPU implementation does not support constraints.

Using 1 MPI thread
Using 8 OpenMP threads 

System total charge: 8.000
Potential shift: LJ r^-12: -1.000e+00 r^-6: -1.000e+00, Coulomb -1e+00
Generated table with 1050 data points for 1-4 COUL.
Tabscale = 500 points/nm
Generated table with 1050 data points for 1-4 LJ6.
Tabscale = 500 points/nm
Generated table with 1050 data points for 1-4 LJ12.
Tabscale = 500 points/nm
Long Range LJ corr.: <C6> 8.7960e-04


Using SIMD 4x4 nonbonded short-range kernels

Using a 4x4 pair-list setup:
  updated every 20 steps, buffer 0.100 nm, rlist 1.100 nm

Using Lorentz-Berthelot Lennard-Jones combination rule
Removing pbc first time

Initializing LINear Constraint Solver

++++ PLEASE READ AND CITE THE FOLLOWING REFERENCE ++++
B. Hess and H. Bekker and H. J. C. Berendsen and J. G. E. M. Fraaije
LINCS: A Linear Constraint Solver for molecular simulations
J. Comp. Chem. 18 (1997) pp. 1463-1472
-------- -------- --- Thank You --- -------- --------

The number of constraints is 2390

++++ PLEASE READ AND CITE THE FOLLOWING REFERENCE ++++
G. Bussi, D. Donadio and M. Parrinello
Canonical sampling through velocity rescaling
J. Chem. Phys. 126 (2007) pp. 014101
-------- -------- --- Thank You --- -------- --------

There are: 4719 Atoms

Constraining the starting coordinates (step 0)

Constraining the coordinates at t0-dt (step 0)
Center of mass motion removal mode is Linear
We have the following groups for center of mass motion removal:
  0:  System
RMS relative constraint deviation after constraining: 4.96e-06
Initial temperature: 297.73 K

Started mdrun on rank 0 Mon May  8 20:12:15 2023

           Step           Time
              0        0.00000

   Energies (kJ/mol)
           Bond          Angle    Proper Dih. Per. Imp. Dih.          LJ-14
    3.75691e+03    9.75933e+03    1.32569e+04    6.03681e+02    4.87034e+03
     Coulomb-14        LJ (SR)  Disper. corr.   Coulomb (SR)      Potential
    4.92859e+04   -8.48058e+03   -9.97868e+00   -9.02797e+04   -1.72371e+04
    Kinetic En.   Total Energy  Conserved En.    Temperature Pres. DC (bar)
    1.45249e+04   -2.71222e+03   -2.71222e+03    2.96998e+02   -2.94067e-02
 Pressure (bar)   Constr. rmsd
   -5.09721e+00    4.81711e-06

           Step           Time
            500        1.00000

   Energies (kJ/mol)
           Bond          Angle    Proper Dih. Per. Imp. Dih.          LJ-14
    3.59574e+03    9.88148e+03    1.32392e+04    6.37867e+02    4.85099e+03
     Coulomb-14        LJ (SR)  Disper. corr.   Coulomb (SR)      Potential
    4.92116e+04   -8.47722e+03   -9.97868e+00   -9.02992e+04   -1.73696e+04
    Kinetic En.   Total Energy  Conserved En.    Temperature Pres. DC (bar)
    1.45967e+04   -2.77287e+03   -2.69680e+03    2.98466e+02   -2.94067e-02
 Pressure (bar)   Constr. rmsd
    4.30234e+00    4.89574e-06

           Step           Time
           1000        2.00000

   Energies (kJ/mol)
           Bond          Angle    Proper Dih. Per. Imp. Dih.          LJ-14
    3.55351e+03    1.00251e+04    1.31556e+04    6.25063e+02    4.81203e+03
     Coulomb-14        LJ (SR)  Disper. corr.   Coulomb (SR)      Potential
    4.89466e+04   -8.61112e+03   -9.97868e+00   -9.00832e+04   -1.75864e+04
    Kinetic En.   Total Energy  Conserved En.    Temperature Pres. DC (bar)
    1.49283e+04   -2.65811e+03   -2.70254e+03    3.05246e+02   -2.94067e-02
 Pressure (bar)   Constr. rmsd
   -1.67047e+00    4.89132e-06

           Step           Time
           1500        3.00000

   Energies (kJ/mol)
           Bond          Angle    Proper Dih. Per. Imp. Dih.          LJ-14
    3.81032e+03    9.70977e+03    1.31678e+04    6.35106e+02    4.86007e+03
     Coulomb-14        LJ (SR)  Disper. corr.   Coulomb (SR)      Potential
    4.90248e+04   -8.52131e+03   -9.97868e+00   -9.01015e+04   -1.74250e+04
    Kinetic En.   Total Energy  Conserved En.    Temperature Pres. DC (bar)
    1.47251e+04   -2.69987e+03   -2.63787e+03    3.01092e+02   -2.94067e-02
 Pressure (bar)   Constr. rmsd
   -1.45321e+00    4.93530e-06

           Step           Time
           2000        4.00000

   Energies (kJ/mol)
           Bond          Angle    Proper Dih. Per. Imp. Dih.          LJ-14
    3.71967e+03    9.78117e+03    1.32035e+04    6.01269e+02    4.87465e+03
     Coulomb-14        LJ (SR)  Disper. corr.   Coulomb (SR)      Potential
    4.90591e+04   -8.64128e+03   -9.97868e+00   -9.02466e+04   -1.76585e+04
    Kinetic En.   Total Energy  Conserved En.    Temperature Pres. DC (bar)
    1.49182e+04   -2.74025e+03   -2.59391e+03    3.05041e+02   -2.94067e-02
 Pressure (bar)   Constr. rmsd
    2.04441e-01    4.93253e-06

           Step           Time
           2500        5.00000

   Energies (kJ/mol)
           Bond          Angle    Proper Dih. Per. Imp. Dih.          LJ-14
    3.76011e+03    9.96025e+03    1.32998e+04    6.48516e+02    4.86831e+03
     Coulomb-14        LJ (SR)  Disper. corr.   Coulomb (SR)      Potential
    4.92087e+04   -8.86173e+03   -9.97868e+00   -9.03312e+04   -1.74571e+04
    Kinetic En.   Total Energy  Conserved En.    Temperature Pres. DC (bar)
    1.49573e+04   -2.49978e+03   -2.55346e+03    3.05840e+02   -2.94067e-02
 Pressure (bar)   Constr. rmsd
   -2.97189e-01    4.91894e-06

           Step           Time
           3000        6.00000

   Energies (kJ/mol)
           Bond          Angle    Proper Dih. Per. Imp. Dih.          LJ-14
    3.67276e+03    9.74569e+03    1.32714e+04    6.82522e+02    4.90207e+03
     Coulomb-14        LJ (SR)  Disper. corr.   Coulomb (SR)      Potential
    4.91188e+04   -8.64686e+03   -9.97868e+00   -9.02002e+04   -1.74638e+04
    Kinetic En.   Total Energy  Conserved En.    Temperature Pres. DC (bar)
    1.47721e+04   -2.69163e+03   -2.48912e+03    3.02054e+02   -2.94067e-02
 Pressure (bar)   Constr. rmsd
    9.21993e+00    4.88056e-06

           Step           Time
           3500        7.00000

   Energies (kJ/mol)
           Bond          Angle    Proper Dih. Per. Imp. Dih.          LJ-14
    3.50540e+03    9.86418e+03    1.32320e+04    6.66106e+02    4.89314e+03
     Coulomb-14        LJ (SR)  Disper. corr.   Coulomb (SR)      Potential
    4.91311e+04   -8.80234e+03   -9.97868e+00   -9.02445e+04   -1.77649e+04
    Kinetic En.   Total Energy  Conserved En.    Temperature Pres. DC (bar)
    1.45888e+04   -3.17607e+03   -2.49631e+03    2.98305e+02   -2.94067e-02
 Pressure (bar)   Constr. rmsd
    7.16861e+00    4.95221e-06

           Step           Time
           4000        8.00000

   Energies (kJ/mol)
           Bond          Angle    Proper Dih. Per. Imp. Dih.          LJ-14
    3.86946e+03    9.87115e+03    1.33957e+04    6.27925e+02    4.99050e+03
     Coulomb-14        LJ (SR)  Disper. corr.   Coulomb (SR)      Potential
    4.90167e+04   -8.68278e+03   -9.97868e+00   -9.05059e+04   -1.74272e+04
    Kinetic En.   Total Energy  Conserved En.    Temperature Pres. DC (bar)
    1.47082e+04   -2.71899e+03   -2.41519e+03    3.00746e+02   -2.94067e-02
 Pressure (bar)   Constr. rmsd
    1.11398e+01    4.79586e-06

           Step           Time
           4500        9.00000

   Energies (kJ/mol)
           Bond          Angle    Proper Dih. Per. Imp. Dih.          LJ-14
    3.64360e+03    9.64981e+03    1.32891e+04    5.92885e+02    4.96649e+03
     Coulomb-14        LJ (SR)  Disper. corr.   Coulomb (SR)      Potential
    4.92802e+04   -8.68866e+03   -9.97868e+00   -9.06629e+04   -1.79395e+04
    Kinetic En.   Total Energy  Conserved En.    Temperature Pres. DC (bar)
    1.45654e+04   -3.37408e+03   -2.39398e+03    2.97826e+02   -2.94067e-02
 Pressure (bar)   Constr. rmsd
    7.84286e+00    4.79726e-06

           Step           Time
           5000       10.00000

   Energies (kJ/mol)
           Bond          Angle    Proper Dih. Per. Imp. Dih.          LJ-14
    3.80198e+03    9.90858e+03    1.32194e+04    6.64382e+02    4.90881e+03
     Coulomb-14        LJ (SR)  Disper. corr.   Coulomb (SR)      Potential
    4.91963e+04   -8.65684e+03   -9.97868e+00   -9.02281e+04   -1.71955e+04
    Kinetic En.   Total Energy  Conserved En.    Temperature Pres. DC (bar)
    1.44460e+04   -2.74954e+03   -2.32912e+03    2.95384e+02   -2.94067e-02
 Pressure (bar)   Constr. rmsd
    5.92701e+00    4.85159e-06

           Step           Time
           5500       11.00000

   Energies (kJ/mol)
           Bond          Angle    Proper Dih. Per. Imp. Dih.          LJ-14
    3.67658e+03    9.72745e+03    1.30855e+04    6.08313e+02    4.87116e+03
     Coulomb-14        LJ (SR)  Disper. corr.   Coulomb (SR)      Potential
    4.91649e+04   -8.68915e+03   -9.97868e+00   -9.04841e+04   -1.80493e+04
    Kinetic En.   Total Energy  Conserved En.    Temperature Pres. DC (bar)
    1.47846e+04   -3.26466e+03   -2.34628e+03    3.02309e+02   -2.94067e-02
 Pressure (bar)   Constr. rmsd
    2.82208e+00    4.81589e-06

           Step           Time
           6000       12.00000

   Energies (kJ/mol)
           Bond          Angle    Proper Dih. Per. Imp. Dih.          LJ-14
    3.85694e+03    1.00007e+04    1.30937e+04    6.28122e+02    4.85243e+03
     Coulomb-14        LJ (SR)  Disper. corr.   Coulomb (SR)      Potential
    4.89515e+04   -8.58827e+03   -9.97868e+00   -9.03580e+04   -1.75728e+04
    Kinetic En.   Total Energy  Conserved En.    Temperature Pres. DC (bar)
    1.46038e+04   -2.96908e+03   -2.29195e+03    2.98611e+02   -2.94067e-02
 Pressure (bar)   Constr. rmsd
   -2.84963e+00    5.11003e-06

           Step           Time
           6500       13.00000

   Energies (kJ/mol)
           Bond          Angle    Proper Dih. Per. Imp. Dih.          LJ-14
    3.54154e+03    9.82222e+03    1.31940e+04    6.66761e+02    4.84460e+03
     Coulomb-14        LJ (SR)  Disper. corr.   Coulomb (SR)      Potential
    4.91806e+04   -8.59826e+03   -9.97868e+00   -9.04968e+04   -1.78553e+04
    Kinetic En.   Total Energy  Conserved En.    Temperature Pres. DC (bar)
    1.48281e+04   -3.02721e+03   -2.28540e+03    3.03198e+02   -2.94067e-02
 Pressure (bar)   Constr. rmsd
    1.12602e+01    5.16659e-06

