                :-) GROMACS - gmx grompp, 2022-plumed_2.8.1 (-:

Executable:   /opt/gromacs/2022.4/bin/gmx
Data prefix:  /opt/gromacs/2022.4
Working dir:  /home/marcello/Documenti/GitHub/RDD-SuMD
Command line:
  gmx grompp -c sysprep/solv.pdb -r sysprep/solv.pdb -p sysprep/topol/topol.top -f tmp.mdp -o sysprep/ions.tpr -maxwarn 0


NOTE 1 [file tmp.mdp]:
  For a correct single-point energy evaluation with nsteps = 0, use
  continuation = yes to avoid constraining the input coordinates.

Generating 1-4 interactions: fudge = 0.5

NOTE 2 [file topol.top, line 44604]:
  System has non-zero total charge: 8.000000
  Total charge should normally be an integer. See
  http://www.gromacs.org/Documentation/Floating_Point_Arithmetic
  for discussion on how close it should be to an integer.
  



-------------------------------------------------------
Program:     gmx grompp, version 2022-plumed_2.8.1
Source file: src/gromacs/gmxpreprocess/grompp.cpp (line 703)

Fatal error:
number of coordinates in coordinate file (sysprep/solv.pdb, 671338)
             does not match topology (sysprep/topol/topol.top, 671340)

For more information and tips for troubleshooting, please check the GROMACS
website at http://www.gromacs.org/Documentation/Errors
-------------------------------------------------------
Setting the LD random seed to -17008681

Generated 2850 of the 2850 non-bonded parameter combinations

Generated 2850 of the 2850 1-4 parameter combinations

Excluding 3 bonded neighbours molecule type 'Protein'

Excluding 3 bonded neighbours molecule type 'LIG'

Excluding 2 bonded neighbours molecule type 'SOL'
