                   :-) GROMACS - gmx mdrun, 2023-Homebrew (-:

Copyright 1991-2023 The GROMACS Authors.
GROMACS is free software; you can redistribute it and/or modify it
under the terms of the GNU Lesser General Public License
as published by the Free Software Foundation; either version 2.1
of the License, or (at your option) any later version.

                         Current GROMACS contributors:
       Mark Abraham           Andrey Alekseenko           Cathrine Bergh      
      Christian Blau            Eliane Briand             Mahesh Doijade      
    Stefan Fleischmann           Vytas Gapsys              Gaurav Garg        
      Sergey Gorelov         Gilles Gouaillardet            Alan Gray         
     M. Eric Irrgang         Farzaneh Jalalypour            Joe Jordan        
    Christoph Junghans        Prashanth Kanduri          Sebastian Keller     
     Carsten Kutzner           Justin A. Lemkul          Magnus Lundborg      
       Pascal Merz              Vedran Miletic            Dmitry Morozov      
       Szilard Pall             Roland Schulz             Michael Shirts      
     Alexey Shvetsov            Balint Soproni         David van der Spoel    
      Philip Turner             Carsten Uphoff           Alessandra Villa     
 Sebastian Wingbermuehle        Artem Zhmurov       

                         Previous GROMACS contributors:
        Emile Apol             Rossen Apostolov           James Barnett       
  Herman J.C. Berendsen          Par Bjelkmar           Viacheslav Bolnykh    
        Kevin Boyd            Aldert van Buuren          Carlo Camilloni      
     Rudi van Drunen            Anton Feenstra           Oliver Fleetwood     
     Gerrit Groenhof            Bert de Groot             Anca Hamuraru       
    Vincent Hindriksen          Victor Holanda           Aleksei Iupinov      
   Dimitrios Karkoulis           Peter Kasson             Sebastian Kehl      
        Jiri Kraus               Per Larsson              Viveca Lindahl      
      Erik Marklund           Pieter Meulenhoff           Teemu Murtola       
       Sander Pronk             Alfons Sijbers            Peter Tieleman      
       Jon Vincent             Teemu Virolainen         Christian Wennberg    
       Maarten Wolf       

                  Coordinated by the GROMACS project leaders:
                    Paul Bauer, Berk Hess, and Erik Lindahl

GROMACS:      gmx mdrun, version 2023-Homebrew
Executable:   /usr/local/bin/../Cellar/gromacs/2023/bin/gmx
Data prefix:  /usr/local/bin/../Cellar/gromacs/2023
Working dir:  /Users/giovanni_buonfrate/Documents/GitHub/RDD-SuMD
Process ID:   8486
Command line:
  gmx mdrun -s sumd/sysprep/minimization/min.tpr -o sumd/sysprep/minimization/min.trr -c sumd/sysprep/minimization/min.gro -x -g sumd/sysprep/minimization/min.log -e sumd/sysprep/minimization/min.edr -nb cpu

GROMACS version:    2023-Homebrew
Precision:          mixed
Memory model:       64 bit
MPI library:        thread_mpi
OpenMP support:     enabled (GMX_OPENMP_MAX_THREADS = 128)
GPU support:        disabled
SIMD instructions:  SSE4.1
CPU FFT library:    fftw-3.3.10-sse2-avx-avx2-avx2_128
GPU FFT library:    none
Multi-GPU FFT:      none
RDTSCP usage:       enabled
TNG support:        enabled
Hwloc support:      disabled
Tracing support:    disabled
C compiler:         /usr/local/opt/gcc/bin/gcc-12
C compiler flags:   -fexcess-precision=fast -funroll-all-loops -Wa,-q -msse4.1 -Wno-missing-field-initializers -O3 -DNDEBUG
C++ compiler:       /usr/local/opt/gcc/bin/g++-12
C++ compiler flags: -fexcess-precision=fast -funroll-all-loops -Wa,-q -msse4.1 -Wno-missing-field-initializers -Weverything -Wno-c++98-compat -Wno-c++98-compat-pedantic -Wno-return-std-move-in-c++11 -Wno-source-uses-openmp -Wno-c++17-extensions -Wno-documentation-unknown-command -Wno-covered-switch-default -Wno-switch-enum -Wno-extra-semi-stmt -Wno-weak-vtables -Wno-shadow -Wno-padded -Wno-reserved-id-macro -Wno-double-promotion -Wno-exit-time-destructors -Wno-global-constructors -Wno-documentation -Wno-format-nonliteral -Wno-used-but-marked-unused -Wno-float-equal -Wno-conditional-uninitialized -Wno-conversion -Wno-disabled-macro-expansion -Wno-unused-macros -Wno-unsafe-buffer-usage -Wno-cast-function-type-strict -fopenmp -O3 -DNDEBUG
BLAS library:       External - detected on the system
LAPACK library:     External - detected on the system


Running on 1 node with total 0 processing units
Hardware detected on host mac-giovanni.homenet.telecomitalia.it:
  CPU info:
    Vendor: Intel
    Brand:  Intel(R) Core(TM) i7-7700HQ CPU @ 2.80GHz
    Family: 6   Model: 158   Stepping: 9
    Features: aes apic avx avx2 clfsh cmov cx8 cx16 f16c fma htt intel lahf mmx msr nonstop_tsc pcid pclmuldq pdcm pdpe1gb popcnt pse rdrnd rdtscp sse2 sse3 sse4.1 sse4.2 ssse3 tdt x2apic
  Hardware topology: Only logical processor count
    CPU limit set by OS: -1   Recommended max number of threads: 8

Highest SIMD level supported by all nodes in run: AVX2_256
SIMD instructions selected at compile time:       SSE4.1
This program was compiled for different hardware than you are running on,
which could influence performance.

++++ PLEASE READ AND CITE THE FOLLOWING REFERENCE ++++
M. J. Abraham, T. Murtola, R. Schulz, S. Páll, J. C. Smith, B. Hess, E.
Lindahl
GROMACS: High performance molecular simulations through multi-level
parallelism from laptops to supercomputers
SoftwareX 1 (2015) pp. 19-25
-------- -------- --- Thank You --- -------- --------


++++ PLEASE READ AND CITE THE FOLLOWING REFERENCE ++++
S. Páll, M. J. Abraham, C. Kutzner, B. Hess, E. Lindahl
Tackling Exascale Software Challenges in Molecular Dynamics Simulations with
GROMACS
In S. Markidis & E. Laure (Eds.), Solving Software Challenges for Exascale 8759 (2015) pp. 3-27
-------- -------- --- Thank You --- -------- --------


++++ PLEASE READ AND CITE THE FOLLOWING REFERENCE ++++
S. Pronk, S. Páll, R. Schulz, P. Larsson, P. Bjelkmar, R. Apostolov, M. R.
Shirts, J. C. Smith, P. M. Kasson, D. van der Spoel, B. Hess, and E. Lindahl
GROMACS 4.5: a high-throughput and highly parallel open source molecular
simulation toolkit
Bioinformatics 29 (2013) pp. 845-54
-------- -------- --- Thank You --- -------- --------


++++ PLEASE READ AND CITE THE FOLLOWING REFERENCE ++++
B. Hess and C. Kutzner and D. van der Spoel and E. Lindahl
GROMACS 4: Algorithms for highly efficient, load-balanced, and scalable
molecular simulation
J. Chem. Theory Comput. 4 (2008) pp. 435-447
-------- -------- --- Thank You --- -------- --------


++++ PLEASE READ AND CITE THE FOLLOWING REFERENCE ++++
D. van der Spoel, E. Lindahl, B. Hess, G. Groenhof, A. E. Mark and H. J. C.
Berendsen
GROMACS: Fast, Flexible and Free
J. Comp. Chem. 26 (2005) pp. 1701-1719
-------- -------- --- Thank You --- -------- --------


++++ PLEASE READ AND CITE THE FOLLOWING REFERENCE ++++
E. Lindahl and B. Hess and D. van der Spoel
GROMACS 3.0: A package for molecular simulation and trajectory analysis
J. Mol. Mod. 7 (2001) pp. 306-317
-------- -------- --- Thank You --- -------- --------


++++ PLEASE READ AND CITE THE FOLLOWING REFERENCE ++++
H. J. C. Berendsen, D. van der Spoel and R. van Drunen
GROMACS: A message-passing parallel molecular dynamics implementation
Comp. Phys. Comm. 91 (1995) pp. 43-56
-------- -------- --- Thank You --- -------- --------

Input Parameters:
   integrator                     = steep
   tinit                          = 0
   dt                             = 0.001
   nsteps                         = 10000
   init-step                      = 0
   simulation-part                = 1
   mts                            = false
   comm-mode                      = Linear
   nstcomm                        = 100
   bd-fric                        = 0
   ld-seed                        = 798949211
   emtol                          = 1000
   emstep                         = 0.01
   niter                          = 20
   fcstep                         = 0
   nstcgsteep                     = 1000
   nbfgscorr                      = 10
   rtpi                           = 0.05
   nstxout                        = 100
   nstvout                        = 100
   nstfout                        = 100
   nstlog                         = 10
   nstcalcenergy                  = 10
   nstenergy                      = 10
   nstxout-compressed             = 100
   compressed-x-precision         = 1000
   cutoff-scheme                  = Verlet
   nstlist                        = 1
   pbc                            = xyz
   periodic-molecules             = false
   verlet-buffer-tolerance        = 5e-08
   rlist                          = 1
   coulombtype                    = PME
   coulomb-modifier               = Potential-shift
   rcoulomb-switch                = 0.9
   rcoulomb                       = 1
   epsilon-r                      = 1
   epsilon-rf                     = 1
   vdw-type                       = Cut-off
   vdw-modifier                   = Potential-shift
   rvdw-switch                    = 0.9
   rvdw                           = 1
   DispCorr                       = No
   table-extension                = 1
   fourierspacing                 = 0.12
   fourier-nx                     = 160
   fourier-ny                     = 160
   fourier-nz                     = 160
   pme-order                      = 4
   ewald-rtol                     = 1e-05
   ewald-rtol-lj                  = 0.001
   lj-pme-comb-rule               = Geometric
   ewald-geometry                 = 3d
   epsilon-surface                = 0
   ensemble-temperature-setting   = not available
   ensemble-temperature           = -1
   tcoupl                         = No
   nsttcouple                     = -1
   nh-chain-length                = 0
   print-nose-hoover-chain-variables = false
   pcoupl                         = No
   pcoupltype                     = Isotropic
   nstpcouple                     = -1
   tau-p                          = 1
   compressibility (3x3):
      compressibility[    0]={ 0.00000e+00,  0.00000e+00,  0.00000e+00}
      compressibility[    1]={ 0.00000e+00,  0.00000e+00,  0.00000e+00}
      compressibility[    2]={ 0.00000e+00,  0.00000e+00,  0.00000e+00}
   ref-p (3x3):
      ref-p[    0]={ 0.00000e+00,  0.00000e+00,  0.00000e+00}
      ref-p[    1]={ 0.00000e+00,  0.00000e+00,  0.00000e+00}
      ref-p[    2]={ 0.00000e+00,  0.00000e+00,  0.00000e+00}
   refcoord-scaling               = No
   posres-com (3):
      posres-com[0]= 0.00000e+00
      posres-com[1]= 0.00000e+00
      posres-com[2]= 0.00000e+00
   posres-comB (3):
      posres-comB[0]= 0.00000e+00
      posres-comB[1]= 0.00000e+00
      posres-comB[2]= 0.00000e+00
   QMMM                           = false
qm-opts:
   ngQM                           = 0
   constraint-algorithm           = Lincs
   continuation                   = false
   Shake-SOR                      = false
   shake-tol                      = 0.0001
   lincs-order                    = 4
   lincs-iter                     = 1
   lincs-warnangle                = 30
   nwall                          = 0
   wall-type                      = 9-3
   wall-r-linpot                  = -1
   wall-atomtype[0]               = -1
   wall-atomtype[1]               = -1
   wall-density[0]                = 0
   wall-density[1]                = 0
   wall-ewald-zfac                = 3
   pull                           = false
   awh                            = false
   rotation                       = false
   interactiveMD                  = false
   disre                          = No
   disre-weighting                = Conservative
   disre-mixed                    = false
   dr-fc                          = 1000
   dr-tau                         = 0
   nstdisreout                    = 100
   orire-fc                       = 0
   orire-tau                      = 0
   nstorireout                    = 100
   free-energy                    = no
   cos-acceleration               = 0
   deform (3x3):
      deform[    0]={ 0.00000e+00,  0.00000e+00,  0.00000e+00}
      deform[    1]={ 0.00000e+00,  0.00000e+00,  0.00000e+00}
      deform[    2]={ 0.00000e+00,  0.00000e+00,  0.00000e+00}
   simulated-tempering            = false
   swapcoords                     = no
   userint1                       = 0
   userint2                       = 0
   userint3                       = 0
   userint4                       = 0
   userreal1                      = 0
   userreal2                      = 0
   userreal3                      = 0
   userreal4                      = 0
   applied-forces:
     electric-field:
       x:
         E0                       = 0
         omega                    = 0
         t0                       = 0
         sigma                    = 0
       y:
         E0                       = 0
         omega                    = 0
         t0                       = 0
         sigma                    = 0
       z:
         E0                       = 0
         omega                    = 0
         t0                       = 0
         sigma                    = 0
     density-guided-simulation:
       active                     = false
       group                      = protein
       similarity-measure         = inner-product
       atom-spreading-weight      = unity
       force-constant             = 1e+09
       gaussian-transform-spreading-width = 0.2
       gaussian-transform-spreading-range-in-multiples-of-width = 4
       reference-density-filename = reference.mrc
       nst                        = 1
       normalize-densities        = true
       adaptive-force-scaling     = false
       adaptive-force-scaling-time-constant = 4
       shift-vector               = 
       transformation-matrix      = 
     qmmm-cp2k:
       active                     = false
       qmgroup                    = System
       qmmethod                   = PBE
       qmfilenames                = 
       qmcharge                   = 0
       qmmultiplicity             = 1
grpopts:
   nrdf:       14154
   ref-t:           0
   tau-t:           0
annealing:          No
annealing-npoints:           0
   acc:	           0           0           0
   nfreeze:           N           N           N
   energygrp-flags[  0]: 0

When checking whether update groups are usable:
  No constraints or virtual sites are in use, so it is best not to use update groups

Update task can not run on the GPU, because the following condition(s) were not satisfied:

Either PME or short-ranged non-bonded interaction tasks must run on the GPU.
Compatible GPUs must have been found.
Only CUDA and SYCL builds are supported.
Only the md integrator is supported.
The number of coupled constraints is higher than supported in the GPU LINCS code.

Initializing Domain Decomposition on 1 ranks
NOTE: disabling dynamic load balancing as it is only supported with dynamics, not with integrator 'steep'.
Dynamic load balancing: off
Minimum cell size due to atom displacement: 0.000 nm
Initial maximum distances in bonded interactions:
    two-body bonded interactions: 0.418 nm, LJ-14, atoms 2130 2131
  multi-body bonded interactions: 0.418 nm, Proper Dih., atoms 2131 2130
Minimum cell size due to bonded interactions: 0.460 nm
Using 0 separate PME ranks because: there are too few total ranks for efficient splitting
Optimizing the DD grid for 1 cells with a minimum initial size of 0.460 nm
The maximum allowed number of cells is: X 41 Y 41 Z 41
Domain decomposition grid 1 x 1 x 1, separate PME ranks 0
PME domain decomposition: 1 x 1 x 1

The initial number of communication pulses is:
The initial domain decomposition cell size is:

The maximum allowed distance for atoms involved in interactions is:
                 non-bonded interactions           1.000 nm
            two-body bonded interactions  (-rdd)   1.000 nm
          multi-body bonded interactions  (-rdd)   1.000 nm

Using 1 MPI thread
Using 8 OpenMP threads 

System total charge: 8.000
Will do PME sum in reciprocal space for electrostatic interactions.

++++ PLEASE READ AND CITE THE FOLLOWING REFERENCE ++++
U. Essmann, L. Perera, M. L. Berkowitz, T. Darden, H. Lee and L. G. Pedersen 
A smooth particle mesh Ewald method
J. Chem. Phys. 103 (1995) pp. 8577-8592
-------- -------- --- Thank You --- -------- --------

Using a Gaussian width (1/beta) of 0.320163 nm for Ewald
Potential shift: LJ r^-12: -1.000e+00 r^-6: -1.000e+00, Ewald -1.000e-05
Initialized non-bonded Coulomb Ewald tables, spacing: 9.33e-04 size: 1073

Generated table with 1000 data points for 1-4 COUL.
Tabscale = 500 points/nm
Generated table with 1000 data points for 1-4 LJ6.
Tabscale = 500 points/nm
Generated table with 1000 data points for 1-4 LJ12.
Tabscale = 500 points/nm


Using SIMD 4x4 nonbonded short-range kernels

Using a 4x4 pair-list setup:
  updated every 1 steps, buffer 0.000 nm, rlist 1.000 nm

Using Lorentz-Berthelot Lennard-Jones combination rule
Removing pbc first time

Linking all bonded interactions to atoms


Note that activating steepest-descent energy minimization via the integrator .mdp option and the command gmx mdrun may be available in a different form in a future version of GROMACS, e.g. gmx minimize and an .mdp option.
Initiating Steepest Descents

Atom distribution over 1 domains: av 4719 stddev 0 min 4719 max 4719
Started Steepest Descents on rank 0 Mon May  8 20:03:56 2023


Steepest Descents:
   Tolerance (Fmax)   =  1.00000e+03
   Number of steps    =        10000
           Step           Time
              0        0.00000

   Energies (kJ/mol)
           Bond          Angle    Proper Dih. Per. Imp. Dih.          LJ-14
    2.35134e+04    2.31132e+03    1.12706e+04    2.28579e+01    6.43743e+03
     Coulomb-14        LJ (SR)   Coulomb (SR)   Coul. recip.      Potential
    5.17548e+04    4.64481e+03   -8.82084e+04    8.85275e+03    2.05996e+04
 Pressure (bar)
    6.53313e+02

           Step           Time
              1        1.00000

   Energies (kJ/mol)
           Bond          Angle    Proper Dih. Per. Imp. Dih.          LJ-14
    2.27817e+04    2.31616e+03    1.12732e+04    2.26916e+01    6.43369e+03
     Coulomb-14        LJ (SR)   Coulomb (SR)   Coul. recip.      Potential
    5.17485e+04   -2.12322e+03   -8.82114e+04    8.84883e+03    1.30901e+04
 Pressure (bar)
    5.84561e+02

           Step           Time
              2        2.00000

   Energies (kJ/mol)
           Bond          Angle    Proper Dih. Per. Imp. Dih.          LJ-14
    2.00220e+04    2.36065e+03    1.12843e+04    2.21910e+01    6.41878e+03
     Coulomb-14        LJ (SR)   Coulomb (SR)   Coul. recip.      Potential
    5.17250e+04   -5.26982e+03   -8.82217e+04    8.83389e+03    7.17527e+03
 Pressure (bar)
    5.44033e+02

           Step           Time
              3        3.00000

   Energies (kJ/mol)
           Bond          Angle    Proper Dih. Per. Imp. Dih.          LJ-14
    1.06979e+04    2.81259e+03    1.13332e+04    2.30952e+01    6.35797e+03
     Coulomb-14        LJ (SR)   Coulomb (SR)   Coul. recip.      Potential
    5.16290e+04   -6.24172e+03   -8.82648e+04    8.77323e+03   -2.87959e+03
 Pressure (bar)
    4.85257e+02

           Step           Time
              4        4.00000

   Energies (kJ/mol)
           Bond          Angle    Proper Dih. Per. Imp. Dih.          LJ-14
    2.92472e+03    4.11353e+03    1.13641e+04    7.43119e+01    6.18492e+03
     Coulomb-14        LJ (SR)   Coulomb (SR)   Coul. recip.      Potential
    5.14032e+04   -6.44161e+03   -8.84039e+04    8.63654e+03   -1.01442e+04
 Pressure (bar)
    2.55327e+02

           Step           Time
              5        5.00000

           Step           Time
              6        6.00000

   Energies (kJ/mol)
           Bond          Angle    Proper Dih. Per. Imp. Dih.          LJ-14
    4.07537e+03    2.05375e+03    1.11009e+04    1.26360e+02    6.04968e+03
     Coulomb-14        LJ (SR)   Coulomb (SR)   Coul. recip.      Potential
    5.15317e+04   -6.67673e+03   -8.83742e+04    8.66660e+03   -1.14466e+04
 Pressure (bar)
    2.30743e+02

           Step           Time
              7        7.00000

           Step           Time
              8        8.00000

   Energies (kJ/mol)
           Bond          Angle    Proper Dih. Per. Imp. Dih.          LJ-14
    7.44761e+02    2.09838e+03    1.12288e+04    9.12832e+01    5.90882e+03
     Coulomb-14        LJ (SR)   Coulomb (SR)   Coul. recip.      Potential
    5.14018e+04   -6.74067e+03   -8.84305e+04    8.60282e+03   -1.50945e+04
 Pressure (bar)
    2.03427e+02

           Step           Time
              9        9.00000

   Energies (kJ/mol)
           Bond          Angle    Proper Dih. Per. Imp. Dih.          LJ-14
    7.79171e+02    1.88134e+03    1.11999e+04    1.00795e+02    5.85163e+03
     Coulomb-14        LJ (SR)   Coulomb (SR)   Coul. recip.      Potential
    5.13338e+04   -6.85069e+03   -8.84271e+04    8.60556e+03   -1.55256e+04
 Pressure (bar)
    1.73065e+02

           Step           Time
             10       10.00000

   Energies (kJ/mol)
           Bond          Angle    Proper Dih. Per. Imp. Dih.          LJ-14
    5.39101e+02    1.94946e+03    1.12239e+04    1.00448e+02    5.77421e+03
     Coulomb-14        LJ (SR)   Coulomb (SR)   Coul. recip.      Potential
    5.12721e+04   -6.95827e+03   -8.84347e+04    8.56141e+03   -1.59723e+04
 Pressure (bar)
    1.61239e+02

           Step           Time
             11       11.00000

   Energies (kJ/mol)
           Bond          Angle    Proper Dih. Per. Imp. Dih.          LJ-14
    6.59818e+02    1.87289e+03    1.12250e+04    1.02303e+02    5.72862e+03
     Coulomb-14        LJ (SR)   Coulomb (SR)   Coul. recip.      Potential
    5.12366e+04   -7.04538e+03   -8.84399e+04    8.57548e+03   -1.60846e+04
 Pressure (bar)
    1.49161e+02

           Step           Time
             12       12.00000

   Energies (kJ/mol)
           Bond          Angle    Proper Dih. Per. Imp. Dih.          LJ-14
    5.90563e+02    1.92314e+03    1.12325e+04    1.04806e+02    5.67507e+03
     Coulomb-14        LJ (SR)   Coulomb (SR)   Coul. recip.      Potential
    5.11607e+04   -7.13235e+03   -8.84177e+04    8.52798e+03   -1.63353e+04
 Pressure (bar)
    1.41407e+02

           Step           Time
             13       13.00000

           Step           Time
             14       14.00000

   Energies (kJ/mol)
           Bond          Angle    Proper Dih. Per. Imp. Dih.          LJ-14
    4.24126e+02    1.85506e+03    1.12365e+04    1.05173e+02    5.65881e+03
     Coulomb-14        LJ (SR)   Coulomb (SR)   Coul. recip.      Potential
    5.11560e+04   -7.16328e+03   -8.84294e+04    8.54113e+03   -1.66159e+04
 Pressure (bar)
    1.37977e+02

           Step           Time
             15       15.00000

   Energies (kJ/mol)
           Bond          Angle    Proper Dih. Per. Imp. Dih.          LJ-14
    7.14003e+02    1.92054e+03    1.12518e+04    1.10411e+02    5.56303e+03
     Coulomb-14        LJ (SR)   Coulomb (SR)   Coul. recip.      Potential
    5.10214e+04   -7.33438e+03   -8.83918e+04    8.49075e+03   -1.66542e+04
 Pressure (bar)
    1.23049e+02

           Step           Time
             16       16.00000

   Energies (kJ/mol)
           Bond          Angle    Proper Dih. Per. Imp. Dih.          LJ-14
    4.57899e+02    1.86456e+03    1.12586e+04    1.10540e+02    5.54737e+03
     Coulomb-14        LJ (SR)   Coulomb (SR)   Coul. recip.      Potential
    5.10284e+04   -7.35929e+03   -8.84160e+04    8.50942e+03   -1.69985e+04
 Pressure (bar)
    1.20130e+02

           Step           Time
             17       17.00000

           Step           Time
             18       18.00000

   Energies (kJ/mol)
           Bond          Angle    Proper Dih. Per. Imp. Dih.          LJ-14
    4.82186e+02    1.86671e+03    1.12638e+04    1.12452e+02    5.51771e+03
     Coulomb-14        LJ (SR)   Coulomb (SR)   Coul. recip.      Potential
    5.09765e+04   -7.41301e+03   -8.83933e+04    8.48624e+03   -1.71007e+04
 Pressure (bar)
    1.17565e+02

           Step           Time
             19       19.00000

           Step           Time
             20       20.00000

   Energies (kJ/mol)
           Bond          Angle    Proper Dih. Per. Imp. Dih.          LJ-14
    4.01573e+02    1.85342e+03    1.12685e+04    1.12980e+02    5.50293e+03
     Coulomb-14        LJ (SR)   Coulomb (SR)   Coul. recip.      Potential
    5.09683e+04   -7.43729e+03   -8.84001e+04    8.48851e+03   -1.72412e+04
 Pressure (bar)
    1.15459e+02

           Step           Time
             21       21.00000

   Energies (kJ/mol)
           Bond          Angle    Proper Dih. Per. Imp. Dih.          LJ-14
    5.91366e+02    1.89034e+03    1.12851e+04    1.17176e+02    5.43571e+03
     Coulomb-14        LJ (SR)   Coulomb (SR)   Coul. recip.      Potential
    5.08739e+04   -7.55254e+03   -8.83763e+04    8.46018e+03   -1.72751e+04
 Pressure (bar)
    1.07991e+02

           Step           Time
             22       22.00000

   Energies (kJ/mol)
           Bond          Angle    Proper Dih. Per. Imp. Dih.          LJ-14
    4.02717e+02    1.86086e+03    1.12891e+04    1.17439e+02    5.42450e+03
     Coulomb-14        LJ (SR)   Coulomb (SR)   Coul. recip.      Potential
    5.08710e+04   -7.56958e+03   -8.83826e+04    8.45994e+03   -1.75267e+04
 Pressure (bar)
    1.06820e+02

           Step           Time
             23       23.00000

           Step           Time
             24       24.00000

   Energies (kJ/mol)
           Bond          Angle    Proper Dih. Per. Imp. Dih.          LJ-14
    4.34502e+02    1.86724e+03    1.12976e+04    1.19428e+02    5.39282e+03
     Coulomb-14        LJ (SR)   Coulomb (SR)   Coul. recip.      Potential
    5.08296e+04   -7.62101e+03   -8.83749e+04    8.45020e+03   -1.76045e+04
 Pressure (bar)
    1.03642e+02

           Step           Time
             25       25.00000

   Energies (kJ/mol)
           Bond          Angle    Proper Dih. Per. Imp. Dih.          LJ-14
    4.06970e+02    1.86615e+03    1.13018e+04    1.20078e+02    5.37903e+03
     Coulomb-14        LJ (SR)   Coulomb (SR)   Coul. recip.      Potential
    5.08160e+04   -7.64336e+03   -8.83736e+04    8.44311e+03   -1.76838e+04
 Pressure (bar)
    1.02350e+02

           Step           Time
             26       26.00000

   Energies (kJ/mol)
           Bond          Angle    Proper Dih. Per. Imp. Dih.          LJ-14
    4.66972e+02    1.87828e+03    1.13109e+04    1.22157e+02    5.34662e+03
     Coulomb-14        LJ (SR)   Coulomb (SR)   Coul. recip.      Potential
    5.07738e+04   -7.69422e+03   -8.83671e+04    8.43484e+03   -1.77278e+04
 Pressure (bar)
    9.90522e+01

           Step           Time
             27       27.00000

   Energies (kJ/mol)
           Bond          Angle    Proper Dih. Per. Imp. Dih.          LJ-14
    4.16682e+02    1.87327e+03    1.13148e+04    1.22694e+02    5.33390e+03
     Coulomb-14        LJ (SR)   Coulomb (SR)   Coul. recip.      Potential
    5.07622e+04   -7.71451e+03   -8.83653e+04    8.42584e+03   -1.78305e+04
 Pressure (bar)
    9.80584e+01

           Step           Time
             28       28.00000

           Step           Time
             29       29.00000

   Energies (kJ/mol)
           Bond          Angle    Proper Dih. Per. Imp. Dih.          LJ-14
    4.11802e+02    1.87298e+03    1.13190e+04    1.23655e+02    5.31900e+03
     Coulomb-14        LJ (SR)   Coulomb (SR)   Coul. recip.      Potential
    5.07429e+04   -7.73696e+03   -8.83629e+04    8.42313e+03   -1.78874e+04
 Pressure (bar)
    9.66188e+01

           Step           Time
             30       30.00000

   Energies (kJ/mol)
           Bond          Angle    Proper Dih. Per. Imp. Dih.          LJ-14
    4.25039e+02    1.87900e+03    1.13247e+04    1.24639e+02    5.30000e+03
     Coulomb-14        LJ (SR)   Coulomb (SR)   Coul. recip.      Potential
    5.07222e+04   -7.76670e+03   -8.83596e+04    8.41243e+03   -1.79383e+04
 Pressure (bar)
    9.49373e+01

           Step           Time
             31       31.00000

   Energies (kJ/mol)
           Bond          Angle    Proper Dih. Per. Imp. Dih.          LJ-14
    4.33130e+02    1.88136e+03    1.13294e+04    1.25703e+02    5.28368e+03
     Coulomb-14        LJ (SR)   Coulomb (SR)   Coul. recip.      Potential
    5.07007e+04   -7.79068e+03   -8.83576e+04    8.41059e+03   -1.79837e+04
 Pressure (bar)
    9.33021e+01

           Step           Time
             32       32.00000

   Energies (kJ/mol)
           Bond          Angle    Proper Dih. Per. Imp. Dih.          LJ-14
    4.41392e+02    1.88641e+03    1.13342e+04    1.26419e+02    5.26813e+03
     Coulomb-14        LJ (SR)   Coulomb (SR)   Coul. recip.      Potential
    5.06850e+04   -7.81493e+03   -8.83547e+04    8.39941e+03   -1.80287e+04
 Pressure (bar)
    9.20457e+01

           Step           Time
             33       33.00000

   Energies (kJ/mol)
           Bond          Angle    Proper Dih. Per. Imp. Dih.          LJ-14
    4.72870e+02    1.89341e+03    1.13389e+04    1.27529e+02    5.25162e+03
     Coulomb-14        LJ (SR)   Coulomb (SR)   Coul. recip.      Potential
    5.06623e+04   -7.83861e+03   -8.83534e+04    8.39923e+03   -1.80461e+04
 Pressure (bar)
    9.02847e+01

           Step           Time
             34       34.00000

   Energies (kJ/mol)
           Bond          Angle    Proper Dih. Per. Imp. Dih.          LJ-14
    4.73174e+02    1.89702e+03    1.13433e+04    1.28079e+02    5.23757e+03
     Coulomb-14        LJ (SR)   Coulomb (SR)   Coul. recip.      Potential
    5.06496e+04   -7.86056e+03   -8.83504e+04    8.38631e+03   -1.80959e+04
 Pressure (bar)
    8.92916e+01

           Step           Time
             35       35.00000

           Step           Time
             36       36.00000

   Energies (kJ/mol)
           Bond          Angle    Proper Dih. Per. Imp. Dih.          LJ-14
    4.09329e+02    1.88530e+03    1.13456e+04    1.28639e+02    5.22922e+03
     Coulomb-14        LJ (SR)   Coulomb (SR)   Coul. recip.      Potential
    5.06382e+04   -7.87169e+03   -8.83499e+04    8.38729e+03   -1.81981e+04
 Pressure (bar)
    8.85434e+01

           Step           Time
             37       37.00000

   Energies (kJ/mol)
           Bond          Angle    Proper Dih. Per. Imp. Dih.          LJ-14
    4.95533e+02    1.90876e+03    1.13574e+04    1.30609e+02    5.19094e+03
     Coulomb-14        LJ (SR)   Coulomb (SR)   Coul. recip.      Potential
    5.05954e+04   -7.92852e+03   -8.83441e+04    8.36654e+03   -1.82275e+04
 Pressure (bar)
    8.51395e+01

           Step           Time
             38       38.00000

   Energies (kJ/mol)
           Bond          Angle    Proper Dih. Per. Imp. Dih.          LJ-14
    4.33403e+02    1.89759e+03    1.13600e+04    1.31229e+02    5.18163e+03
     Coulomb-14        LJ (SR)   Coulomb (SR)   Coul. recip.      Potential
    5.05820e+04   -7.94046e+03   -8.83444e+04    8.36891e+03   -1.83301e+04
 Pressure (bar)
    8.42340e+01

           Step           Time
             39       39.00000

           Step           Time
             40       40.00000

   Energies (kJ/mol)
           Bond          Angle    Proper Dih. Per. Imp. Dih.          LJ-14
    4.21768e+02    1.89763e+03    1.13630e+04    1.31620e+02    5.17148e+03
     Coulomb-14        LJ (SR)   Coulomb (SR)   Coul. recip.      Potential
    5.05721e+04   -7.95558e+03   -8.83424e+04    8.36088e+03   -1.83795e+04
 Pressure (bar)
    8.35288e+01

           Step           Time
             41       41.00000

   Energies (kJ/mol)
           Bond          Angle    Proper Dih. Per. Imp. Dih.          LJ-14
    4.57716e+02    1.90746e+03    1.13684e+04    1.32620e+02    5.15354e+03
     Coulomb-14        LJ (SR)   Coulomb (SR)   Coul. recip.      Potential
    5.05488e+04   -7.98060e+03   -8.83417e+04    8.35762e+03   -1.83961e+04
 Pressure (bar)
    8.17253e+01

           Step           Time
             42       42.00000

   Energies (kJ/mol)
           Bond          Angle    Proper Dih. Per. Imp. Dih.          LJ-14
    4.35426e+02    1.90531e+03    1.13714e+04    1.32944e+02    5.14365e+03
     Coulomb-14        LJ (SR)   Coulomb (SR)   Coul. recip.      Potential
    5.05402e+04   -7.99530e+03   -8.83395e+04    8.34822e+03   -1.84576e+04
 Pressure (bar)
    8.11270e+01

           Step           Time
             43       43.00000

           Step           Time
             44       44.00000

   Energies (kJ/mol)
           Bond          Angle    Proper Dih. Per. Imp. Dih.          LJ-14
    4.19702e+02    1.90314e+03    1.13738e+04    1.33409e+02    5.13537e+03
     Coulomb-14        LJ (SR)   Coulomb (SR)   Coul. recip.      Potential
    5.05291e+04   -8.00636e+03   -8.83394e+04    8.34757e+03   -1.85037e+04
 Pressure (bar)
    8.03347e+01

           Step           Time
             45       45.00000

   Energies (kJ/mol)
           Bond          Angle    Proper Dih. Per. Imp. Dih.          LJ-14
    4.47165e+02    1.91258e+03    1.13793e+04    1.34173e+02    5.11718e+03
     Coulomb-14        LJ (SR)   Coulomb (SR)   Coul. recip.      Potential
    5.05097e+04   -8.03265e+03   -8.83369e+04    8.33605e+03   -1.85334e+04
 Pressure (bar)
    7.88514e+01

           Step           Time
             46       46.00000

   Energies (kJ/mol)
           Bond          Angle    Proper Dih. Per. Imp. Dih.          LJ-14
    4.35032e+02    1.91151e+03    1.13820e+04    1.34692e+02    5.10802e+03
     Coulomb-14        LJ (SR)   Coulomb (SR)   Coul. recip.      Potential
    5.04968e+04   -8.04464e+03   -8.83372e+04    8.33600e+03   -1.85778e+04
 Pressure (bar)
    7.79233e+01

           Step           Time
             47       47.00000

   Energies (kJ/mol)
           Bond          Angle    Proper Dih. Per. Imp. Dih.          LJ-14
    4.68055e+02    1.92143e+03    1.13861e+04    1.35171e+02    5.09444e+03
     Coulomb-14        LJ (SR)   Coulomb (SR)   Coul. recip.      Potential
    5.04835e+04   -8.06457e+03   -8.83349e+04    8.32511e+03   -1.85856e+04
 Pressure (bar)
    7.68962e+01

           Step           Time
             48       48.00000

   Energies (kJ/mol)
           Bond          Angle    Proper Dih. Per. Imp. Dih.          LJ-14
    4.64892e+02    1.92273e+03    1.13889e+04    1.35736e+02    5.08490e+03
     Coulomb-14        LJ (SR)   Coulomb (SR)   Coul. recip.      Potential
    5.04691e+04   -8.07679e+03   -8.83358e+04    8.32641e+03   -1.86200e+04
 Pressure (bar)
    7.58399e+01

           Step           Time
             49       49.00000

           Step           Time
             50       50.00000

   Energies (kJ/mol)
           Bond          Angle    Proper Dih. Per. Imp. Dih.          LJ-14
    4.22452e+02    1.91477e+03    1.13907e+04    1.35888e+02    5.07872e+03
     Coulomb-14        LJ (SR)   Coulomb (SR)   Coul. recip.      Potential
    5.04643e+04   -8.08562e+03   -8.83343e+04    8.32015e+03   -1.86929e+04
 Pressure (bar)
    7.55664e+01

           Step           Time
             51       51.00000

   Energies (kJ/mol)
           Bond          Angle    Proper Dih. Per. Imp. Dih.          LJ-14
    4.94761e+02    1.94056e+03    1.14023e+04    1.37602e+02    5.04062e+03
     Coulomb-14        LJ (SR)   Coulomb (SR)   Coul. recip.      Potential
    5.04164e+04   -8.13748e+03   -8.83329e+04    8.30571e+03   -1.87324e+04
 Pressure (bar)
    7.19373e+01

           Step           Time
             52       52.00000

   Energies (kJ/mol)
           Bond          Angle    Proper Dih. Per. Imp. Dih.          LJ-14
    4.32573e+02    1.92658e+03    1.14041e+04    1.37705e+02    5.03433e+03
     Coulomb-14        LJ (SR)   Coulomb (SR)   Coul. recip.      Potential
    5.04126e+04   -8.14639e+03   -8.83309e+04    8.29842e+03   -1.88310e+04
 Pressure (bar)
    7.17801e+01

           Step           Time
             53       53.00000

           Step           Time
             54       54.00000

   Energies (kJ/mol)
           Bond          Angle    Proper Dih. Per. Imp. Dih.          LJ-14
    4.44118e+02    1.93244e+03    1.14075e+04    1.38204e+02    5.02270e+03
     Coulomb-14        LJ (SR)   Coulomb (SR)   Coul. recip.      Potential
    5.03970e+04   -8.16188e+03   -8.83312e+04    8.29506e+03   -1.88560e+04
 Pressure (bar)
    7.06484e+01

           Step           Time
             55       55.00000

   Energies (kJ/mol)
           Bond          Angle    Proper Dih. Per. Imp. Dih.          LJ-14
    4.40977e+02    1.93296e+03    1.14099e+04    1.38418e+02    5.01481e+03
     Coulomb-14        LJ (SR)   Coulomb (SR)   Coul. recip.      Potential
    5.03898e+04   -8.17318e+03   -8.83297e+04    8.28826e+03   -1.88877e+04
 Pressure (bar)
    7.01513e+01

           Step           Time
             56       56.00000

   Energies (kJ/mol)
           Bond          Angle    Proper Dih. Per. Imp. Dih.          LJ-14
    4.62437e+02    1.94173e+03    1.14132e+04    1.38902e+02    5.00385e+03
     Coulomb-14        LJ (SR)   Coulomb (SR)   Coul. recip.      Potential
    5.03741e+04   -8.18758e+03   -8.83305e+04    8.28601e+03   -1.88980e+04
 Pressure (bar)
    6.89862e+01

           Step           Time
             57       57.00000

   Energies (kJ/mol)
           Bond          Angle    Proper Dih. Per. Imp. Dih.          LJ-14
    4.56013e+02    1.94093e+03    1.14155e+04    1.39073e+02    4.99612e+03
     Coulomb-14        LJ (SR)   Coulomb (SR)   Coul. recip.      Potential
    5.03680e+04   -8.19878e+03   -8.83286e+04    8.27813e+03   -1.89336e+04
 Pressure (bar)
    6.85812e+01

           Step           Time
             58       58.00000

           Step           Time
             59       59.00000

   Energies (kJ/mol)
           Bond          Angle    Proper Dih. Per. Imp. Dih.          LJ-14
    4.34957e+02    1.93756e+03    1.14170e+04    1.39309e+02    4.99080e+03
     Coulomb-14        LJ (SR)   Coulomb (SR)   Coul. recip.      Potential
    5.03600e+04   -8.20533e+03   -8.83292e+04    8.27767e+03   -1.89773e+04
 Pressure (bar)
    6.80495e+01

           Step           Time
             60       60.00000

   Energies (kJ/mol)
           Bond          Angle    Proper Dih. Per. Imp. Dih.          LJ-14
    4.70092e+02    1.95028e+03    1.14227e+04    1.39895e+02    4.97209e+03
     Coulomb-14        LJ (SR)   Coulomb (SR)   Coul. recip.      Potential
    5.03393e+04   -8.23139e+03   -8.83273e+04    8.26510e+03   -1.89992e+04
 Pressure (bar)
    6.65416e+01

           Step           Time
             61       61.00000

   Energies (kJ/mol)
           Bond          Angle    Proper Dih. Per. Imp. Dih.          LJ-14
    4.46951e+02    1.94699e+03    1.14244e+04    1.40161e+02    4.96613e+03
     Coulomb-14        LJ (SR)   Coulomb (SR)   Coul. recip.      Potential
    5.03299e+04   -8.23853e+03   -8.83285e+04    8.26516e+03   -1.90474e+04
 Pressure (bar)
    6.59046e+01

           Step           Time
             62       62.00000

           Step           Time
             63       63.00000

   Energies (kJ/mol)
           Bond          Angle    Proper Dih. Per. Imp. Dih.          LJ-14
    4.41760e+02    1.94678e+03    1.14262e+04    1.40300e+02    4.96001e+03
     Coulomb-14        LJ (SR)   Coulomb (SR)   Coul. recip.      Potential
    5.03241e+04   -8.24715e+03   -8.83274e+04    8.25999e+03   -1.90755e+04
 Pressure (bar)
    6.55196e+01

           Step           Time
             64       64.00000

   Energies (kJ/mol)
           Bond          Angle    Proper Dih. Per. Imp. Dih.          LJ-14
    4.58822e+02    1.95499e+03    1.14296e+04    1.40711e+02    4.94853e+03
     Coulomb-14        LJ (SR)   Coulomb (SR)   Coul. recip.      Potential
    5.03081e+04   -8.26221e+03   -8.83282e+04    8.25585e+03   -1.90938e+04
 Pressure (bar)
    6.43713e+01

           Step           Time
             65       65.00000

   Energies (kJ/mol)
           Bond          Angle    Proper Dih. Per. Imp. Dih.          LJ-14
    4.50123e+02    1.95348e+03    1.14315e+04    1.40828e+02    4.94236e+03
     Coulomb-14        LJ (SR)   Coulomb (SR)   Coul. recip.      Potential
    5.03029e+04   -8.27101e+03   -8.83267e+04    8.24987e+03   -1.91267e+04
 Pressure (bar)
    6.40395e+01

           Step           Time
             66       66.00000

           Step           Time
             67       67.00000

   Energies (kJ/mol)
           Bond          Angle    Proper Dih. Per. Imp. Dih.          LJ-14
    4.43187e+02    1.95359e+03    1.14330e+04    1.41018e+02    4.93715e+03
     Coulomb-14        LJ (SR)   Coulomb (SR)   Coul. recip.      Potential
    5.02954e+04   -8.27758e+03   -8.83273e+04    8.24850e+03   -1.91531e+04
 Pressure (bar)
    6.35207e+01

           Step           Time
             68       68.00000

   Energies (kJ/mol)
           Bond          Angle    Proper Dih. Per. Imp. Dih.          LJ-14
    4.58051e+02    1.96024e+03    1.14368e+04    1.41330e+02    4.92490e+03
     Coulomb-14        LJ (SR)   Coulomb (SR)   Coul. recip.      Potential
    5.02817e+04   -8.29452e+03   -8.83262e+04    8.23974e+03   -1.91780e+04
 Pressure (bar)
    6.25659e+01

           Step           Time
             69       69.00000

   Energies (kJ/mol)
           Bond          Angle    Proper Dih. Per. Imp. Dih.          LJ-14
    4.51339e+02    1.96097e+03    1.14384e+04    1.41536e+02    4.91914e+03
     Coulomb-14        LJ (SR)   Coulomb (SR)   Coul. recip.      Potential
    5.02729e+04   -8.30166e+03   -8.83272e+04    8.23853e+03   -1.92061e+04
 Pressure (bar)
    6.19575e+01

           Step           Time
             70       70.00000

   Energies (kJ/mol)
           Bond          Angle    Proper Dih. Per. Imp. Dih.          LJ-14
    4.70525e+02    1.96761e+03    1.14413e+04    1.41735e+02    4.90994e+03
     Coulomb-14        LJ (SR)   Coulomb (SR)   Coul. recip.      Potential
    5.02636e+04   -8.31474e+03   -8.83258e+04    8.23069e+03   -1.92152e+04
 Pressure (bar)
    6.13015e+01

           Step           Time
             71       71.00000

   Energies (kJ/mol)
           Bond          Angle    Proper Dih. Per. Imp. Dih.          LJ-14
    4.65772e+02    1.96963e+03    1.14431e+04    1.41961e+02    4.90386e+03
     Coulomb-14        LJ (SR)   Coulomb (SR)   Coul. recip.      Potential
    5.02534e+04   -8.32211e+03   -8.83273e+04    8.23015e+03   -1.92417e+04
 Pressure (bar)
    6.05972e+01

           Step           Time
             72       72.00000

           Step           Time
             73       73.00000

   Energies (kJ/mol)
           Bond          Angle    Proper Dih. Per. Imp. Dih.          LJ-14
    4.48730e+02    1.96537e+03    1.14443e+04    1.42018e+02    4.89971e+03
     Coulomb-14        LJ (SR)   Coulomb (SR)   Coul. recip.      Potential
    5.02501e+04   -8.32791e+03   -8.83263e+04    8.22596e+03   -1.92780e+04
 Pressure (bar)
    6.04127e+01

           Step           Time
             74       74.00000

   Energies (kJ/mol)
           Bond          Angle    Proper Dih. Per. Imp. Dih.          LJ-14
    4.81279e+02    1.98154e+03    1.14501e+04    1.42549e+02    4.88095e+03
     Coulomb-14        LJ (SR)   Coulomb (SR)   Coul. recip.      Potential
    5.02242e+04   -8.35263e+03   -8.83274e+04    8.21659e+03   -1.93028e+04
 Pressure (bar)
    5.85862e+01

           Step           Time
             75       75.00000

   Energies (kJ/mol)
           Bond          Angle    Proper Dih. Per. Imp. Dih.          LJ-14
    4.56550e+02    1.97426e+03    1.14514e+04    1.42593e+02    4.87654e+03
     Coulomb-14        LJ (SR)   Coulomb (SR)   Coul. recip.      Potential
    5.02215e+04   -8.35885e+03   -8.83260e+04    8.21161e+03   -1.93504e+04
 Pressure (bar)
    5.84564e+01

           Step           Time
             76       76.00000

           Step           Time
             77       77.00000

   Energies (kJ/mol)
           Bond          Angle    Proper Dih. Per. Imp. Dih.          LJ-14
    4.58869e+02    1.97786e+03    1.14533e+04    1.42770e+02    4.87021e+03
     Coulomb-14        LJ (SR)   Coulomb (SR)   Coul. recip.      Potential
    5.02121e+04   -8.36696e+03   -8.83269e+04    8.20904e+03   -1.93697e+04
 Pressure (bar)
    5.78112e+01

           Step           Time
             78       78.00000

   Energies (kJ/mol)
           Bond          Angle    Proper Dih. Per. Imp. Dih.          LJ-14
    4.63120e+02    1.97987e+03    1.14553e+04    1.42879e+02    4.86386e+03
     Coulomb-14        LJ (SR)   Coulomb (SR)   Coul. recip.      Potential
    5.02057e+04   -8.37589e+03   -8.83259e+04    8.20343e+03   -1.93877e+04
 Pressure (bar)
    5.73919e+01

           Step           Time
             79       79.00000

   Energies (kJ/mol)
           Bond          Angle    Proper Dih. Per. Imp. Dih.          LJ-14
    4.68445e+02    1.98497e+03    1.14572e+04    1.43062e+02    4.85753e+03
     Coulomb-14        LJ (SR)   Coulomb (SR)   Coul. recip.      Potential
    5.01955e+04   -8.38388e+03   -8.83272e+04    8.20131e+03   -1.94030e+04
 Pressure (bar)
    5.66874e+01

           Step           Time
             80       80.00000

   Energies (kJ/mol)
           Bond          Angle    Proper Dih. Per. Imp. Dih.          LJ-14
    4.74061e+02    1.98660e+03    1.14591e+04    1.43144e+02    4.85156e+03
     Coulomb-14        LJ (SR)   Coulomb (SR)   Coul. recip.      Potential
    5.01904e+04   -8.39248e+03   -8.83259e+04    8.19528e+03   -1.94183e+04
 Pressure (bar)
    5.63530e+01

           Step           Time
             81       81.00000

   Energies (kJ/mol)
           Bond          Angle    Proper Dih. Per. Imp. Dih.          LJ-14
    4.85444e+02    1.99443e+03    1.14610e+04    1.43331e+02    4.84539e+03
     Coulomb-14        LJ (SR)   Coulomb (SR)   Coul. recip.      Potential
    5.01794e+04   -8.40010e+03   -8.83278e+04    8.19394e+03   -1.94250e+04
 Pressure (bar)
    5.55759e+01

           Step           Time
             82       82.00000

   Energies (kJ/mol)
           Bond          Angle    Proper Dih. Per. Imp. Dih.          LJ-14
    4.94058e+02    1.99565e+03    1.14628e+04    1.43385e+02    4.83970e+03
     Coulomb-14        LJ (SR)   Coulomb (SR)   Coul. recip.      Potential
    5.01756e+04   -8.40860e+03   -8.83259e+04    8.18708e+03   -1.94362e+04
 Pressure (bar)
    5.53380e+01

           Step           Time
             83       83.00000

           Step           Time
             84       84.00000

   Energies (kJ/mol)
           Bond          Angle    Proper Dih. Per. Imp. Dih.          LJ-14
    4.60176e+02    1.98877e+03    1.14637e+04    1.43479e+02    4.83636e+03
     Coulomb-14        LJ (SR)   Coulomb (SR)   Coul. recip.      Potential
    5.01697e+04   -8.41217e+03   -8.83271e+04    8.18677e+03   -1.94903e+04
 Pressure (bar)
    5.49830e+01

           Step           Time
             85       85.00000

   Energies (kJ/mol)
           Bond          Angle    Proper Dih. Per. Imp. Dih.          LJ-14
    5.15688e+02    2.01048e+03    1.14713e+04    1.43927e+02    4.81295e+03
     Coulomb-14        LJ (SR)   Coulomb (SR)   Coul. recip.      Potential
    5.01411e+04   -8.44414e+03   -8.83265e+04    8.16893e+03   -1.95062e+04
 Pressure (bar)
    5.30107e+01

           Step           Time
             86       86.00000

   Energies (kJ/mol)
           Bond          Angle    Proper Dih. Per. Imp. Dih.          LJ-14
    4.72183e+02    2.00206e+03    1.14723e+04    1.44028e+02    4.80922e+03
     Coulomb-14        LJ (SR)   Coulomb (SR)   Coul. recip.      Potential
    5.01339e+04   -8.44794e+03   -8.83283e+04    8.16901e+03   -1.95735e+04
 Pressure (bar)
    5.25905e+01

           Step           Time
             87       87.00000

           Step           Time
             88       88.00000

   Energies (kJ/mol)
           Bond          Angle    Proper Dih. Per. Imp. Dih.          LJ-14
    4.76184e+02    2.00370e+03    1.14740e+04    1.44085e+02    4.80397e+03
     Coulomb-14        LJ (SR)   Coulomb (SR)   Coul. recip.      Potential
    5.01288e+04   -8.45543e+03   -8.83274e+04    8.16388e+03   -1.95882e+04
 Pressure (bar)
    5.22663e+01

           Step           Time
             89       89.00000

   Energies (kJ/mol)
           Bond          Angle    Proper Dih. Per. Imp. Dih.          LJ-14
    4.82429e+02    2.00928e+03    1.14757e+04    1.44206e+02    4.79862e+03
     Coulomb-14        LJ (SR)   Coulomb (SR)   Coul. recip.      Potential
    5.01196e+04   -8.46210e+03   -8.83290e+04    8.16183e+03   -1.95995e+04
 Pressure (bar)
    5.16377e+01

           Step           Time
             90       90.00000

   Energies (kJ/mol)
           Bond          Angle    Proper Dih. Per. Imp. Dih.          LJ-14
    4.88294e+02    2.01056e+03    1.14773e+04    1.44245e+02    4.79361e+03
     Coulomb-14        LJ (SR)   Coulomb (SR)   Coul. recip.      Potential
    5.01155e+04   -8.46946e+03   -8.83278e+04    8.15620e+03   -1.96115e+04
 Pressure (bar)
    5.13842e+01

           Step           Time
             91       91.00000

   Energies (kJ/mol)
           Bond          Angle    Proper Dih. Per. Imp. Dih.          LJ-14
    5.00850e+02    2.01922e+03    1.14790e+04    1.44374e+02    4.78846e+03
     Coulomb-14        LJ (SR)   Coulomb (SR)   Coul. recip.      Potential
    5.01054e+04   -8.47575e+03   -8.83300e+04    8.15490e+03   -1.96136e+04
 Pressure (bar)
    5.06826e+01

           Step           Time
             92       92.00000

   Energies (kJ/mol)
           Bond          Angle    Proper Dih. Per. Imp. Dih.          LJ-14
    5.10797e+02    2.02010e+03    1.14806e+04    1.44389e+02    4.78363e+03
     Coulomb-14        LJ (SR)   Coulomb (SR)   Coul. recip.      Potential
    5.01027e+04   -8.48313e+03   -8.83281e+04    8.14853e+03   -1.96205e+04
 Pressure (bar)
    5.05180e+01

           Step           Time
             93       93.00000

           Step           Time
             94       94.00000

   Energies (kJ/mol)
           Bond          Angle    Proper Dih. Per. Imp. Dih.          LJ-14
    4.71989e+02    2.01188e+03    1.14814e+04    1.44457e+02    4.78074e+03
     Coulomb-14        LJ (SR)   Coulomb (SR)   Coul. recip.      Potential
    5.00972e+04   -8.48603e+03   -8.83295e+04    8.14824e+03   -1.96796e+04
 Pressure (bar)
    5.02080e+01

           Step           Time
             95       95.00000

           Step           Time
             96       96.00000

   Energies (kJ/mol)
           Bond          Angle    Proper Dih. Per. Imp. Dih.          LJ-14
    4.85209e+02    2.01862e+03    1.14848e+04    1.44598e+02    4.77028e+03
     Coulomb-14        LJ (SR)   Coulomb (SR)   Coul. recip.      Potential
    5.00843e+04   -8.50037e+03   -8.83294e+04    8.13945e+03   -1.97024e+04
 Pressure (bar)
    4.93660e+01

           Step           Time
             97       97.00000

   Energies (kJ/mol)
           Bond          Angle    Proper Dih. Per. Imp. Dih.          LJ-14
    4.77586e+02    2.01906e+03    1.14858e+04    1.44664e+02    4.76688e+03
     Coulomb-14        LJ (SR)   Coulomb (SR)   Coul. recip.      Potential
    5.00784e+04   -8.50443e+03   -8.83306e+04    8.13816e+03   -1.97244e+04
 Pressure (bar)
    4.89800e+01

           Step           Time
             98       98.00000

   Energies (kJ/mol)
           Bond          Angle    Proper Dih. Per. Imp. Dih.          LJ-14
    4.95115e+02    2.02522e+03    1.14882e+04    1.44738e+02    4.75981e+03
     Coulomb-14        LJ (SR)   Coulomb (SR)   Coul. recip.      Potential
    5.00705e+04   -8.51448e+03   -8.83300e+04    8.13135e+03   -1.97295e+04
 Pressure (bar)
    4.84615e+01

           Step           Time
             99       99.00000

   Energies (kJ/mol)
           Bond          Angle    Proper Dih. Per. Imp. Dih.          LJ-14
    4.86352e+02    2.02626e+03    1.14893e+04    1.44814e+02    4.75615e+03
     Coulomb-14        LJ (SR)   Coulomb (SR)   Coul. recip.      Potential
    5.00635e+04   -8.51871e+03   -8.83317e+04    8.13024e+03   -1.97538e+04
 Pressure (bar)
    4.80031e+01

           Step           Time
            100      100.00000

           Step           Time
            101      101.00000

   Energies (kJ/mol)
           Bond          Angle    Proper Dih. Per. Imp. Dih.          LJ-14
    4.79311e+02    2.02398e+03    1.14903e+04    1.44829e+02    4.75315e+03
     Coulomb-14        LJ (SR)   Coulomb (SR)   Coul. recip.      Potential
    5.00610e+04   -8.52297e+03   -8.83311e+04    8.12688e+03   -1.97746e+04
 Pressure (bar)
    4.78619e+01

           Step           Time
            102      102.00000

   Energies (kJ/mol)
           Bond          Angle    Proper Dih. Per. Imp. Dih.          LJ-14
    4.95268e+02    2.03391e+03    1.14930e+04    1.44955e+02    4.74490e+03
     Coulomb-14        LJ (SR)   Coulomb (SR)   Coul. recip.      Potential
    5.00479e+04   -8.53373e+03   -8.83329e+04    8.12163e+03   -1.97850e+04
 Pressure (bar)
    4.69815e+01

           Step           Time
            103      103.00000

   Energies (kJ/mol)
           Bond          Angle    Proper Dih. Per. Imp. Dih.          LJ-14
    4.85623e+02    2.03003e+03    1.14941e+04    1.44966e+02    4.74168e+03
     Coulomb-14        LJ (SR)   Coulomb (SR)   Coul. recip.      Potential
    5.00457e+04   -8.53838e+03   -8.83319e+04    8.11767e+03   -1.98106e+04
 Pressure (bar)
    4.68754e+01

           Step           Time
            104      104.00000

           Step           Time
            105      105.00000

   Energies (kJ/mol)
           Bond          Angle    Proper Dih. Per. Imp. Dih.          LJ-14
    4.83173e+02    2.03190e+03    1.14951e+04    1.45017e+02    4.73837e+03
     Coulomb-14        LJ (SR)   Coulomb (SR)   Coul. recip.      Potential
    5.00400e+04   -8.54249e+03   -8.83329e+04    8.11588e+03   -1.98259e+04
 Pressure (bar)
    4.65073e+01

           Step           Time
            106      106.00000

   Energies (kJ/mol)
           Bond          Angle    Proper Dih. Per. Imp. Dih.          LJ-14
    4.91538e+02    2.03517e+03    1.14970e+04    1.45067e+02    4.73267e+03
     Coulomb-14        LJ (SR)   Coulomb (SR)   Coul. recip.      Potential
    5.00336e+04   -8.55051e+03   -8.83327e+04    8.11025e+03   -1.98379e+04
 Pressure (bar)
    4.60935e+01

           Step           Time
            107      107.00000

   Energies (kJ/mol)
           Bond          Angle    Proper Dih. Per. Imp. Dih.          LJ-14
    4.89041e+02    2.03778e+03    1.14982e+04    1.45120e+02    4.72916e+03
     Coulomb-14        LJ (SR)   Coulomb (SR)   Coul. recip.      Potential
    5.00271e+04   -8.55478e+03   -8.83341e+04    8.10857e+03   -1.98539e+04
 Pressure (bar)
    4.56673e+01

           Step           Time
            108      108.00000

   Energies (kJ/mol)
           Bond          Angle    Proper Dih. Per. Imp. Dih.          LJ-14
    5.00852e+02    2.04098e+03    1.14998e+04    1.45147e+02    4.72429e+03
     Coulomb-14        LJ (SR)   Coulomb (SR)   Coul. recip.      Potential
    5.00224e+04   -8.56187e+03   -8.83334e+04    8.10314e+03   -1.98587e+04
 Pressure (bar)
    4.53641e+01

           Step           Time
            109      109.00000

   Energies (kJ/mol)
           Bond          Angle    Proper Dih. Per. Imp. Dih.          LJ-14
    4.99286e+02    2.04504e+03    1.15010e+04    1.45207e+02    4.72067e+03
     Coulomb-14        LJ (SR)   Coulomb (SR)   Coul. recip.      Potential
    5.00149e+04   -8.56614e+03   -8.83353e+04    8.10180e+03   -1.98735e+04
 Pressure (bar)
    4.48669e+01

           Step           Time
            110      110.00000

           Step           Time
            111      111.00000

   Energies (kJ/mol)
           Bond          Angle    Proper Dih. Per. Imp. Dih.          LJ-14
    4.86714e+02    2.04028e+03    1.15017e+04    1.45212e+02    4.71830e+03
     Coulomb-14        LJ (SR)   Coulomb (SR)   Coul. recip.      Potential
    5.00134e+04   -8.56948e+03   -8.83346e+04    8.09889e+03   -1.98996e+04
 Pressure (bar)
    4.48052e+01

           Step           Time
            112      112.00000

   Energies (kJ/mol)
           Bond          Angle    Proper Dih. Per. Imp. Dih.          LJ-14
    5.10359e+02    2.05524e+03    1.15058e+04    1.45346e+02    4.70650e+03
     Coulomb-14        LJ (SR)   Coulomb (SR)   Coul. recip.      Potential
    4.99948e+04   -8.58511e+03   -8.83372e+04    8.08993e+03   -1.99143e+04
 Pressure (bar)
    4.35605e+01

           Step           Time
            113      113.00000

   Energies (kJ/mol)
           Bond          Angle    Proper Dih. Per. Imp. Dih.          LJ-14
    4.93255e+02    2.04786e+03    1.15066e+04    1.45345e+02    4.70388e+03
     Coulomb-14        LJ (SR)   Coulomb (SR)   Coul. recip.      Potential
    4.99938e+04   -8.58884e+03   -8.83361e+04    8.08640e+03   -1.99479e+04
 Pressure (bar)
    4.35457e+01

           Step           Time
            114      114.00000

           Step           Time
            115      115.00000

   Energies (kJ/mol)
           Bond          Angle    Proper Dih. Per. Imp. Dih.          LJ-14
    4.94544e+02    2.05159e+03    1.15078e+04    1.45386e+02    4.70023e+03
     Coulomb-14        LJ (SR)   Coulomb (SR)   Coul. recip.      Potential
    4.99874e+04   -8.59350e+03   -8.83374e+04    8.08399e+03   -1.99600e+04
 Pressure (bar)
    4.31220e+01

           Step           Time
            116      116.00000

   Energies (kJ/mol)
           Bond          Angle    Proper Dih. Per. Imp. Dih.          LJ-14
    4.98608e+02    2.05238e+03    1.15091e+04    1.45401e+02    4.69644e+03
     Coulomb-14        LJ (SR)   Coulomb (SR)   Coul. recip.      Potential
    4.99836e+04   -8.59897e+03   -8.83370e+04    8.07972e+03   -1.99707e+04
 Pressure (bar)
    4.28978e+01

           Step           Time
            117      117.00000

   Energies (kJ/mol)
           Bond          Angle    Proper Dih. Per. Imp. Dih.          LJ-14
    5.01292e+02    2.05740e+03    1.15102e+04    1.45446e+02    4.69281e+03
     Coulomb-14        LJ (SR)   Coulomb (SR)   Coul. recip.      Potential
    4.99766e+04   -8.60350e+03   -8.83386e+04    8.07761e+03   -1.99806e+04
 Pressure (bar)
    4.24268e+01

           Step           Time
            118      118.00000

   Energies (kJ/mol)
           Bond          Angle    Proper Dih. Per. Imp. Dih.          LJ-14
    5.07466e+02    2.05777e+03    1.15115e+04    1.45459e+02    4.68920e+03
     Coulomb-14        LJ (SR)   Coulomb (SR)   Coul. recip.      Potential
    4.99738e+04   -8.60888e+03   -8.83378e+04    8.07302e+03   -1.99885e+04
 Pressure (bar)
    4.22634e+01

           Step           Time
            119      119.00000

   Energies (kJ/mol)
           Bond          Angle    Proper Dih. Per. Imp. Dih.          LJ-14
    5.13254e+02    2.06510e+03    1.15127e+04    1.45507e+02    4.68567e+03
     Coulomb-14        LJ (SR)   Coulomb (SR)   Coul. recip.      Potential
    4.99659e+04   -8.61319e+03   -8.83398e+04    8.07132e+03   -1.99936e+04
 Pressure (bar)
    4.17281e+01

           Step           Time
            120      120.00000

   Energies (kJ/mol)
           Bond          Angle    Proper Dih. Per. Imp. Dih.          LJ-14
    5.23581e+02    2.06504e+03    1.15139e+04    1.45505e+02    4.68222e+03
     Coulomb-14        LJ (SR)   Coulomb (SR)   Coul. recip.      Potential
    4.99643e+04   -8.61858e+03   -8.83386e+04    8.06629e+03   -1.99963e+04
 Pressure (bar)
    4.16426e+01

           Step           Time
            121      121.00000

           Step           Time
            122      122.00000

   Energies (kJ/mol)
           Bond          Angle    Proper Dih. Per. Imp. Dih.          LJ-14
    4.95985e+02    2.05997e+03    1.15144e+04    1.45530e+02    4.68020e+03
     Coulomb-14        LJ (SR)   Coulomb (SR)   Coul. recip.      Potential
    4.99600e+04   -8.62059e+03   -8.83399e+04    8.06562e+03   -2.00388e+04
 Pressure (bar)
    4.13901e+01


Steepest Descents converged to Fmax < 1000 in 123 steps
Potential Energy  = -2.0038760e+04
Maximum force     =  7.6816162e+02 on atom 4697
Norm of force     =  4.7048940e+01

    D O M A I N   D E C O M P O S I T I O N   S T A T I S T I C S

 av. #atoms communicated per step for force:  2 x 0.0

Finished mdrun on rank 0 Mon May  8 20:04:09 2023

