                   :-) GROMACS - gmx mdrun, 2023-Homebrew (-:

Copyright 1991-2023 The GROMACS Authors.
GROMACS is free software; you can redistribute it and/or modify it
under the terms of the GNU Lesser General Public License
as published by the Free Software Foundation; either version 2.1
of the License, or (at your option) any later version.

                         Current GROMACS contributors:
       Mark Abraham           Andrey Alekseenko           Cathrine Bergh      
      Christian Blau            Eliane Briand             Mahesh Doijade      
    Stefan Fleischmann           Vytas Gapsys              Gaurav Garg        
      Sergey Gorelov         Gilles Gouaillardet            Alan Gray         
     M. Eric Irrgang         Farzaneh Jalalypour            Joe Jordan        
    Christoph Junghans        Prashanth Kanduri          Sebastian Keller     
     Carsten Kutzner           Justin A. Lemkul          Magnus Lundborg      
       Pascal Merz              Vedran Miletic            Dmitry Morozov      
       Szilard Pall             Roland Schulz             Michael Shirts      
     Alexey Shvetsov            Balint Soproni         David van der Spoel    
      Philip Turner             Carsten Uphoff           Alessandra Villa     
 Sebastian Wingbermuehle        Artem Zhmurov       

                         Previous GROMACS contributors:
        Emile Apol             Rossen Apostolov           James Barnett       
  Herman J.C. Berendsen          Par Bjelkmar           Viacheslav Bolnykh    
        Kevin Boyd            Aldert van Buuren          Carlo Camilloni      
     Rudi van Drunen            Anton Feenstra           Oliver Fleetwood     
     Gerrit Groenhof            Bert de Groot             Anca Hamuraru       
    Vincent Hindriksen          Victor Holanda           Aleksei Iupinov      
   Dimitrios Karkoulis           Peter Kasson             Sebastian Kehl      
        Jiri Kraus               Per Larsson              Viveca Lindahl      
      Erik Marklund           Pieter Meulenhoff           Teemu Murtola       
       Sander Pronk             Alfons Sijbers            Peter Tieleman      
       Jon Vincent             Teemu Virolainen         Christian Wennberg    
       Maarten Wolf       

                  Coordinated by the GROMACS project leaders:
                    Paul Bauer, Berk Hess, and Erik Lindahl

GROMACS:      gmx mdrun, version 2023-Homebrew
Executable:   /usr/local/bin/../Cellar/gromacs/2023/bin/gmx
Data prefix:  /usr/local/bin/../Cellar/gromacs/2023
Working dir:  /Users/giovanni_buonfrate/Documents/GitHub/RDD-SuMD
Process ID:   8631
Command line:
  gmx mdrun -s sumd/undefined_simulation/md.tpr -o sumd/undefined_simulation/md.trr -c sumd/undefined_simulation/md.gro -x sumd/undefined_simulation/md.xtc -g sumd/undefined_simulation/md.log -e sumd/undefined_simulation/md.edr -nb cpu -append

GROMACS version:    2023-Homebrew
Precision:          mixed
Memory model:       64 bit
MPI library:        thread_mpi
OpenMP support:     enabled (GMX_OPENMP_MAX_THREADS = 128)
GPU support:        disabled
SIMD instructions:  SSE4.1
CPU FFT library:    fftw-3.3.10-sse2-avx-avx2-avx2_128
GPU FFT library:    none
Multi-GPU FFT:      none
RDTSCP usage:       enabled
TNG support:        enabled
Hwloc support:      disabled
Tracing support:    disabled
C compiler:         /usr/local/opt/gcc/bin/gcc-12
C compiler flags:   -fexcess-precision=fast -funroll-all-loops -Wa,-q -msse4.1 -Wno-missing-field-initializers -O3 -DNDEBUG
C++ compiler:       /usr/local/opt/gcc/bin/g++-12
C++ compiler flags: -fexcess-precision=fast -funroll-all-loops -Wa,-q -msse4.1 -Wno-missing-field-initializers -Weverything -Wno-c++98-compat -Wno-c++98-compat-pedantic -Wno-return-std-move-in-c++11 -Wno-source-uses-openmp -Wno-c++17-extensions -Wno-documentation-unknown-command -Wno-covered-switch-default -Wno-switch-enum -Wno-extra-semi-stmt -Wno-weak-vtables -Wno-shadow -Wno-padded -Wno-reserved-id-macro -Wno-double-promotion -Wno-exit-time-destructors -Wno-global-constructors -Wno-documentation -Wno-format-nonliteral -Wno-used-but-marked-unused -Wno-float-equal -Wno-conditional-uninitialized -Wno-conversion -Wno-disabled-macro-expansion -Wno-unused-macros -Wno-unsafe-buffer-usage -Wno-cast-function-type-strict -fopenmp -O3 -DNDEBUG
BLAS library:       External - detected on the system
LAPACK library:     External - detected on the system


Running on 1 node with total 0 processing units
Hardware detected on host mac-giovanni.homenet.telecomitalia.it:
  CPU info:
    Vendor: Intel
    Brand:  Intel(R) Core(TM) i7-7700HQ CPU @ 2.80GHz
    Family: 6   Model: 158   Stepping: 9
    Features: aes apic avx avx2 clfsh cmov cx8 cx16 f16c fma htt intel lahf mmx msr nonstop_tsc pcid pclmuldq pdcm pdpe1gb popcnt pse rdrnd rdtscp sse2 sse3 sse4.1 sse4.2 ssse3 tdt x2apic
  Hardware topology: Only logical processor count
    CPU limit set by OS: -1   Recommended max number of threads: 8

Highest SIMD level supported by all nodes in run: AVX2_256
SIMD instructions selected at compile time:       SSE4.1
This program was compiled for different hardware than you are running on,
which could influence performance.

++++ PLEASE READ AND CITE THE FOLLOWING REFERENCE ++++
M. J. Abraham, T. Murtola, R. Schulz, S. Páll, J. C. Smith, B. Hess, E.
Lindahl
GROMACS: High performance molecular simulations through multi-level
parallelism from laptops to supercomputers
SoftwareX 1 (2015) pp. 19-25
-------- -------- --- Thank You --- -------- --------


++++ PLEASE READ AND CITE THE FOLLOWING REFERENCE ++++
S. Páll, M. J. Abraham, C. Kutzner, B. Hess, E. Lindahl
Tackling Exascale Software Challenges in Molecular Dynamics Simulations with
GROMACS
In S. Markidis & E. Laure (Eds.), Solving Software Challenges for Exascale 8759 (2015) pp. 3-27
-------- -------- --- Thank You --- -------- --------


++++ PLEASE READ AND CITE THE FOLLOWING REFERENCE ++++
S. Pronk, S. Páll, R. Schulz, P. Larsson, P. Bjelkmar, R. Apostolov, M. R.
Shirts, J. C. Smith, P. M. Kasson, D. van der Spoel, B. Hess, and E. Lindahl
GROMACS 4.5: a high-throughput and highly parallel open source molecular
simulation toolkit
Bioinformatics 29 (2013) pp. 845-54
-------- -------- --- Thank You --- -------- --------


++++ PLEASE READ AND CITE THE FOLLOWING REFERENCE ++++
B. Hess and C. Kutzner and D. van der Spoel and E. Lindahl
GROMACS 4: Algorithms for highly efficient, load-balanced, and scalable
molecular simulation
J. Chem. Theory Comput. 4 (2008) pp. 435-447
-------- -------- --- Thank You --- -------- --------


++++ PLEASE READ AND CITE THE FOLLOWING REFERENCE ++++
D. van der Spoel, E. Lindahl, B. Hess, G. Groenhof, A. E. Mark and H. J. C.
Berendsen
GROMACS: Fast, Flexible and Free
J. Comp. Chem. 26 (2005) pp. 1701-1719
-------- -------- --- Thank You --- -------- --------


++++ PLEASE READ AND CITE THE FOLLOWING REFERENCE ++++
E. Lindahl and B. Hess and D. van der Spoel
GROMACS 3.0: A package for molecular simulation and trajectory analysis
J. Mol. Mod. 7 (2001) pp. 306-317
-------- -------- --- Thank You --- -------- --------


++++ PLEASE READ AND CITE THE FOLLOWING REFERENCE ++++
H. J. C. Berendsen, D. van der Spoel and R. van Drunen
GROMACS: A message-passing parallel molecular dynamics implementation
Comp. Phys. Comm. 91 (1995) pp. 43-56
-------- -------- --- Thank You --- -------- --------

Input Parameters:
   integrator                     = md
   tinit                          = 0
   dt                             = 0.002
   nsteps                         = 9000
   init-step                      = 0
   simulation-part                = 1
   mts                            = false
   comm-mode                      = Linear
   nstcomm                        = 100
   bd-fric                        = 0
   ld-seed                        = 1993
   emtol                          = 10
   emstep                         = 0.01
   niter                          = 20
   fcstep                         = 0
   nstcgsteep                     = 1000
   nbfgscorr                      = 10
   rtpi                           = 0.05
   nstxout                        = 50000
   nstvout                        = 50000
   nstfout                        = 50000
   nstlog                         = 500
   nstcalcenergy                  = 100
   nstenergy                      = 500
   nstxout-compressed             = 500
   compressed-x-precision         = 1000
   cutoff-scheme                  = Verlet
   nstlist                        = 20
   pbc                            = xyz
   periodic-molecules             = false
   verlet-buffer-tolerance        = -1
   rlist                          = 1.1
   coulombtype                    = Cut-off
   coulomb-modifier               = Potential-shift
   rcoulomb-switch                = 0.9
   rcoulomb                       = 1
   epsilon-r                      = 1
   epsilon-rf                     = 1
   vdw-type                       = Cut-off
   vdw-modifier                   = Potential-shift
   rvdw-switch                    = 0.9
   rvdw                           = 1
   DispCorr                       = EnerPres
   table-extension                = 1
   fourierspacing                 = 0.12
   fourier-nx                     = 0
   fourier-ny                     = 0
   fourier-nz                     = 0
   pme-order                      = 4
   ewald-rtol                     = 1e-05
   ewald-rtol-lj                  = 0.001
   lj-pme-comb-rule               = Geometric
   ewald-geometry                 = 3d
   epsilon-surface                = 0
   ensemble-temperature-setting   = constant
   ensemble-temperature           = 300
   tcoupl                         = V-rescale
   nsttcouple                     = 10
   nh-chain-length                = 0
   print-nose-hoover-chain-variables = false
   pcoupl                         = No
   pcoupltype                     = Isotropic
   nstpcouple                     = -1
   tau-p                          = 5
   compressibility (3x3):
      compressibility[    0]={ 0.00000e+00,  0.00000e+00,  0.00000e+00}
      compressibility[    1]={ 0.00000e+00,  0.00000e+00,  0.00000e+00}
      compressibility[    2]={ 0.00000e+00,  0.00000e+00,  0.00000e+00}
   ref-p (3x3):
      ref-p[    0]={ 0.00000e+00,  0.00000e+00,  0.00000e+00}
      ref-p[    1]={ 0.00000e+00,  0.00000e+00,  0.00000e+00}
      ref-p[    2]={ 0.00000e+00,  0.00000e+00,  0.00000e+00}
   refcoord-scaling               = COM
   posres-com (3):
      posres-com[0]= 0.00000e+00
      posres-com[1]= 0.00000e+00
      posres-com[2]= 0.00000e+00
   posres-comB (3):
      posres-comB[0]= 0.00000e+00
      posres-comB[1]= 0.00000e+00
      posres-comB[2]= 0.00000e+00
   QMMM                           = false
qm-opts:
   ngQM                           = 0
   constraint-algorithm           = Lincs
   continuation                   = false
   Shake-SOR                      = false
   shake-tol                      = 0.0001
   lincs-order                    = 4
   lincs-iter                     = 1
   lincs-warnangle                = 30
   nwall                          = 0
   wall-type                      = 9-3
   wall-r-linpot                  = -1
   wall-atomtype[0]               = -1
   wall-atomtype[1]               = -1
   wall-density[0]                = 0
   wall-density[1]                = 0
   wall-ewald-zfac                = 3
   pull                           = false
   awh                            = false
   rotation                       = false
   interactiveMD                  = false
   disre                          = No
   disre-weighting                = Conservative
   disre-mixed                    = false
   dr-fc                          = 1000
   dr-tau                         = 0
   nstdisreout                    = 100
   orire-fc                       = 0
   orire-tau                      = 0
   nstorireout                    = 100
   free-energy                    = no
   cos-acceleration               = 0
   deform (3x3):
      deform[    0]={ 0.00000e+00,  0.00000e+00,  0.00000e+00}
      deform[    1]={ 0.00000e+00,  0.00000e+00,  0.00000e+00}
      deform[    2]={ 0.00000e+00,  0.00000e+00,  0.00000e+00}
   simulated-tempering            = false
   swapcoords                     = no
   userint1                       = 0
   userint2                       = 0
   userint3                       = 0
   userint4                       = 0
   userreal1                      = 0
   userreal2                      = 0
   userreal3                      = 0
   userreal4                      = 0
   applied-forces:
     electric-field:
       x:
         E0                       = 0
         omega                    = 0
         t0                       = 0
         sigma                    = 0
       y:
         E0                       = 0
         omega                    = 0
         t0                       = 0
         sigma                    = 0
       z:
         E0                       = 0
         omega                    = 0
         t0                       = 0
         sigma                    = 0
     density-guided-simulation:
       active                     = false
       group                      = protein
       similarity-measure         = inner-product
       atom-spreading-weight      = unity
       force-constant             = 1e+09
       gaussian-transform-spreading-width = 0.2
       gaussian-transform-spreading-range-in-multiples-of-width = 4
       reference-density-filename = reference.mrc
       nst                        = 1
       normalize-densities        = true
       adaptive-force-scaling     = false
       adaptive-force-scaling-time-constant = 4
       shift-vector               = 
       transformation-matrix      = 
     qmmm-cp2k:
       active                     = false
       qmgroup                    = System
       qmmethod                   = PBE
       qmfilenames                = 
       qmcharge                   = 0
       qmmultiplicity             = 1
grpopts:
   nrdf:       11764
   ref-t:         300
   tau-t:         0.1
annealing:          No
annealing-npoints:           0
   acc:	           0           0           0
   nfreeze:           N           N           N
   energygrp-flags[  0]: 0

Can not increase nstlist because verlet-buffer-tolerance is not set or used
When checking whether update groups are usable:
  Domain decomposition is not active, so there is no need for update groups

Update task can not run on the GPU, because the following condition(s) were not satisfied:

Either PME or short-ranged non-bonded interaction tasks must run on the GPU.
Compatible GPUs must have been found.
Only CUDA and SYCL builds are supported.
The number of coupled constraints is higher than supported in the GPU LINCS code.
Chosen GPU implementation does not support constraints.

Using 1 MPI thread
Using 8 OpenMP threads 

System total charge: 8.000
Potential shift: LJ r^-12: -1.000e+00 r^-6: -1.000e+00, Coulomb -1e+00
Generated table with 1050 data points for 1-4 COUL.
Tabscale = 500 points/nm
Generated table with 1050 data points for 1-4 LJ6.
Tabscale = 500 points/nm
Generated table with 1050 data points for 1-4 LJ12.
Tabscale = 500 points/nm
Long Range LJ corr.: <C6> 8.7960e-04


Using SIMD 4x4 nonbonded short-range kernels

Using a 4x4 pair-list setup:
  updated every 20 steps, buffer 0.100 nm, rlist 1.100 nm

Using Lorentz-Berthelot Lennard-Jones combination rule
Removing pbc first time

Initializing LINear Constraint Solver

++++ PLEASE READ AND CITE THE FOLLOWING REFERENCE ++++
B. Hess and H. Bekker and H. J. C. Berendsen and J. G. E. M. Fraaije
LINCS: A Linear Constraint Solver for molecular simulations
J. Comp. Chem. 18 (1997) pp. 1463-1472
-------- -------- --- Thank You --- -------- --------

The number of constraints is 2390

++++ PLEASE READ AND CITE THE FOLLOWING REFERENCE ++++
G. Bussi, D. Donadio and M. Parrinello
Canonical sampling through velocity rescaling
J. Chem. Phys. 126 (2007) pp. 014101
-------- -------- --- Thank You --- -------- --------

There are: 4719 Atoms

Constraining the starting coordinates (step 0)

Constraining the coordinates at t0-dt (step 0)
Center of mass motion removal mode is Linear
We have the following groups for center of mass motion removal:
  0:  System
RMS relative constraint deviation after constraining: 4.99e-06
Initial temperature: 296.912 K

Started mdrun on rank 0 Mon May  8 20:09:52 2023

           Step           Time
              0        0.00000

   Energies (kJ/mol)
           Bond          Angle    Proper Dih. Per. Imp. Dih.          LJ-14
    3.73100e+03    9.97659e+03    1.32362e+04    5.77792e+02    4.85427e+03
     Coulomb-14        LJ (SR)  Disper. corr.   Coulomb (SR)      Potential
    4.89363e+04   -8.80937e+03   -9.97868e+00   -8.95956e+04   -1.71028e+04
    Kinetic En.   Total Energy  Conserved En.    Temperature Pres. DC (bar)
    1.46578e+04   -2.44502e+03   -2.44502e+03    2.99716e+02   -2.94067e-02
 Pressure (bar)   Constr. rmsd
    1.52956e+00    4.88394e-06

           Step           Time
            500        1.00000

   Energies (kJ/mol)
           Bond          Angle    Proper Dih. Per. Imp. Dih.          LJ-14
    3.67609e+03    9.70037e+03    1.32309e+04    6.83541e+02    4.88506e+03
     Coulomb-14        LJ (SR)  Disper. corr.   Coulomb (SR)      Potential
    4.93732e+04   -8.71631e+03   -9.97868e+00   -8.98173e+04   -1.69945e+04
    Kinetic En.   Total Energy  Conserved En.    Temperature Pres. DC (bar)
    1.46257e+04   -2.36878e+03   -2.41180e+03    2.99059e+02   -2.94067e-02
 Pressure (bar)   Constr. rmsd
    5.24071e+00    5.20090e-06

           Step           Time
           1000        2.00000

   Energies (kJ/mol)
           Bond          Angle    Proper Dih. Per. Imp. Dih.          LJ-14
    3.64630e+03    1.01225e+04    1.31824e+04    5.81037e+02    4.86851e+03
     Coulomb-14        LJ (SR)  Disper. corr.   Coulomb (SR)      Potential
    4.90852e+04   -8.74151e+03   -9.97868e+00   -8.97282e+04   -1.69938e+04
    Kinetic En.   Total Energy  Conserved En.    Temperature Pres. DC (bar)
    1.48153e+04   -2.17850e+03   -2.39101e+03    3.02936e+02   -2.94067e-02
 Pressure (bar)   Constr. rmsd
    1.54642e+00    5.02935e-06

           Step           Time
           1500        3.00000

   Energies (kJ/mol)
           Bond          Angle    Proper Dih. Per. Imp. Dih.          LJ-14
    3.68078e+03    9.60448e+03    1.31399e+04    6.44137e+02    4.93831e+03
     Coulomb-14        LJ (SR)  Disper. corr.   Coulomb (SR)      Potential
    4.92446e+04   -8.76229e+03   -9.97868e+00   -8.97586e+04   -1.72787e+04
    Kinetic En.   Total Energy  Conserved En.    Temperature Pres. DC (bar)
    1.49330e+04   -2.34563e+03   -2.35792e+03    3.05344e+02   -2.94067e-02
 Pressure (bar)   Constr. rmsd
    5.64828e+00    4.72851e-06

           Step           Time
           2000        4.00000

   Energies (kJ/mol)
           Bond          Angle    Proper Dih. Per. Imp. Dih.          LJ-14
    3.74247e+03    9.93940e+03    1.31013e+04    6.50104e+02    4.78944e+03
     Coulomb-14        LJ (SR)  Disper. corr.   Coulomb (SR)      Potential
    4.89985e+04   -8.71496e+03   -9.97868e+00   -8.94852e+04   -1.69889e+04
    Kinetic En.   Total Energy  Conserved En.    Temperature Pres. DC (bar)
    1.47125e+04   -2.27637e+03   -2.32694e+03    3.00834e+02   -2.94067e-02
 Pressure (bar)   Constr. rmsd
   -7.02613e+00    4.73287e-06

           Step           Time
           2500        5.00000

   Energies (kJ/mol)
           Bond          Angle    Proper Dih. Per. Imp. Dih.          LJ-14
    3.58994e+03    1.01003e+04    1.32519e+04    6.19502e+02    4.92155e+03
     Coulomb-14        LJ (SR)  Disper. corr.   Coulomb (SR)      Potential
    4.91840e+04   -8.66131e+03   -9.97868e+00   -8.97712e+04   -1.67752e+04
    Kinetic En.   Total Energy  Conserved En.    Temperature Pres. DC (bar)
    1.47550e+04   -2.02026e+03   -2.27039e+03    3.01703e+02   -2.94067e-02
 Pressure (bar)   Constr. rmsd
    9.06864e+00    5.00494e-06

           Step           Time
           3000        6.00000

   Energies (kJ/mol)
           Bond          Angle    Proper Dih. Per. Imp. Dih.          LJ-14
    3.49694e+03    9.55110e+03    1.33915e+04    6.35309e+02    4.99324e+03
     Coulomb-14        LJ (SR)  Disper. corr.   Coulomb (SR)      Potential
    4.93137e+04   -8.64152e+03   -9.97868e+00   -9.00262e+04   -1.72959e+04
    Kinetic En.   Total Energy  Conserved En.    Temperature Pres. DC (bar)
    1.50323e+04   -2.26365e+03   -2.25844e+03    3.07372e+02   -2.94067e-02
 Pressure (bar)   Constr. rmsd
    4.95098e+00    5.03197e-06

           Step           Time
           3500        7.00000

   Energies (kJ/mol)
           Bond          Angle    Proper Dih. Per. Imp. Dih.          LJ-14
    3.66733e+03    9.83357e+03    1.32032e+04    6.51012e+02    4.83578e+03
     Coulomb-14        LJ (SR)  Disper. corr.   Coulomb (SR)      Potential
    4.89856e+04   -8.70768e+03   -9.97868e+00   -8.93910e+04   -1.69321e+04
    Kinetic En.   Total Energy  Conserved En.    Temperature Pres. DC (bar)
    1.42936e+04   -2.63846e+03   -2.18279e+03    2.92270e+02   -2.94067e-02
 Pressure (bar)   Constr. rmsd
   -1.23038e+01    4.67960e-06

           Step           Time
           4000        8.00000

   Energies (kJ/mol)
           Bond          Angle    Proper Dih. Per. Imp. Dih.          LJ-14
    3.62080e+03    1.00102e+04    1.33913e+04    6.16302e+02    4.86261e+03
     Coulomb-14        LJ (SR)  Disper. corr.   Coulomb (SR)      Potential
    4.92275e+04   -8.83242e+03   -9.97868e+00   -8.97614e+04   -1.68751e+04
    Kinetic En.   Total Energy  Conserved En.    Temperature Pres. DC (bar)
    1.46448e+04   -2.23032e+03   -2.15997e+03    2.99450e+02   -2.94067e-02
 Pressure (bar)   Constr. rmsd
    3.23973e-02    4.96446e-06

           Step           Time
           4500        9.00000

   Energies (kJ/mol)
           Bond          Angle    Proper Dih. Per. Imp. Dih.          LJ-14
    3.65652e+03    9.70645e+03    1.31937e+04    6.06254e+02    4.94617e+03
     Coulomb-14        LJ (SR)  Disper. corr.   Coulomb (SR)      Potential
    4.93268e+04   -8.64353e+03   -9.97868e+00   -8.99379e+04   -1.71555e+04
    Kinetic En.   Total Energy  Conserved En.    Temperature Pres. DC (bar)
    1.43811e+04   -2.77435e+03   -2.13495e+03    2.94058e+02   -2.94067e-02
 Pressure (bar)   Constr. rmsd
    2.59153e+00    4.71610e-06

           Step           Time
           5000       10.00000

   Energies (kJ/mol)
           Bond          Angle    Proper Dih. Per. Imp. Dih.          LJ-14
    3.54558e+03    1.00189e+04    1.31496e+04    6.21039e+02    4.86474e+03
     Coulomb-14        LJ (SR)  Disper. corr.   Coulomb (SR)      Potential
    4.90729e+04   -8.77549e+03   -9.97868e+00   -8.98806e+04   -1.73933e+04
    Kinetic En.   Total Energy  Conserved En.    Temperature Pres. DC (bar)
    1.47542e+04   -2.63910e+03   -2.12590e+03    3.01687e+02   -2.94067e-02
 Pressure (bar)   Constr. rmsd
    1.10296e+01    4.92685e-06

           Step           Time
           5500       11.00000

   Energies (kJ/mol)
           Bond          Angle    Proper Dih. Per. Imp. Dih.          LJ-14
    3.59720e+03    9.89606e+03    1.31234e+04    6.22957e+02    4.87738e+03
     Coulomb-14        LJ (SR)  Disper. corr.   Coulomb (SR)      Potential
    4.93531e+04   -8.77892e+03   -9.97868e+00   -9.00007e+04   -1.73195e+04
    Kinetic En.   Total Energy  Conserved En.    Temperature Pres. DC (bar)
    1.45291e+04   -2.79037e+03   -2.04707e+03    2.97085e+02   -2.94067e-02
 Pressure (bar)   Constr. rmsd
    6.64303e+00    4.94308e-06

           Step           Time
           6000       12.00000

   Energies (kJ/mol)
           Bond          Angle    Proper Dih. Per. Imp. Dih.          LJ-14
    3.59684e+03    9.82784e+03    1.32586e+04    5.91974e+02    4.94453e+03
     Coulomb-14        LJ (SR)  Disper. corr.   Coulomb (SR)      Potential
    4.92577e+04   -8.66222e+03   -9.97868e+00   -9.01762e+04   -1.73709e+04
    Kinetic En.   Total Energy  Conserved En.    Temperature Pres. DC (bar)
    1.47448e+04   -2.62606e+03   -2.02398e+03    3.01495e+02   -2.94067e-02
 Pressure (bar)   Constr. rmsd
    4.82319e+00    4.74875e-06

           Step           Time
           6500       13.00000

   Energies (kJ/mol)
           Bond          Angle    Proper Dih. Per. Imp. Dih.          LJ-14
    3.70103e+03    9.79208e+03    1.31412e+04    6.84472e+02    4.84558e+03
     Coulomb-14        LJ (SR)  Disper. corr.   Coulomb (SR)      Potential
    4.91654e+04   -8.66488e+03   -9.97868e+00   -8.99932e+04   -1.73383e+04
    Kinetic En.   Total Energy  Conserved En.    Temperature Pres. DC (bar)
    1.47902e+04   -2.54818e+03   -2.01043e+03    3.02422e+02   -2.94067e-02
 Pressure (bar)   Constr. rmsd
    1.23139e+00    5.00694e-06

           Step           Time
           7000       14.00000

   Energies (kJ/mol)
           Bond          Angle    Proper Dih. Per. Imp. Dih.          LJ-14
    3.70471e+03    9.91226e+03    1.32245e+04    6.64975e+02    4.84150e+03
     Coulomb-14        LJ (SR)  Disper. corr.   Coulomb (SR)      Potential
    4.91156e+04   -8.95587e+03   -9.97868e+00   -8.97724e+04   -1.72747e+04
    Kinetic En.   Total Energy  Conserved En.    Temperature Pres. DC (bar)
    1.47886e+04   -2.48616e+03   -1.97469e+03    3.02390e+02   -2.94067e-02
 Pressure (bar)   Constr. rmsd
   -1.35914e+00    4.91169e-06

           Step           Time
           7500       15.00000

   Energies (kJ/mol)
           Bond          Angle    Proper Dih. Per. Imp. Dih.          LJ-14
    3.54997e+03    9.74275e+03    1.30860e+04    6.27040e+02    4.85090e+03
     Coulomb-14        LJ (SR)  Disper. corr.   Coulomb (SR)      Potential
    4.91210e+04   -8.66473e+03   -9.97868e+00   -8.99426e+04   -1.76396e+04
    Kinetic En.   Total Energy  Conserved En.    Temperature Pres. DC (bar)
    1.45506e+04   -3.08900e+03   -1.93853e+03    2.97525e+02   -2.94067e-02
 Pressure (bar)   Constr. rmsd
    8.66466e+00    4.74235e-06

           Step           Time
           8000       16.00000

   Energies (kJ/mol)
           Bond          Angle    Proper Dih. Per. Imp. Dih.          LJ-14
    3.55887e+03    9.55258e+03    1.32996e+04    6.35378e+02    4.95427e+03
     Coulomb-14        LJ (SR)  Disper. corr.   Coulomb (SR)      Potential
    4.94715e+04   -8.78738e+03   -9.97868e+00   -9.01141e+04   -1.74393e+04
    Kinetic En.   Total Energy  Conserved En.    Temperature Pres. DC (bar)
    1.44880e+04   -2.95131e+03   -1.90313e+03    2.96243e+02   -2.94067e-02
 Pressure (bar)   Constr. rmsd
    9.28227e+00    4.84487e-06

           Step           Time
           8500       17.00000

   Energies (kJ/mol)
           Bond          Angle    Proper Dih. Per. Imp. Dih.          LJ-14
    3.62939e+03    9.64405e+03    1.32344e+04    6.77052e+02    4.88902e+03
     Coulomb-14        LJ (SR)  Disper. corr.   Coulomb (SR)      Potential
    4.92631e+04   -8.63187e+03   -9.97868e+00   -9.02385e+04   -1.75433e+04
    Kinetic En.   Total Energy  Conserved En.    Temperature Pres. DC (bar)
    1.45240e+04   -3.01934e+03   -1.88017e+03    2.96980e+02   -2.94067e-02
 Pressure (bar)   Constr. rmsd
    7.48303e+00    4.68133e-06

           Step           Time
           9000       18.00000

Writing checkpoint, step 9000 at Mon May  8 20:11:04 2023


   Energies (kJ/mol)
           Bond          Angle    Proper Dih. Per. Imp. Dih.          LJ-14
    3.76298e+03    9.64599e+03    1.33646e+04    6.26495e+02    4.69997e+03
     Coulomb-14        LJ (SR)  Disper. corr.   Coulomb (SR)      Potential
    4.92181e+04   -8.71112e+03   -9.97868e+00   -9.00392e+04   -1.74421e+04
    Kinetic En.   Total Energy  Conserved En.    Temperature Pres. DC (bar)
    1.48064e+04   -2.63574e+03   -1.83917e+03    3.02754e+02   -2.94067e-02
 Pressure (bar)   Constr. rmsd
   -1.52557e+01    4.96227e-06


Energy conservation over simulation part #1 of length 18 ps, time 0 to 18 ps
  Conserved energy drift: 7.13e-03 kJ/mol/ps per atom


	<======  ###############  ==>
	<====  A V E R A G E S  ====>
	<==  ###############  ======>

	Statistics over 9001 steps using 91 frames

   Energies (kJ/mol)
           Bond          Angle    Proper Dih. Per. Imp. Dih.          LJ-14
    3.65201e+03    9.83046e+03    1.32294e+04    6.31762e+02    4.86477e+03
     Coulomb-14        LJ (SR)  Disper. corr.   Coulomb (SR)      Potential
    4.91884e+04   -8.72529e+03   -9.97868e+00   -8.98667e+04   -1.72052e+04
    Kinetic En.   Total Energy  Conserved En.    Temperature Pres. DC (bar)
    1.46813e+04   -2.52385e+03   -2.14082e+03    3.00197e+02   -2.94067e-02
 Pressure (bar)   Constr. rmsd
    9.66790e-01    0.00000e+00

   Total Virial (kJ/mol)
    4.51843e+03   -2.50348e+02   -3.95098e+01
   -2.50361e+02    4.76839e+03   -1.10179e+02
   -3.95118e+01   -1.10172e+02    4.80006e+03

   Pressure (bar)
    1.50462e+00    9.71996e-01    1.11715e-01
    9.72062e-01    7.97128e-01    3.98739e-01
    1.11725e-01    3.98705e-01    5.98625e-01


	M E G A - F L O P S   A C C O U N T I N G

 NB=Group-cutoff nonbonded kernels    NxN=N-by-N cluster Verlet kernels
 RF=Reaction-Field  VdW=Van der Waals  QSTab=quadratic-spline table
 W3=SPC/TIP3p  W4=TIP4p (single or pairs)
 V&F=Potential and force  V=Potential only  F=Force only

 Computing:                               M-Number         M-Flops  % Flops
-----------------------------------------------------------------------------
 Pair Search distance check             262.127016        2359.143     0.2
 NxN RF Elec. + LJ [F]                29998.324056     1139936.314    93.7
 NxN RF Elec. + LJ [V&F]                306.377728       16544.397     1.4
 NxN RF Electrostatics [F]               43.731288        1355.670     0.1
 NxN RF Electrostatics [V&F]              0.429840          15.474     0.0
 1,4 nonbonded interactions             111.630402       10046.736     0.8
 Shift-X                                  2.128269          12.770     0.0
 Bonds                                   21.494388        1268.169     0.1
 Angles                                  77.831647       13075.717     1.1
 Propers                                120.478385       27589.550     2.3
 Impropers                                8.613957        1791.703     0.1
 Virial                                   0.433524           7.803     0.0
 Stop-CM                                  0.434148           4.341     0.0
 Calc-Ekin                                8.503638         229.598     0.0
 Lincs                                   21.517170        1291.030     0.1
 Lincs-Mat                              119.379780         477.519     0.0
 Constraint-V                            43.029560         387.266     0.0
 Constraint-Vir                           0.217490           5.220     0.0
-----------------------------------------------------------------------------
 Total                                                 1216398.422   100.0
-----------------------------------------------------------------------------


      R E A L   C Y C L E   A N D   T I M E   A C C O U N T I N G

On 1 MPI rank, each using 8 OpenMP threads

 Activity:              Num   Num      Call    Wall time         Giga-Cycles
                        Ranks Threads  Count      (s)         total sum    %
--------------------------------------------------------------------------------
 Neighbor search           1    8        451       1.284         28.851   1.8
 Force                     1    8       9001      64.624       1451.708  89.7
 NB X/F buffer ops.        1    8      17551       2.788         62.631   3.9
 Write traj.               1    8         19       0.030          0.679   0.0
 Update                    1    8       9001       1.503         33.768   2.1
 Constraints               1    8       9003       1.381         31.028   1.9
 Rest                                              0.396          8.906   0.6
--------------------------------------------------------------------------------
 Total                                            72.008       1617.571 100.0
--------------------------------------------------------------------------------

               Core t (s)   Wall t (s)        (%)
       Time:      576.058       72.008      800.0
                 (ns/day)    (hour/ns)
Performance:       21.600        1.111
Finished mdrun on rank 0 Mon May  8 20:11:04 2023

