                :-) GROMACS - gmx grompp, 2022-plumed_2.8.1 (-:

Executable:   /opt/gromacs/2022.3/bin/gmx
Data prefix:  /opt/gromacs/2022.3
Working dir:  /home/marcello/Documenti/GitHub/RDD-SuMD
Command line:
  gmx grompp -c PDB/3RFM_LIG_NOWATER/05-md/md_nowat.gro -r PDB/3RFM_LIG_NOWATER/05-md/md_nowat.gro -p PDB/3RFM_LIG_NOWATER/topol/topol.top -f mdp_nowater/07-md.mdp -n PDB/3RFM_LIG_NOWATER/index.ndx -o PDB/3RFM_LIG_NOWATER/05-md/md.tpr -maxwarn 2


-------------------------------------------------------
Program:     gmx grompp, version 2022-plumed_2.8.1
Source file: src/gromacs/commandline/cmdlineparser.cpp (line 271)
Function:    void gmx::CommandLineParser::parse(int*, char**)

Error in user input:
Invalid command-line options
  In command-line option -f
    File 'mdp_nowater/07-md.mdp' does not exist or is not accessible.
    The file could not be opened.
      Reason: No such file or directory
      (call to fopen() returned error code 2)

For more information and tips for troubleshooting, please check the GROMACS
website at http://www.gromacs.org/Documentation/Errors
-------------------------------------------------------
